[0.596s] Invoking command in '/home/Gery/Marble_Balancing_Robotic_Arm/40_Simulation/MBR_ws/build/ur_description': CMAKE_PREFIX_PATH=${CMAKE_PREFIX_PATH}:/home/Gery/Marble_Balancing_Robotic_Arm/40_Simulation/MBR_ws/install/OldOne_description:/home/Gery/Marble_Balancing_Robotic_Arm/40_Simulation/MBR_ws/install/Marble_control:/opt/ros/humble /usr/bin/cmake /home/Gery/Marble_Balancing_Robotic_Arm/40_Simulation/MBR_ws/src/Universal_Robots_ROS2_Description -DAMENT_CMAKE_SYMLINK_INSTALL=1 -DCMAKE_INSTALL_PREFIX=/home/Gery/Marble_Balancing_Robotic_Arm/40_Simulation/MBR_ws/install/ur_description
[0.662s] -- The C compiler identification is GNU 11.4.0
[0.732s] -- The CXX compiler identification is GNU 11.4.0
[0.739s] -- Detecting C compiler ABI info
[0.828s] -- Detecting C compiler ABI info - done
[0.835s] -- Check for working C compiler: /usr/bin/cc - skipped
[0.836s] -- Detecting C compile features
[0.836s] -- Detecting C compile features - done
[0.840s] -- Detecting CXX compiler ABI info
[0.943s] -- Detecting CXX compiler ABI info - done
[0.951s] -- Check for working CXX compiler: /usr/bin/c++ - skipped
[0.951s] -- Detecting CXX compile features
[0.954s] -- Detecting CXX compile features - done
[0.954s] -- Found ament_cmake: 1.3.12 (/opt/ros/humble/share/ament_cmake/cmake)
[1.143s] -- Found Python3: /usr/bin/python3 (found version "3.10.12") found components: Interpreter 
[1.214s] -- Override CMake install command with custom implementation using symlinks instead of copying resources
[1.248s] -- Found ament_cmake_pytest: 1.3.12 (/opt/ros/humble/share/ament_cmake_pytest/cmake)
[2.195s] -- Configuring done
[2.198s] -- Generating done
[2.200s] -- Build files have been written to: /home/Gery/Marble_Balancing_Robotic_Arm/40_Simulation/MBR_ws/build/ur_description
[2.206s] Invoked command in '/home/Gery/Marble_Balancing_Robotic_Arm/40_Simulation/MBR_ws/build/ur_description' returned '0': CMAKE_PREFIX_PATH=${CMAKE_PREFIX_PATH}:/home/Gery/Marble_Balancing_Robotic_Arm/40_Simulation/MBR_ws/install/OldOne_description:/home/Gery/Marble_Balancing_Robotic_Arm/40_Simulation/MBR_ws/install/Marble_control:/opt/ros/humble /usr/bin/cmake /home/Gery/Marble_Balancing_Robotic_Arm/40_Simulation/MBR_ws/src/Universal_Robots_ROS2_Description -DAMENT_CMAKE_SYMLINK_INSTALL=1 -DCMAKE_INSTALL_PREFIX=/home/Gery/Marble_Balancing_Robotic_Arm/40_Simulation/MBR_ws/install/ur_description
[2.209s] Invoking command in '/home/Gery/Marble_Balancing_Robotic_Arm/40_Simulation/MBR_ws/build/ur_description': CMAKE_PREFIX_PATH=${CMAKE_PREFIX_PATH}:/home/Gery/Marble_Balancing_Robotic_Arm/40_Simulation/MBR_ws/install/OldOne_description:/home/Gery/Marble_Balancing_Robotic_Arm/40_Simulation/MBR_ws/install/Marble_control:/opt/ros/humble /usr/bin/cmake --build /home/Gery/Marble_Balancing_Robotic_Arm/40_Simulation/MBR_ws/build/ur_description -- -j6 -l6
[2.263s] Invoked command in '/home/Gery/Marble_Balancing_Robotic_Arm/40_Simulation/MBR_ws/build/ur_description' returned '0': CMAKE_PREFIX_PATH=${CMAKE_PREFIX_PATH}:/home/Gery/Marble_Balancing_Robotic_Arm/40_Simulation/MBR_ws/install/OldOne_description:/home/Gery/Marble_Balancing_Robotic_Arm/40_Simulation/MBR_ws/install/Marble_control:/opt/ros/humble /usr/bin/cmake --build /home/Gery/Marble_Balancing_Robotic_Arm/40_Simulation/MBR_ws/build/ur_description -- -j6 -l6
[2.277s] Invoking command in '/home/Gery/Marble_Balancing_Robotic_Arm/40_Simulation/MBR_ws/build/ur_description': CMAKE_PREFIX_PATH=${CMAKE_PREFIX_PATH}:/home/Gery/Marble_Balancing_Robotic_Arm/40_Simulation/MBR_ws/install/OldOne_description:/home/Gery/Marble_Balancing_Robotic_Arm/40_Simulation/MBR_ws/install/Marble_control:/opt/ros/humble /usr/bin/cmake --install /home/Gery/Marble_Balancing_Robotic_Arm/40_Simulation/MBR_ws/build/ur_description
[2.287s] -- Install configuration: ""
[2.288s] -- Execute custom install script
[2.289s] -- Symlinking: /home/Gery/Marble_Balancing_Robotic_Arm/40_Simulation/MBR_ws/install/ur_description/share/ur_description/config/initial_positions.yaml
[2.301s] -- Symlinking: /home/Gery/Marble_Balancing_Robotic_Arm/40_Simulation/MBR_ws/install/ur_description/share/ur_description/config/ur10/default_kinematics.yaml
[2.312s] -- Symlinking: /home/Gery/Marble_Balancing_Robotic_Arm/40_Simulation/MBR_ws/install/ur_description/share/ur_description/config/ur10/joint_limits.yaml
[2.323s] -- Symlinking: /home/Gery/Marble_Balancing_Robotic_Arm/40_Simulation/MBR_ws/install/ur_description/share/ur_description/config/ur10/physical_parameters.yaml
[2.335s] -- Symlinking: /home/Gery/Marble_Balancing_Robotic_Arm/40_Simulation/MBR_ws/install/ur_description/share/ur_description/config/ur10/visual_parameters.yaml
[2.348s] -- Symlinking: /home/Gery/Marble_Balancing_Robotic_Arm/40_Simulation/MBR_ws/install/ur_description/share/ur_description/config/ur10e/default_kinematics.yaml
[2.359s] -- Symlinking: /home/Gery/Marble_Balancing_Robotic_Arm/40_Simulation/MBR_ws/install/ur_description/share/ur_description/config/ur10e/joint_limits.yaml
[2.371s] -- Symlinking: /home/Gery/Marble_Balancing_Robotic_Arm/40_Simulation/MBR_ws/install/ur_description/share/ur_description/config/ur10e/physical_parameters.yaml
[2.382s] -- Symlinking: /home/Gery/Marble_Balancing_Robotic_Arm/40_Simulation/MBR_ws/install/ur_description/share/ur_description/config/ur10e/visual_parameters.yaml
[2.393s] -- Symlinking: /home/Gery/Marble_Balancing_Robotic_Arm/40_Simulation/MBR_ws/install/ur_description/share/ur_description/config/ur12e/default_kinematics.yaml
[2.403s] -- Symlinking: /home/Gery/Marble_Balancing_Robotic_Arm/40_Simulation/MBR_ws/install/ur_description/share/ur_description/config/ur12e/joint_limits.yaml
[2.413s] -- Symlinking: /home/Gery/Marble_Balancing_Robotic_Arm/40_Simulation/MBR_ws/install/ur_description/share/ur_description/config/ur12e/physical_parameters.yaml
[2.424s] -- Symlinking: /home/Gery/Marble_Balancing_Robotic_Arm/40_Simulation/MBR_ws/install/ur_description/share/ur_description/config/ur12e/visual_parameters.yaml
[2.436s] -- Symlinking: /home/Gery/Marble_Balancing_Robotic_Arm/40_Simulation/MBR_ws/install/ur_description/share/ur_description/config/ur15/default_kinematics.yaml
[2.447s] -- Symlinking: /home/Gery/Marble_Balancing_Robotic_Arm/40_Simulation/MBR_ws/install/ur_description/share/ur_description/config/ur15/joint_limits.yaml
[2.457s] -- Symlinking: /home/Gery/Marble_Balancing_Robotic_Arm/40_Simulation/MBR_ws/install/ur_description/share/ur_description/config/ur15/physical_parameters.yaml
[2.467s] -- Symlinking: /home/Gery/Marble_Balancing_Robotic_Arm/40_Simulation/MBR_ws/install/ur_description/share/ur_description/config/ur15/visual_parameters.yaml
[2.477s] -- Symlinking: /home/Gery/Marble_Balancing_Robotic_Arm/40_Simulation/MBR_ws/install/ur_description/share/ur_description/config/ur16e/default_kinematics.yaml
[2.491s] -- Symlinking: /home/Gery/Marble_Balancing_Robotic_Arm/40_Simulation/MBR_ws/install/ur_description/share/ur_description/config/ur16e/joint_limits.yaml
[2.506s] -- Symlinking: /home/Gery/Marble_Balancing_Robotic_Arm/40_Simulation/MBR_ws/install/ur_description/share/ur_description/config/ur16e/physical_parameters.yaml
[2.520s] -- Symlinking: /home/Gery/Marble_Balancing_Robotic_Arm/40_Simulation/MBR_ws/install/ur_description/share/ur_description/config/ur16e/visual_parameters.yaml
[2.538s] -- Symlinking: /home/Gery/Marble_Balancing_Robotic_Arm/40_Simulation/MBR_ws/install/ur_description/share/ur_description/config/ur18/default_kinematics.yaml
[2.553s] -- Symlinking: /home/Gery/Marble_Balancing_Robotic_Arm/40_Simulation/MBR_ws/install/ur_description/share/ur_description/config/ur18/joint_limits.yaml
[2.568s] -- Symlinking: /home/Gery/Marble_Balancing_Robotic_Arm/40_Simulation/MBR_ws/install/ur_description/share/ur_description/config/ur18/physical_parameters.yaml
[2.585s] -- Symlinking: /home/Gery/Marble_Balancing_Robotic_Arm/40_Simulation/MBR_ws/install/ur_description/share/ur_description/config/ur18/visual_parameters.yaml
[2.599s] -- Symlinking: /home/Gery/Marble_Balancing_Robotic_Arm/40_Simulation/MBR_ws/install/ur_description/share/ur_description/config/ur20/default_kinematics.yaml
[2.613s] -- Symlinking: /home/Gery/Marble_Balancing_Robotic_Arm/40_Simulation/MBR_ws/install/ur_description/share/ur_description/config/ur20/joint_limits.yaml
[2.625s] -- Symlinking: /home/Gery/Marble_Balancing_Robotic_Arm/40_Simulation/MBR_ws/install/ur_description/share/ur_description/config/ur20/physical_parameters.yaml
[2.638s] -- Symlinking: /home/Gery/Marble_Balancing_Robotic_Arm/40_Simulation/MBR_ws/install/ur_description/share/ur_description/config/ur20/visual_parameters.yaml
[2.650s] -- Symlinking: /home/Gery/Marble_Balancing_Robotic_Arm/40_Simulation/MBR_ws/install/ur_description/share/ur_description/config/ur3/default_kinematics.yaml
[2.662s] -- Symlinking: /home/Gery/Marble_Balancing_Robotic_Arm/40_Simulation/MBR_ws/install/ur_description/share/ur_description/config/ur3/joint_limits.yaml
[2.673s] -- Symlinking: /home/Gery/Marble_Balancing_Robotic_Arm/40_Simulation/MBR_ws/install/ur_description/share/ur_description/config/ur3/physical_parameters.yaml
[2.685s] -- Symlinking: /home/Gery/Marble_Balancing_Robotic_Arm/40_Simulation/MBR_ws/install/ur_description/share/ur_description/config/ur3/visual_parameters.yaml
[2.696s] -- Symlinking: /home/Gery/Marble_Balancing_Robotic_Arm/40_Simulation/MBR_ws/install/ur_description/share/ur_description/config/ur30/default_kinematics.yaml
[2.706s] -- Symlinking: /home/Gery/Marble_Balancing_Robotic_Arm/40_Simulation/MBR_ws/install/ur_description/share/ur_description/config/ur30/joint_limits.yaml
[2.715s] -- Symlinking: /home/Gery/Marble_Balancing_Robotic_Arm/40_Simulation/MBR_ws/install/ur_description/share/ur_description/config/ur30/physical_parameters.yaml
[2.726s] -- Symlinking: /home/Gery/Marble_Balancing_Robotic_Arm/40_Simulation/MBR_ws/install/ur_description/share/ur_description/config/ur30/visual_parameters.yaml
[2.738s] -- Symlinking: /home/Gery/Marble_Balancing_Robotic_Arm/40_Simulation/MBR_ws/install/ur_description/share/ur_description/config/ur3e/default_kinematics.yaml
[2.749s] -- Symlinking: /home/Gery/Marble_Balancing_Robotic_Arm/40_Simulation/MBR_ws/install/ur_description/share/ur_description/config/ur3e/joint_limits.yaml
[2.761s] -- Symlinking: /home/Gery/Marble_Balancing_Robotic_Arm/40_Simulation/MBR_ws/install/ur_description/share/ur_description/config/ur3e/physical_parameters.yaml
[2.773s] -- Symlinking: /home/Gery/Marble_Balancing_Robotic_Arm/40_Simulation/MBR_ws/install/ur_description/share/ur_description/config/ur3e/visual_parameters.yaml
[2.785s] -- Symlinking: /home/Gery/Marble_Balancing_Robotic_Arm/40_Simulation/MBR_ws/install/ur_description/share/ur_description/config/ur5/default_kinematics.yaml
[2.795s] -- Symlinking: /home/Gery/Marble_Balancing_Robotic_Arm/40_Simulation/MBR_ws/install/ur_description/share/ur_description/config/ur5/joint_limits.yaml
[2.806s] -- Symlinking: /home/Gery/Marble_Balancing_Robotic_Arm/40_Simulation/MBR_ws/install/ur_description/share/ur_description/config/ur5/physical_parameters.yaml
[2.816s] -- Symlinking: /home/Gery/Marble_Balancing_Robotic_Arm/40_Simulation/MBR_ws/install/ur_description/share/ur_description/config/ur5/visual_parameters.yaml
[2.827s] -- Symlinking: /home/Gery/Marble_Balancing_Robotic_Arm/40_Simulation/MBR_ws/install/ur_description/share/ur_description/config/ur5e/default_kinematics.yaml
[2.841s] -- Symlinking: /home/Gery/Marble_Balancing_Robotic_Arm/40_Simulation/MBR_ws/install/ur_description/share/ur_description/config/ur5e/joint_limits.yaml
[2.854s] -- Symlinking: /home/Gery/Marble_Balancing_Robotic_Arm/40_Simulation/MBR_ws/install/ur_description/share/ur_description/config/ur5e/physical_parameters.yaml
[2.867s] -- Symlinking: /home/Gery/Marble_Balancing_Robotic_Arm/40_Simulation/MBR_ws/install/ur_description/share/ur_description/config/ur5e/visual_parameters.yaml
[2.879s] -- Symlinking: /home/Gery/Marble_Balancing_Robotic_Arm/40_Simulation/MBR_ws/install/ur_description/share/ur_description/config/ur7e/default_kinematics.yaml
[2.892s] -- Symlinking: /home/Gery/Marble_Balancing_Robotic_Arm/40_Simulation/MBR_ws/install/ur_description/share/ur_description/config/ur7e/joint_limits.yaml
[2.904s] -- Symlinking: /home/Gery/Marble_Balancing_Robotic_Arm/40_Simulation/MBR_ws/install/ur_description/share/ur_description/config/ur7e/physical_parameters.yaml
[2.915s] -- Symlinking: /home/Gery/Marble_Balancing_Robotic_Arm/40_Simulation/MBR_ws/install/ur_description/share/ur_description/config/ur7e/visual_parameters.yaml
[2.928s] -- Symlinking: /home/Gery/Marble_Balancing_Robotic_Arm/40_Simulation/MBR_ws/install/ur_description/share/ur_description/config/ur8long/default_kinematics.yaml
[2.940s] -- Symlinking: /home/Gery/Marble_Balancing_Robotic_Arm/40_Simulation/MBR_ws/install/ur_description/share/ur_description/config/ur8long/joint_limits.yaml
[2.953s] -- Symlinking: /home/Gery/Marble_Balancing_Robotic_Arm/40_Simulation/MBR_ws/install/ur_description/share/ur_description/config/ur8long/physical_parameters.yaml
[2.965s] -- Symlinking: /home/Gery/Marble_Balancing_Robotic_Arm/40_Simulation/MBR_ws/install/ur_description/share/ur_description/config/ur8long/visual_parameters.yaml
[2.976s] -- Symlinking: /home/Gery/Marble_Balancing_Robotic_Arm/40_Simulation/MBR_ws/install/ur_description/share/ur_description/launch/view_ur.launch.py
[2.990s] -- Symlinking: /home/Gery/Marble_Balancing_Robotic_Arm/40_Simulation/MBR_ws/install/ur_description/share/ur_description/meshes/ur10/collision/base.stl
[3.001s] -- Symlinking: /home/Gery/Marble_Balancing_Robotic_Arm/40_Simulation/MBR_ws/install/ur_description/share/ur_description/meshes/ur10/collision/forearm.stl
[3.012s] -- Symlinking: /home/Gery/Marble_Balancing_Robotic_Arm/40_Simulation/MBR_ws/install/ur_description/share/ur_description/meshes/ur10/collision/shoulder.stl
[3.022s] -- Symlinking: /home/Gery/Marble_Balancing_Robotic_Arm/40_Simulation/MBR_ws/install/ur_description/share/ur_description/meshes/ur10/collision/upperarm.stl
[3.033s] -- Symlinking: /home/Gery/Marble_Balancing_Robotic_Arm/40_Simulation/MBR_ws/install/ur_description/share/ur_description/meshes/ur10/collision/wrist1.stl
[3.045s] -- Symlinking: /home/Gery/Marble_Balancing_Robotic_Arm/40_Simulation/MBR_ws/install/ur_description/share/ur_description/meshes/ur10/collision/wrist2.stl
[3.057s] -- Symlinking: /home/Gery/Marble_Balancing_Robotic_Arm/40_Simulation/MBR_ws/install/ur_description/share/ur_description/meshes/ur10/collision/wrist3.stl
[3.068s] -- Symlinking: /home/Gery/Marble_Balancing_Robotic_Arm/40_Simulation/MBR_ws/install/ur_description/share/ur_description/meshes/ur10/visual/base.dae
[3.080s] -- Symlinking: /home/Gery/Marble_Balancing_Robotic_Arm/40_Simulation/MBR_ws/install/ur_description/share/ur_description/meshes/ur10/visual/forearm.dae
[3.092s] -- Symlinking: /home/Gery/Marble_Balancing_Robotic_Arm/40_Simulation/MBR_ws/install/ur_description/share/ur_description/meshes/ur10/visual/shoulder.dae
[3.103s] -- Symlinking: /home/Gery/Marble_Balancing_Robotic_Arm/40_Simulation/MBR_ws/install/ur_description/share/ur_description/meshes/ur10/visual/upperarm.dae
[3.115s] -- Symlinking: /home/Gery/Marble_Balancing_Robotic_Arm/40_Simulation/MBR_ws/install/ur_description/share/ur_description/meshes/ur10/visual/wrist1.dae
[3.126s] -- Symlinking: /home/Gery/Marble_Balancing_Robotic_Arm/40_Simulation/MBR_ws/install/ur_description/share/ur_description/meshes/ur10/visual/wrist2.dae
[3.139s] -- Symlinking: /home/Gery/Marble_Balancing_Robotic_Arm/40_Simulation/MBR_ws/install/ur_description/share/ur_description/meshes/ur10/visual/wrist3.dae
[3.151s] -- Symlinking: /home/Gery/Marble_Balancing_Robotic_Arm/40_Simulation/MBR_ws/install/ur_description/share/ur_description/meshes/ur10e/collision/base.stl
[3.163s] -- Symlinking: /home/Gery/Marble_Balancing_Robotic_Arm/40_Simulation/MBR_ws/install/ur_description/share/ur_description/meshes/ur10e/collision/forearm.stl
[3.175s] -- Symlinking: /home/Gery/Marble_Balancing_Robotic_Arm/40_Simulation/MBR_ws/install/ur_description/share/ur_description/meshes/ur10e/collision/shoulder.stl
[3.186s] -- Symlinking: /home/Gery/Marble_Balancing_Robotic_Arm/40_Simulation/MBR_ws/install/ur_description/share/ur_description/meshes/ur10e/collision/upperarm.stl
[3.198s] -- Symlinking: /home/Gery/Marble_Balancing_Robotic_Arm/40_Simulation/MBR_ws/install/ur_description/share/ur_description/meshes/ur10e/collision/wrist1.stl
[3.210s] -- Symlinking: /home/Gery/Marble_Balancing_Robotic_Arm/40_Simulation/MBR_ws/install/ur_description/share/ur_description/meshes/ur10e/collision/wrist2.stl
[3.222s] -- Symlinking: /home/Gery/Marble_Balancing_Robotic_Arm/40_Simulation/MBR_ws/install/ur_description/share/ur_description/meshes/ur10e/collision/wrist3.stl
[3.234s] -- Symlinking: /home/Gery/Marble_Balancing_Robotic_Arm/40_Simulation/MBR_ws/install/ur_description/share/ur_description/meshes/ur10e/visual/base.dae
[3.246s] -- Symlinking: /home/Gery/Marble_Balancing_Robotic_Arm/40_Simulation/MBR_ws/install/ur_description/share/ur_description/meshes/ur10e/visual/forearm.dae
[3.258s] -- Symlinking: /home/Gery/Marble_Balancing_Robotic_Arm/40_Simulation/MBR_ws/install/ur_description/share/ur_description/meshes/ur10e/visual/shoulder.dae
[3.271s] -- Symlinking: /home/Gery/Marble_Balancing_Robotic_Arm/40_Simulation/MBR_ws/install/ur_description/share/ur_description/meshes/ur10e/visual/upperarm.dae
[3.284s] -- Symlinking: /home/Gery/Marble_Balancing_Robotic_Arm/40_Simulation/MBR_ws/install/ur_description/share/ur_description/meshes/ur10e/visual/wrist1.dae
[3.295s] -- Symlinking: /home/Gery/Marble_Balancing_Robotic_Arm/40_Simulation/MBR_ws/install/ur_description/share/ur_description/meshes/ur10e/visual/wrist2.dae
[3.307s] -- Symlinking: /home/Gery/Marble_Balancing_Robotic_Arm/40_Simulation/MBR_ws/install/ur_description/share/ur_description/meshes/ur10e/visual/wrist3.dae
[3.319s] -- Symlinking: /home/Gery/Marble_Balancing_Robotic_Arm/40_Simulation/MBR_ws/install/ur_description/share/ur_description/meshes/ur15/LICENSE.txt
[3.330s] -- Symlinking: /home/Gery/Marble_Balancing_Robotic_Arm/40_Simulation/MBR_ws/install/ur_description/share/ur_description/meshes/ur15/collision/base.stl
[3.343s] -- Symlinking: /home/Gery/Marble_Balancing_Robotic_Arm/40_Simulation/MBR_ws/install/ur_description/share/ur_description/meshes/ur15/collision/forearm.stl
[3.355s] -- Symlinking: /home/Gery/Marble_Balancing_Robotic_Arm/40_Simulation/MBR_ws/install/ur_description/share/ur_description/meshes/ur15/collision/shoulder.stl
[3.366s] -- Symlinking: /home/Gery/Marble_Balancing_Robotic_Arm/40_Simulation/MBR_ws/install/ur_description/share/ur_description/meshes/ur15/collision/upperarm.stl
[3.378s] -- Symlinking: /home/Gery/Marble_Balancing_Robotic_Arm/40_Simulation/MBR_ws/install/ur_description/share/ur_description/meshes/ur15/collision/wrist1.stl
[3.389s] -- Symlinking: /home/Gery/Marble_Balancing_Robotic_Arm/40_Simulation/MBR_ws/install/ur_description/share/ur_description/meshes/ur15/collision/wrist2.stl
[3.400s] -- Symlinking: /home/Gery/Marble_Balancing_Robotic_Arm/40_Simulation/MBR_ws/install/ur_description/share/ur_description/meshes/ur15/collision/wrist3.stl
[3.410s] -- Symlinking: /home/Gery/Marble_Balancing_Robotic_Arm/40_Simulation/MBR_ws/install/ur_description/share/ur_description/meshes/ur15/visual/UR15_DIFF_8bit_2K.jpg
[3.420s] -- Symlinking: /home/Gery/Marble_Balancing_Robotic_Arm/40_Simulation/MBR_ws/install/ur_description/share/ur_description/meshes/ur15/visual/base.dae
[3.432s] -- Symlinking: /home/Gery/Marble_Balancing_Robotic_Arm/40_Simulation/MBR_ws/install/ur_description/share/ur_description/meshes/ur15/visual/forearm.dae
[3.445s] -- Symlinking: /home/Gery/Marble_Balancing_Robotic_Arm/40_Simulation/MBR_ws/install/ur_description/share/ur_description/meshes/ur15/visual/shoulder.dae
[3.456s] -- Symlinking: /home/Gery/Marble_Balancing_Robotic_Arm/40_Simulation/MBR_ws/install/ur_description/share/ur_description/meshes/ur15/visual/upperarm.dae
[3.468s] -- Symlinking: /home/Gery/Marble_Balancing_Robotic_Arm/40_Simulation/MBR_ws/install/ur_description/share/ur_description/meshes/ur15/visual/wrist1.dae
[3.479s] -- Symlinking: /home/Gery/Marble_Balancing_Robotic_Arm/40_Simulation/MBR_ws/install/ur_description/share/ur_description/meshes/ur15/visual/wrist2.dae
[3.490s] -- Symlinking: /home/Gery/Marble_Balancing_Robotic_Arm/40_Simulation/MBR_ws/install/ur_description/share/ur_description/meshes/ur15/visual/wrist3.dae
[3.501s] -- Symlinking: /home/Gery/Marble_Balancing_Robotic_Arm/40_Simulation/MBR_ws/install/ur_description/share/ur_description/meshes/ur16e/collision/forearm.stl
[3.511s] -- Symlinking: /home/Gery/Marble_Balancing_Robotic_Arm/40_Simulation/MBR_ws/install/ur_description/share/ur_description/meshes/ur16e/collision/upperarm.stl
[3.522s] -- Symlinking: /home/Gery/Marble_Balancing_Robotic_Arm/40_Simulation/MBR_ws/install/ur_description/share/ur_description/meshes/ur16e/visual/forearm.dae
[3.534s] -- Symlinking: /home/Gery/Marble_Balancing_Robotic_Arm/40_Simulation/MBR_ws/install/ur_description/share/ur_description/meshes/ur16e/visual/upperarm.dae
[3.546s] -- Symlinking: /home/Gery/Marble_Balancing_Robotic_Arm/40_Simulation/MBR_ws/install/ur_description/share/ur_description/meshes/ur18/LICENSE.txt
[3.557s] -- Symlinking: /home/Gery/Marble_Balancing_Robotic_Arm/40_Simulation/MBR_ws/install/ur_description/share/ur_description/meshes/ur18/collision/forearm.stl
[3.569s] -- Symlinking: /home/Gery/Marble_Balancing_Robotic_Arm/40_Simulation/MBR_ws/install/ur_description/share/ur_description/meshes/ur18/collision/upperarm.stl
[3.581s] -- Symlinking: /home/Gery/Marble_Balancing_Robotic_Arm/40_Simulation/MBR_ws/install/ur_description/share/ur_description/meshes/ur18/visual/UR18_DIFF_8bit_2K.jpg
[3.592s] -- Symlinking: /home/Gery/Marble_Balancing_Robotic_Arm/40_Simulation/MBR_ws/install/ur_description/share/ur_description/meshes/ur18/visual/forearm.dae
[3.602s] -- Symlinking: /home/Gery/Marble_Balancing_Robotic_Arm/40_Simulation/MBR_ws/install/ur_description/share/ur_description/meshes/ur18/visual/upperarm.dae
[3.612s] -- Symlinking: /home/Gery/Marble_Balancing_Robotic_Arm/40_Simulation/MBR_ws/install/ur_description/share/ur_description/meshes/ur20/LICENSE.txt
[3.622s] -- Symlinking: /home/Gery/Marble_Balancing_Robotic_Arm/40_Simulation/MBR_ws/install/ur_description/share/ur_description/meshes/ur20/collision/base.stl
[3.634s] -- Symlinking: /home/Gery/Marble_Balancing_Robotic_Arm/40_Simulation/MBR_ws/install/ur_description/share/ur_description/meshes/ur20/collision/forearm.stl
[3.646s] -- Symlinking: /home/Gery/Marble_Balancing_Robotic_Arm/40_Simulation/MBR_ws/install/ur_description/share/ur_description/meshes/ur20/collision/shoulder.stl
[3.658s] -- Symlinking: /home/Gery/Marble_Balancing_Robotic_Arm/40_Simulation/MBR_ws/install/ur_description/share/ur_description/meshes/ur20/collision/upperarm.stl
[3.669s] -- Symlinking: /home/Gery/Marble_Balancing_Robotic_Arm/40_Simulation/MBR_ws/install/ur_description/share/ur_description/meshes/ur20/collision/wrist1.stl
[3.679s] -- Symlinking: /home/Gery/Marble_Balancing_Robotic_Arm/40_Simulation/MBR_ws/install/ur_description/share/ur_description/meshes/ur20/collision/wrist2.stl
[3.690s] -- Symlinking: /home/Gery/Marble_Balancing_Robotic_Arm/40_Simulation/MBR_ws/install/ur_description/share/ur_description/meshes/ur20/collision/wrist3.stl
[3.700s] -- Symlinking: /home/Gery/Marble_Balancing_Robotic_Arm/40_Simulation/MBR_ws/install/ur_description/share/ur_description/meshes/ur20/visual/UR20_DIFF_8bit_2K.png
[3.710s] -- Symlinking: /home/Gery/Marble_Balancing_Robotic_Arm/40_Simulation/MBR_ws/install/ur_description/share/ur_description/meshes/ur20/visual/base.dae
[3.721s] -- Symlinking: /home/Gery/Marble_Balancing_Robotic_Arm/40_Simulation/MBR_ws/install/ur_description/share/ur_description/meshes/ur20/visual/forearm.dae
[3.732s] -- Symlinking: /home/Gery/Marble_Balancing_Robotic_Arm/40_Simulation/MBR_ws/install/ur_description/share/ur_description/meshes/ur20/visual/shoulder.dae
[3.743s] -- Symlinking: /home/Gery/Marble_Balancing_Robotic_Arm/40_Simulation/MBR_ws/install/ur_description/share/ur_description/meshes/ur20/visual/upperarm.dae
[3.754s] -- Symlinking: /home/Gery/Marble_Balancing_Robotic_Arm/40_Simulation/MBR_ws/install/ur_description/share/ur_description/meshes/ur20/visual/wrist1.dae
[3.766s] -- Symlinking: /home/Gery/Marble_Balancing_Robotic_Arm/40_Simulation/MBR_ws/install/ur_description/share/ur_description/meshes/ur20/visual/wrist2.dae
[3.776s] -- Symlinking: /home/Gery/Marble_Balancing_Robotic_Arm/40_Simulation/MBR_ws/install/ur_description/share/ur_description/meshes/ur20/visual/wrist3.dae
[3.787s] -- Symlinking: /home/Gery/Marble_Balancing_Robotic_Arm/40_Simulation/MBR_ws/install/ur_description/share/ur_description/meshes/ur3/collision/base.stl
[3.798s] -- Symlinking: /home/Gery/Marble_Balancing_Robotic_Arm/40_Simulation/MBR_ws/install/ur_description/share/ur_description/meshes/ur3/collision/forearm.stl
[3.808s] -- Symlinking: /home/Gery/Marble_Balancing_Robotic_Arm/40_Simulation/MBR_ws/install/ur_description/share/ur_description/meshes/ur3/collision/shoulder.stl
[3.818s] -- Symlinking: /home/Gery/Marble_Balancing_Robotic_Arm/40_Simulation/MBR_ws/install/ur_description/share/ur_description/meshes/ur3/collision/upperarm.stl
[3.828s] -- Symlinking: /home/Gery/Marble_Balancing_Robotic_Arm/40_Simulation/MBR_ws/install/ur_description/share/ur_description/meshes/ur3/collision/wrist1.stl
[3.840s] -- Symlinking: /home/Gery/Marble_Balancing_Robotic_Arm/40_Simulation/MBR_ws/install/ur_description/share/ur_description/meshes/ur3/collision/wrist2.stl
[3.850s] -- Symlinking: /home/Gery/Marble_Balancing_Robotic_Arm/40_Simulation/MBR_ws/install/ur_description/share/ur_description/meshes/ur3/collision/wrist3.stl
[3.861s] -- Symlinking: /home/Gery/Marble_Balancing_Robotic_Arm/40_Simulation/MBR_ws/install/ur_description/share/ur_description/meshes/ur3/visual/base.dae
[3.871s] -- Symlinking: /home/Gery/Marble_Balancing_Robotic_Arm/40_Simulation/MBR_ws/install/ur_description/share/ur_description/meshes/ur3/visual/forearm.dae
[3.881s] -- Symlinking: /home/Gery/Marble_Balancing_Robotic_Arm/40_Simulation/MBR_ws/install/ur_description/share/ur_description/meshes/ur3/visual/shoulder.dae
[3.892s] -- Symlinking: /home/Gery/Marble_Balancing_Robotic_Arm/40_Simulation/MBR_ws/install/ur_description/share/ur_description/meshes/ur3/visual/upperarm.dae
[3.901s] -- Symlinking: /home/Gery/Marble_Balancing_Robotic_Arm/40_Simulation/MBR_ws/install/ur_description/share/ur_description/meshes/ur3/visual/wrist1.dae
[3.912s] -- Symlinking: /home/Gery/Marble_Balancing_Robotic_Arm/40_Simulation/MBR_ws/install/ur_description/share/ur_description/meshes/ur3/visual/wrist2.dae
[3.922s] -- Symlinking: /home/Gery/Marble_Balancing_Robotic_Arm/40_Simulation/MBR_ws/install/ur_description/share/ur_description/meshes/ur3/visual/wrist3.dae
[3.933s] -- Symlinking: /home/Gery/Marble_Balancing_Robotic_Arm/40_Simulation/MBR_ws/install/ur_description/share/ur_description/meshes/ur30/LICENSE.txt
[3.944s] -- Symlinking: /home/Gery/Marble_Balancing_Robotic_Arm/40_Simulation/MBR_ws/install/ur_description/share/ur_description/meshes/ur30/collision/forearm.stl
[3.954s] -- Symlinking: /home/Gery/Marble_Balancing_Robotic_Arm/40_Simulation/MBR_ws/install/ur_description/share/ur_description/meshes/ur30/collision/upperarm.stl
[3.965s] -- Symlinking: /home/Gery/Marble_Balancing_Robotic_Arm/40_Simulation/MBR_ws/install/ur_description/share/ur_description/meshes/ur30/visual/UR30_DIFF_8bit_2K.png
[3.975s] -- Symlinking: /home/Gery/Marble_Balancing_Robotic_Arm/40_Simulation/MBR_ws/install/ur_description/share/ur_description/meshes/ur30/visual/forearm.dae
[3.985s] -- Symlinking: /home/Gery/Marble_Balancing_Robotic_Arm/40_Simulation/MBR_ws/install/ur_description/share/ur_description/meshes/ur30/visual/upperarm.dae
[3.995s] -- Symlinking: /home/Gery/Marble_Balancing_Robotic_Arm/40_Simulation/MBR_ws/install/ur_description/share/ur_description/meshes/ur3e/collision/base.stl
[4.005s] -- Symlinking: /home/Gery/Marble_Balancing_Robotic_Arm/40_Simulation/MBR_ws/install/ur_description/share/ur_description/meshes/ur3e/collision/forearm.stl
[4.016s] -- Symlinking: /home/Gery/Marble_Balancing_Robotic_Arm/40_Simulation/MBR_ws/install/ur_description/share/ur_description/meshes/ur3e/collision/shoulder.stl
[4.025s] -- Symlinking: /home/Gery/Marble_Balancing_Robotic_Arm/40_Simulation/MBR_ws/install/ur_description/share/ur_description/meshes/ur3e/collision/upperarm.stl
[4.036s] -- Symlinking: /home/Gery/Marble_Balancing_Robotic_Arm/40_Simulation/MBR_ws/install/ur_description/share/ur_description/meshes/ur3e/collision/wrist1.stl
[4.048s] -- Symlinking: /home/Gery/Marble_Balancing_Robotic_Arm/40_Simulation/MBR_ws/install/ur_description/share/ur_description/meshes/ur3e/collision/wrist2.stl
[4.060s] -- Symlinking: /home/Gery/Marble_Balancing_Robotic_Arm/40_Simulation/MBR_ws/install/ur_description/share/ur_description/meshes/ur3e/collision/wrist3.stl
[4.071s] -- Symlinking: /home/Gery/Marble_Balancing_Robotic_Arm/40_Simulation/MBR_ws/install/ur_description/share/ur_description/meshes/ur3e/visual/base.dae
[4.081s] -- Symlinking: /home/Gery/Marble_Balancing_Robotic_Arm/40_Simulation/MBR_ws/install/ur_description/share/ur_description/meshes/ur3e/visual/forearm.dae
[4.092s] -- Symlinking: /home/Gery/Marble_Balancing_Robotic_Arm/40_Simulation/MBR_ws/install/ur_description/share/ur_description/meshes/ur3e/visual/shoulder.dae
[4.103s] -- Symlinking: /home/Gery/Marble_Balancing_Robotic_Arm/40_Simulation/MBR_ws/install/ur_description/share/ur_description/meshes/ur3e/visual/upperarm.dae
[4.114s] -- Symlinking: /home/Gery/Marble_Balancing_Robotic_Arm/40_Simulation/MBR_ws/install/ur_description/share/ur_description/meshes/ur3e/visual/wrist1.dae
[4.124s] -- Symlinking: /home/Gery/Marble_Balancing_Robotic_Arm/40_Simulation/MBR_ws/install/ur_description/share/ur_description/meshes/ur3e/visual/wrist2.dae
[4.135s] -- Symlinking: /home/Gery/Marble_Balancing_Robotic_Arm/40_Simulation/MBR_ws/install/ur_description/share/ur_description/meshes/ur3e/visual/wrist3.dae
[4.148s] -- Symlinking: /home/Gery/Marble_Balancing_Robotic_Arm/40_Simulation/MBR_ws/install/ur_description/share/ur_description/meshes/ur5/collision/base.stl
[4.159s] -- Symlinking: /home/Gery/Marble_Balancing_Robotic_Arm/40_Simulation/MBR_ws/install/ur_description/share/ur_description/meshes/ur5/collision/forearm.stl
[4.170s] -- Symlinking: /home/Gery/Marble_Balancing_Robotic_Arm/40_Simulation/MBR_ws/install/ur_description/share/ur_description/meshes/ur5/collision/shoulder.stl
[4.180s] -- Symlinking: /home/Gery/Marble_Balancing_Robotic_Arm/40_Simulation/MBR_ws/install/ur_description/share/ur_description/meshes/ur5/collision/upperarm.stl
[4.192s] -- Symlinking: /home/Gery/Marble_Balancing_Robotic_Arm/40_Simulation/MBR_ws/install/ur_description/share/ur_description/meshes/ur5/collision/wrist1.stl
[4.204s] -- Symlinking: /home/Gery/Marble_Balancing_Robotic_Arm/40_Simulation/MBR_ws/install/ur_description/share/ur_description/meshes/ur5/collision/wrist2.stl
[4.215s] -- Symlinking: /home/Gery/Marble_Balancing_Robotic_Arm/40_Simulation/MBR_ws/install/ur_description/share/ur_description/meshes/ur5/collision/wrist3.stl
[4.225s] -- Symlinking: /home/Gery/Marble_Balancing_Robotic_Arm/40_Simulation/MBR_ws/install/ur_description/share/ur_description/meshes/ur5/visual/base.dae
[4.237s] -- Symlinking: /home/Gery/Marble_Balancing_Robotic_Arm/40_Simulation/MBR_ws/install/ur_description/share/ur_description/meshes/ur5/visual/forearm.dae
[4.249s] -- Symlinking: /home/Gery/Marble_Balancing_Robotic_Arm/40_Simulation/MBR_ws/install/ur_description/share/ur_description/meshes/ur5/visual/shoulder.dae
[4.260s] -- Symlinking: /home/Gery/Marble_Balancing_Robotic_Arm/40_Simulation/MBR_ws/install/ur_description/share/ur_description/meshes/ur5/visual/upperarm.dae
[4.272s] -- Symlinking: /home/Gery/Marble_Balancing_Robotic_Arm/40_Simulation/MBR_ws/install/ur_description/share/ur_description/meshes/ur5/visual/wrist1.dae
[4.284s] -- Symlinking: /home/Gery/Marble_Balancing_Robotic_Arm/40_Simulation/MBR_ws/install/ur_description/share/ur_description/meshes/ur5/visual/wrist2.dae
[4.296s] -- Symlinking: /home/Gery/Marble_Balancing_Robotic_Arm/40_Simulation/MBR_ws/install/ur_description/share/ur_description/meshes/ur5/visual/wrist3.dae
[4.307s] -- Symlinking: /home/Gery/Marble_Balancing_Robotic_Arm/40_Simulation/MBR_ws/install/ur_description/share/ur_description/meshes/ur5e/collision/base.stl
[4.317s] -- Symlinking: /home/Gery/Marble_Balancing_Robotic_Arm/40_Simulation/MBR_ws/install/ur_description/share/ur_description/meshes/ur5e/collision/forearm.stl
[4.327s] -- Symlinking: /home/Gery/Marble_Balancing_Robotic_Arm/40_Simulation/MBR_ws/install/ur_description/share/ur_description/meshes/ur5e/collision/shoulder.stl
[4.339s] -- Symlinking: /home/Gery/Marble_Balancing_Robotic_Arm/40_Simulation/MBR_ws/install/ur_description/share/ur_description/meshes/ur5e/collision/upperarm.stl
[4.352s] -- Symlinking: /home/Gery/Marble_Balancing_Robotic_Arm/40_Simulation/MBR_ws/install/ur_description/share/ur_description/meshes/ur5e/collision/wrist1.stl
[4.364s] -- Symlinking: /home/Gery/Marble_Balancing_Robotic_Arm/40_Simulation/MBR_ws/install/ur_description/share/ur_description/meshes/ur5e/collision/wrist2.stl
[4.375s] -- Symlinking: /home/Gery/Marble_Balancing_Robotic_Arm/40_Simulation/MBR_ws/install/ur_description/share/ur_description/meshes/ur5e/collision/wrist3.stl
[4.385s] -- Symlinking: /home/Gery/Marble_Balancing_Robotic_Arm/40_Simulation/MBR_ws/install/ur_description/share/ur_description/meshes/ur5e/visual/base.dae
[4.396s] -- Symlinking: /home/Gery/Marble_Balancing_Robotic_Arm/40_Simulation/MBR_ws/install/ur_description/share/ur_description/meshes/ur5e/visual/forearm.dae
[4.406s] -- Symlinking: /home/Gery/Marble_Balancing_Robotic_Arm/40_Simulation/MBR_ws/install/ur_description/share/ur_description/meshes/ur5e/visual/shoulder.dae
[4.416s] -- Symlinking: /home/Gery/Marble_Balancing_Robotic_Arm/40_Simulation/MBR_ws/install/ur_description/share/ur_description/meshes/ur5e/visual/upperarm.dae
[4.427s] -- Symlinking: /home/Gery/Marble_Balancing_Robotic_Arm/40_Simulation/MBR_ws/install/ur_description/share/ur_description/meshes/ur5e/visual/wrist1.dae
[4.439s] -- Symlinking: /home/Gery/Marble_Balancing_Robotic_Arm/40_Simulation/MBR_ws/install/ur_description/share/ur_description/meshes/ur5e/visual/wrist2.dae
[4.450s] -- Symlinking: /home/Gery/Marble_Balancing_Robotic_Arm/40_Simulation/MBR_ws/install/ur_description/share/ur_description/meshes/ur5e/visual/wrist3.dae
[4.462s] -- Symlinking: /home/Gery/Marble_Balancing_Robotic_Arm/40_Simulation/MBR_ws/install/ur_description/share/ur_description/meshes/ur8long/LICENSE.txt
[4.472s] -- Symlinking: /home/Gery/Marble_Balancing_Robotic_Arm/40_Simulation/MBR_ws/install/ur_description/share/ur_description/meshes/ur8long/collision/forearm.stl
[4.482s] -- Symlinking: /home/Gery/Marble_Balancing_Robotic_Arm/40_Simulation/MBR_ws/install/ur_description/share/ur_description/meshes/ur8long/collision/upperarm.stl
[4.492s] -- Symlinking: /home/Gery/Marble_Balancing_Robotic_Arm/40_Simulation/MBR_ws/install/ur_description/share/ur_description/meshes/ur8long/visual/UR8Long_DIFF_8bit_2K.jpg
[4.502s] -- Symlinking: /home/Gery/Marble_Balancing_Robotic_Arm/40_Simulation/MBR_ws/install/ur_description/share/ur_description/meshes/ur8long/visual/forearm.dae
[4.512s] -- Symlinking: /home/Gery/Marble_Balancing_Robotic_Arm/40_Simulation/MBR_ws/install/ur_description/share/ur_description/meshes/ur8long/visual/upperarm.dae
[4.523s] -- Symlinking: /home/Gery/Marble_Balancing_Robotic_Arm/40_Simulation/MBR_ws/install/ur_description/share/ur_description/rviz/view_robot.rviz
[4.534s] -- Symlinking: /home/Gery/Marble_Balancing_Robotic_Arm/40_Simulation/MBR_ws/install/ur_description/share/ur_description/urdf/inc/ur_common.xacro
[4.545s] -- Symlinking: /home/Gery/Marble_Balancing_Robotic_Arm/40_Simulation/MBR_ws/install/ur_description/share/ur_description/urdf/inc/ur_joint_control.xacro
[4.555s] -- Symlinking: /home/Gery/Marble_Balancing_Robotic_Arm/40_Simulation/MBR_ws/install/ur_description/share/ur_description/urdf/inc/ur_sensors.xacro
[4.566s] -- Symlinking: /home/Gery/Marble_Balancing_Robotic_Arm/40_Simulation/MBR_ws/install/ur_description/share/ur_description/urdf/inc/ur_transmissions.xacro
[4.576s] -- Symlinking: /home/Gery/Marble_Balancing_Robotic_Arm/40_Simulation/MBR_ws/install/ur_description/share/ur_description/urdf/ros2_control_mock_hardware.xacro
[4.586s] -- Symlinking: /home/Gery/Marble_Balancing_Robotic_Arm/40_Simulation/MBR_ws/install/ur_description/share/ur_description/urdf/ur.urdf.xacro
[4.596s] -- Symlinking: /home/Gery/Marble_Balancing_Robotic_Arm/40_Simulation/MBR_ws/install/ur_description/share/ur_description/urdf/ur7e.urdf
[4.606s] -- Symlinking: /home/Gery/Marble_Balancing_Robotic_Arm/40_Simulation/MBR_ws/install/ur_description/share/ur_description/urdf/ur_macro.xacro
[4.617s] -- Symlinking: /home/Gery/Marble_Balancing_Robotic_Arm/40_Simulation/MBR_ws/install/ur_description/share/ur_description/urdf/ur_mocked.urdf.xacro
[4.627s] -- Symlinking: /home/Gery/Marble_Balancing_Robotic_Arm/40_Simulation/MBR_ws/install/ur_description/share/ur_description/test/test_ur_urdf_xacro.py
[4.638s] -- Symlinking: /home/Gery/Marble_Balancing_Robotic_Arm/40_Simulation/MBR_ws/install/ur_description/share/ur_description/test/test_view_ur_launch.py
[4.650s] -- Symlinking: /home/Gery/Marble_Balancing_Robotic_Arm/40_Simulation/MBR_ws/install/ur_description/share/ament_index/resource_index/package_run_dependencies/ur_description
[4.661s] -- Symlinking: /home/Gery/Marble_Balancing_Robotic_Arm/40_Simulation/MBR_ws/install/ur_description/share/ament_index/resource_index/parent_prefix_path/ur_description
[4.672s] -- Symlinking: /home/Gery/Marble_Balancing_Robotic_Arm/40_Simulation/MBR_ws/install/ur_description/share/ur_description/environment/ament_prefix_path.sh
[4.682s] -- Symlinking: /home/Gery/Marble_Balancing_Robotic_Arm/40_Simulation/MBR_ws/install/ur_description/share/ur_description/environment/ament_prefix_path.dsv
[4.692s] -- Symlinking: /home/Gery/Marble_Balancing_Robotic_Arm/40_Simulation/MBR_ws/install/ur_description/share/ur_description/environment/path.sh
[4.703s] -- Symlinking: /home/Gery/Marble_Balancing_Robotic_Arm/40_Simulation/MBR_ws/install/ur_description/share/ur_description/environment/path.dsv
[4.714s] -- Symlinking: /home/Gery/Marble_Balancing_Robotic_Arm/40_Simulation/MBR_ws/install/ur_description/share/ur_description/local_setup.bash
[4.725s] -- Symlinking: /home/Gery/Marble_Balancing_Robotic_Arm/40_Simulation/MBR_ws/install/ur_description/share/ur_description/local_setup.sh
[4.736s] -- Symlinking: /home/Gery/Marble_Balancing_Robotic_Arm/40_Simulation/MBR_ws/install/ur_description/share/ur_description/local_setup.zsh
[4.748s] -- Symlinking: /home/Gery/Marble_Balancing_Robotic_Arm/40_Simulation/MBR_ws/install/ur_description/share/ur_description/local_setup.dsv
[4.759s] -- Symlinking: /home/Gery/Marble_Balancing_Robotic_Arm/40_Simulation/MBR_ws/install/ur_description/share/ur_description/package.dsv
[4.771s] -- Symlinking: /home/Gery/Marble_Balancing_Robotic_Arm/40_Simulation/MBR_ws/install/ur_description/share/ament_index/resource_index/packages/ur_description
[4.782s] -- Symlinking: /home/Gery/Marble_Balancing_Robotic_Arm/40_Simulation/MBR_ws/install/ur_description/share/ur_description/cmake/ur_descriptionConfig.cmake
[4.792s] -- Symlinking: /home/Gery/Marble_Balancing_Robotic_Arm/40_Simulation/MBR_ws/install/ur_description/share/ur_description/cmake/ur_descriptionConfig-version.cmake
[4.802s] -- Symlinking: /home/Gery/Marble_Balancing_Robotic_Arm/40_Simulation/MBR_ws/install/ur_description/share/ur_description/package.xml
[4.815s] Invoked command in '/home/Gery/Marble_Balancing_Robotic_Arm/40_Simulation/MBR_ws/build/ur_description' returned '0': CMAKE_PREFIX_PATH=${CMAKE_PREFIX_PATH}:/home/Gery/Marble_Balancing_Robotic_Arm/40_Simulation/MBR_ws/install/OldOne_description:/home/Gery/Marble_Balancing_Robotic_Arm/40_Simulation/MBR_ws/install/Marble_control:/opt/ros/humble /usr/bin/cmake --install /home/Gery/Marble_Balancing_Robotic_Arm/40_Simulation/MBR_ws/build/ur_description
