[0.705s] Invoking command in '/home/Gery/Marble_Balancing_Robotic_Arm/40_Simulation/MBR_ws/build/ur_description': CMAKE_PREFIX_PATH=${CMAKE_PREFIX_PATH}:/home/Gery/Marble_Balancing_Robotic_Arm/40_Simulation/MBR_ws/install/marble_control:/home/Gery/Marble_Balancing_Robotic_Arm/40_Simulation/MBR_ws/install/OldOne_description:/home/Gery/Marble_Balancing_Robotic_Arm/40_Simulation/MBR_ws/install/Marble_control:/opt/ros/humble /usr/bin/cmake /home/Gery/Marble_Balancing_Robotic_Arm/40_Simulation/MBR_ws/src/Universal_Robots_ROS2_Description -DAMENT_CMAKE_SYMLINK_INSTALL=1 -DCMAKE_INSTALL_PREFIX=/home/Gery/Marble_Balancing_Robotic_Arm/40_Simulation/MBR_ws/install/ur_description
[0.802s] -- The C compiler identification is GNU 11.4.0
[0.884s] -- The CXX compiler identification is GNU 11.4.0
[0.894s] -- Detecting C compiler ABI info
[0.988s] -- Detecting C compiler ABI info - done
[0.998s] -- Check for working C compiler: /usr/bin/cc - skipped
[0.999s] -- Detecting C compile features
[0.999s] -- Detecting C compile features - done
[1.002s] -- Detecting CXX compiler ABI info
[1.122s] -- Detecting CXX compiler ABI info - done
[1.131s] -- Check for working CXX compiler: /usr/bin/c++ - skipped
[1.132s] -- Detecting CXX compile features
[1.133s] -- Detecting CXX compile features - done
[1.136s] -- Found ament_cmake: 1.3.12 (/opt/ros/humble/share/ament_cmake/cmake)
[1.356s] -- Found Python3: /usr/bin/python3 (found version "3.10.12") found components: Interpreter 
[1.429s] -- Override CMake install command with custom implementation using symlinks instead of copying resources
[1.464s] -- Found ament_cmake_pytest: 1.3.12 (/opt/ros/humble/share/ament_cmake_pytest/cmake)
[2.352s] -- Configuring done
[2.356s] -- Generating done
[2.358s] -- Build files have been written to: /home/Gery/Marble_Balancing_Robotic_Arm/40_Simulation/MBR_ws/build/ur_description
[2.363s] Invoked command in '/home/Gery/Marble_Balancing_Robotic_Arm/40_Simulation/MBR_ws/build/ur_description' returned '0': CMAKE_PREFIX_PATH=${CMAKE_PREFIX_PATH}:/home/Gery/Marble_Balancing_Robotic_Arm/40_Simulation/MBR_ws/install/marble_control:/home/Gery/Marble_Balancing_Robotic_Arm/40_Simulation/MBR_ws/install/OldOne_description:/home/Gery/Marble_Balancing_Robotic_Arm/40_Simulation/MBR_ws/install/Marble_control:/opt/ros/humble /usr/bin/cmake /home/Gery/Marble_Balancing_Robotic_Arm/40_Simulation/MBR_ws/src/Universal_Robots_ROS2_Description -DAMENT_CMAKE_SYMLINK_INSTALL=1 -DCMAKE_INSTALL_PREFIX=/home/Gery/Marble_Balancing_Robotic_Arm/40_Simulation/MBR_ws/install/ur_description
[2.366s] Invoking command in '/home/Gery/Marble_Balancing_Robotic_Arm/40_Simulation/MBR_ws/build/ur_description': CMAKE_PREFIX_PATH=${CMAKE_PREFIX_PATH}:/home/Gery/Marble_Balancing_Robotic_Arm/40_Simulation/MBR_ws/install/marble_control:/home/Gery/Marble_Balancing_Robotic_Arm/40_Simulation/MBR_ws/install/OldOne_description:/home/Gery/Marble_Balancing_Robotic_Arm/40_Simulation/MBR_ws/install/Marble_control:/opt/ros/humble /usr/bin/cmake --build /home/Gery/Marble_Balancing_Robotic_Arm/40_Simulation/MBR_ws/build/ur_description -- -j6 -l6
[2.423s] Invoked command in '/home/Gery/Marble_Balancing_Robotic_Arm/40_Simulation/MBR_ws/build/ur_description' returned '0': CMAKE_PREFIX_PATH=${CMAKE_PREFIX_PATH}:/home/Gery/Marble_Balancing_Robotic_Arm/40_Simulation/MBR_ws/install/marble_control:/home/Gery/Marble_Balancing_Robotic_Arm/40_Simulation/MBR_ws/install/OldOne_description:/home/Gery/Marble_Balancing_Robotic_Arm/40_Simulation/MBR_ws/install/Marble_control:/opt/ros/humble /usr/bin/cmake --build /home/Gery/Marble_Balancing_Robotic_Arm/40_Simulation/MBR_ws/build/ur_description -- -j6 -l6
[2.439s] Invoking command in '/home/Gery/Marble_Balancing_Robotic_Arm/40_Simulation/MBR_ws/build/ur_description': CMAKE_PREFIX_PATH=${CMAKE_PREFIX_PATH}:/home/Gery/Marble_Balancing_Robotic_Arm/40_Simulation/MBR_ws/install/marble_control:/home/Gery/Marble_Balancing_Robotic_Arm/40_Simulation/MBR_ws/install/OldOne_description:/home/Gery/Marble_Balancing_Robotic_Arm/40_Simulation/MBR_ws/install/Marble_control:/opt/ros/humble /usr/bin/cmake --install /home/Gery/Marble_Balancing_Robotic_Arm/40_Simulation/MBR_ws/build/ur_description
[2.448s] -- Install configuration: ""
[2.449s] -- Execute custom install script
[2.450s] -- Symlinking: /home/Gery/Marble_Balancing_Robotic_Arm/40_Simulation/MBR_ws/install/ur_description/share/ur_description/config/initial_positions.yaml
[2.463s] -- Symlinking: /home/Gery/Marble_Balancing_Robotic_Arm/40_Simulation/MBR_ws/install/ur_description/share/ur_description/config/ur10/default_kinematics.yaml
[2.475s] -- Symlinking: /home/Gery/Marble_Balancing_Robotic_Arm/40_Simulation/MBR_ws/install/ur_description/share/ur_description/config/ur10/joint_limits.yaml
[2.487s] -- Symlinking: /home/Gery/Marble_Balancing_Robotic_Arm/40_Simulation/MBR_ws/install/ur_description/share/ur_description/config/ur10/physical_parameters.yaml
[2.500s] -- Symlinking: /home/Gery/Marble_Balancing_Robotic_Arm/40_Simulation/MBR_ws/install/ur_description/share/ur_description/config/ur10/visual_parameters.yaml
[2.512s] -- Symlinking: /home/Gery/Marble_Balancing_Robotic_Arm/40_Simulation/MBR_ws/install/ur_description/share/ur_description/config/ur10e/default_kinematics.yaml
[2.525s] -- Symlinking: /home/Gery/Marble_Balancing_Robotic_Arm/40_Simulation/MBR_ws/install/ur_description/share/ur_description/config/ur10e/joint_limits.yaml
[2.538s] -- Symlinking: /home/Gery/Marble_Balancing_Robotic_Arm/40_Simulation/MBR_ws/install/ur_description/share/ur_description/config/ur10e/physical_parameters.yaml
[2.550s] -- Symlinking: /home/Gery/Marble_Balancing_Robotic_Arm/40_Simulation/MBR_ws/install/ur_description/share/ur_description/config/ur10e/visual_parameters.yaml
[2.563s] -- Symlinking: /home/Gery/Marble_Balancing_Robotic_Arm/40_Simulation/MBR_ws/install/ur_description/share/ur_description/config/ur12e/default_kinematics.yaml
[2.576s] -- Symlinking: /home/Gery/Marble_Balancing_Robotic_Arm/40_Simulation/MBR_ws/install/ur_description/share/ur_description/config/ur12e/joint_limits.yaml
[2.589s] -- Symlinking: /home/Gery/Marble_Balancing_Robotic_Arm/40_Simulation/MBR_ws/install/ur_description/share/ur_description/config/ur12e/physical_parameters.yaml
[2.602s] -- Symlinking: /home/Gery/Marble_Balancing_Robotic_Arm/40_Simulation/MBR_ws/install/ur_description/share/ur_description/config/ur12e/visual_parameters.yaml
[2.615s] -- Symlinking: /home/Gery/Marble_Balancing_Robotic_Arm/40_Simulation/MBR_ws/install/ur_description/share/ur_description/config/ur15/default_kinematics.yaml
[2.629s] -- Symlinking: /home/Gery/Marble_Balancing_Robotic_Arm/40_Simulation/MBR_ws/install/ur_description/share/ur_description/config/ur15/joint_limits.yaml
[2.642s] -- Symlinking: /home/Gery/Marble_Balancing_Robotic_Arm/40_Simulation/MBR_ws/install/ur_description/share/ur_description/config/ur15/physical_parameters.yaml
[2.655s] -- Symlinking: /home/Gery/Marble_Balancing_Robotic_Arm/40_Simulation/MBR_ws/install/ur_description/share/ur_description/config/ur15/visual_parameters.yaml
[2.668s] -- Symlinking: /home/Gery/Marble_Balancing_Robotic_Arm/40_Simulation/MBR_ws/install/ur_description/share/ur_description/config/ur16e/default_kinematics.yaml
[2.681s] -- Symlinking: /home/Gery/Marble_Balancing_Robotic_Arm/40_Simulation/MBR_ws/install/ur_description/share/ur_description/config/ur16e/joint_limits.yaml
[2.694s] -- Symlinking: /home/Gery/Marble_Balancing_Robotic_Arm/40_Simulation/MBR_ws/install/ur_description/share/ur_description/config/ur16e/physical_parameters.yaml
[2.706s] -- Symlinking: /home/Gery/Marble_Balancing_Robotic_Arm/40_Simulation/MBR_ws/install/ur_description/share/ur_description/config/ur16e/visual_parameters.yaml
[2.721s] -- Symlinking: /home/Gery/Marble_Balancing_Robotic_Arm/40_Simulation/MBR_ws/install/ur_description/share/ur_description/config/ur18/default_kinematics.yaml
[2.737s] -- Symlinking: /home/Gery/Marble_Balancing_Robotic_Arm/40_Simulation/MBR_ws/install/ur_description/share/ur_description/config/ur18/joint_limits.yaml
[2.752s] -- Symlinking: /home/Gery/Marble_Balancing_Robotic_Arm/40_Simulation/MBR_ws/install/ur_description/share/ur_description/config/ur18/physical_parameters.yaml
[2.767s] -- Symlinking: /home/Gery/Marble_Balancing_Robotic_Arm/40_Simulation/MBR_ws/install/ur_description/share/ur_description/config/ur18/visual_parameters.yaml
[2.780s] -- Symlinking: /home/Gery/Marble_Balancing_Robotic_Arm/40_Simulation/MBR_ws/install/ur_description/share/ur_description/config/ur20/default_kinematics.yaml
[2.795s] -- Symlinking: /home/Gery/Marble_Balancing_Robotic_Arm/40_Simulation/MBR_ws/install/ur_description/share/ur_description/config/ur20/joint_limits.yaml
[2.808s] -- Symlinking: /home/Gery/Marble_Balancing_Robotic_Arm/40_Simulation/MBR_ws/install/ur_description/share/ur_description/config/ur20/physical_parameters.yaml
[2.822s] -- Symlinking: /home/Gery/Marble_Balancing_Robotic_Arm/40_Simulation/MBR_ws/install/ur_description/share/ur_description/config/ur20/visual_parameters.yaml
[2.838s] -- Symlinking: /home/Gery/Marble_Balancing_Robotic_Arm/40_Simulation/MBR_ws/install/ur_description/share/ur_description/config/ur3/default_kinematics.yaml
[2.856s] -- Symlinking: /home/Gery/Marble_Balancing_Robotic_Arm/40_Simulation/MBR_ws/install/ur_description/share/ur_description/config/ur3/joint_limits.yaml
[2.870s] -- Symlinking: /home/Gery/Marble_Balancing_Robotic_Arm/40_Simulation/MBR_ws/install/ur_description/share/ur_description/config/ur3/physical_parameters.yaml
[2.884s] -- Symlinking: /home/Gery/Marble_Balancing_Robotic_Arm/40_Simulation/MBR_ws/install/ur_description/share/ur_description/config/ur3/visual_parameters.yaml
[2.899s] -- Symlinking: /home/Gery/Marble_Balancing_Robotic_Arm/40_Simulation/MBR_ws/install/ur_description/share/ur_description/config/ur30/default_kinematics.yaml
[2.912s] -- Symlinking: /home/Gery/Marble_Balancing_Robotic_Arm/40_Simulation/MBR_ws/install/ur_description/share/ur_description/config/ur30/joint_limits.yaml
[2.927s] -- Symlinking: /home/Gery/Marble_Balancing_Robotic_Arm/40_Simulation/MBR_ws/install/ur_description/share/ur_description/config/ur30/physical_parameters.yaml
[2.942s] -- Symlinking: /home/Gery/Marble_Balancing_Robotic_Arm/40_Simulation/MBR_ws/install/ur_description/share/ur_description/config/ur30/visual_parameters.yaml
[2.957s] -- Symlinking: /home/Gery/Marble_Balancing_Robotic_Arm/40_Simulation/MBR_ws/install/ur_description/share/ur_description/config/ur3e/default_kinematics.yaml
[2.971s] -- Symlinking: /home/Gery/Marble_Balancing_Robotic_Arm/40_Simulation/MBR_ws/install/ur_description/share/ur_description/config/ur3e/joint_limits.yaml
[2.984s] -- Symlinking: /home/Gery/Marble_Balancing_Robotic_Arm/40_Simulation/MBR_ws/install/ur_description/share/ur_description/config/ur3e/physical_parameters.yaml
[2.998s] -- Symlinking: /home/Gery/Marble_Balancing_Robotic_Arm/40_Simulation/MBR_ws/install/ur_description/share/ur_description/config/ur3e/visual_parameters.yaml
[3.011s] -- Symlinking: /home/Gery/Marble_Balancing_Robotic_Arm/40_Simulation/MBR_ws/install/ur_description/share/ur_description/config/ur5/default_kinematics.yaml
[3.026s] -- Symlinking: /home/Gery/Marble_Balancing_Robotic_Arm/40_Simulation/MBR_ws/install/ur_description/share/ur_description/config/ur5/joint_limits.yaml
[3.044s] -- Symlinking: /home/Gery/Marble_Balancing_Robotic_Arm/40_Simulation/MBR_ws/install/ur_description/share/ur_description/config/ur5/physical_parameters.yaml
[3.060s] -- Symlinking: /home/Gery/Marble_Balancing_Robotic_Arm/40_Simulation/MBR_ws/install/ur_description/share/ur_description/config/ur5/visual_parameters.yaml
[3.079s] -- Symlinking: /home/Gery/Marble_Balancing_Robotic_Arm/40_Simulation/MBR_ws/install/ur_description/share/ur_description/config/ur5e/default_kinematics.yaml
[3.095s] -- Symlinking: /home/Gery/Marble_Balancing_Robotic_Arm/40_Simulation/MBR_ws/install/ur_description/share/ur_description/config/ur5e/joint_limits.yaml
[3.111s] -- Symlinking: /home/Gery/Marble_Balancing_Robotic_Arm/40_Simulation/MBR_ws/install/ur_description/share/ur_description/config/ur5e/physical_parameters.yaml
[3.127s] -- Symlinking: /home/Gery/Marble_Balancing_Robotic_Arm/40_Simulation/MBR_ws/install/ur_description/share/ur_description/config/ur5e/visual_parameters.yaml
[3.144s] -- Symlinking: /home/Gery/Marble_Balancing_Robotic_Arm/40_Simulation/MBR_ws/install/ur_description/share/ur_description/config/ur7e/default_kinematics.yaml
[3.161s] -- Symlinking: /home/Gery/Marble_Balancing_Robotic_Arm/40_Simulation/MBR_ws/install/ur_description/share/ur_description/config/ur7e/joint_limits.yaml
[3.179s] -- Symlinking: /home/Gery/Marble_Balancing_Robotic_Arm/40_Simulation/MBR_ws/install/ur_description/share/ur_description/config/ur7e/physical_parameters.yaml
[3.200s] -- Symlinking: /home/Gery/Marble_Balancing_Robotic_Arm/40_Simulation/MBR_ws/install/ur_description/share/ur_description/config/ur7e/visual_parameters.yaml
[3.216s] -- Symlinking: /home/Gery/Marble_Balancing_Robotic_Arm/40_Simulation/MBR_ws/install/ur_description/share/ur_description/config/ur8long/default_kinematics.yaml
[3.231s] -- Symlinking: /home/Gery/Marble_Balancing_Robotic_Arm/40_Simulation/MBR_ws/install/ur_description/share/ur_description/config/ur8long/joint_limits.yaml
[3.247s] -- Symlinking: /home/Gery/Marble_Balancing_Robotic_Arm/40_Simulation/MBR_ws/install/ur_description/share/ur_description/config/ur8long/physical_parameters.yaml
[3.261s] -- Symlinking: /home/Gery/Marble_Balancing_Robotic_Arm/40_Simulation/MBR_ws/install/ur_description/share/ur_description/config/ur8long/visual_parameters.yaml
[3.275s] -- Symlinking: /home/Gery/Marble_Balancing_Robotic_Arm/40_Simulation/MBR_ws/install/ur_description/share/ur_description/launch/view_ur.launch.py
[3.291s] -- Symlinking: /home/Gery/Marble_Balancing_Robotic_Arm/40_Simulation/MBR_ws/install/ur_description/share/ur_description/meshes/ur10/collision/base.stl
[3.304s] -- Symlinking: /home/Gery/Marble_Balancing_Robotic_Arm/40_Simulation/MBR_ws/install/ur_description/share/ur_description/meshes/ur10/collision/forearm.stl
[3.316s] -- Symlinking: /home/Gery/Marble_Balancing_Robotic_Arm/40_Simulation/MBR_ws/install/ur_description/share/ur_description/meshes/ur10/collision/shoulder.stl
[3.331s] -- Symlinking: /home/Gery/Marble_Balancing_Robotic_Arm/40_Simulation/MBR_ws/install/ur_description/share/ur_description/meshes/ur10/collision/upperarm.stl
[3.345s] -- Symlinking: /home/Gery/Marble_Balancing_Robotic_Arm/40_Simulation/MBR_ws/install/ur_description/share/ur_description/meshes/ur10/collision/wrist1.stl
[3.360s] -- Symlinking: /home/Gery/Marble_Balancing_Robotic_Arm/40_Simulation/MBR_ws/install/ur_description/share/ur_description/meshes/ur10/collision/wrist2.stl
[3.374s] -- Symlinking: /home/Gery/Marble_Balancing_Robotic_Arm/40_Simulation/MBR_ws/install/ur_description/share/ur_description/meshes/ur10/collision/wrist3.stl
[3.387s] -- Symlinking: /home/Gery/Marble_Balancing_Robotic_Arm/40_Simulation/MBR_ws/install/ur_description/share/ur_description/meshes/ur10/visual/base.dae
[3.402s] -- Symlinking: /home/Gery/Marble_Balancing_Robotic_Arm/40_Simulation/MBR_ws/install/ur_description/share/ur_description/meshes/ur10/visual/forearm.dae
[3.416s] -- Symlinking: /home/Gery/Marble_Balancing_Robotic_Arm/40_Simulation/MBR_ws/install/ur_description/share/ur_description/meshes/ur10/visual/shoulder.dae
[3.430s] -- Symlinking: /home/Gery/Marble_Balancing_Robotic_Arm/40_Simulation/MBR_ws/install/ur_description/share/ur_description/meshes/ur10/visual/upperarm.dae
[3.444s] -- Symlinking: /home/Gery/Marble_Balancing_Robotic_Arm/40_Simulation/MBR_ws/install/ur_description/share/ur_description/meshes/ur10/visual/wrist1.dae
[3.458s] -- Symlinking: /home/Gery/Marble_Balancing_Robotic_Arm/40_Simulation/MBR_ws/install/ur_description/share/ur_description/meshes/ur10/visual/wrist2.dae
[3.473s] -- Symlinking: /home/Gery/Marble_Balancing_Robotic_Arm/40_Simulation/MBR_ws/install/ur_description/share/ur_description/meshes/ur10/visual/wrist3.dae
[3.486s] -- Symlinking: /home/Gery/Marble_Balancing_Robotic_Arm/40_Simulation/MBR_ws/install/ur_description/share/ur_description/meshes/ur10e/collision/base.stl
[3.501s] -- Symlinking: /home/Gery/Marble_Balancing_Robotic_Arm/40_Simulation/MBR_ws/install/ur_description/share/ur_description/meshes/ur10e/collision/forearm.stl
[3.515s] -- Symlinking: /home/Gery/Marble_Balancing_Robotic_Arm/40_Simulation/MBR_ws/install/ur_description/share/ur_description/meshes/ur10e/collision/shoulder.stl
[3.528s] -- Symlinking: /home/Gery/Marble_Balancing_Robotic_Arm/40_Simulation/MBR_ws/install/ur_description/share/ur_description/meshes/ur10e/collision/upperarm.stl
[3.542s] -- Symlinking: /home/Gery/Marble_Balancing_Robotic_Arm/40_Simulation/MBR_ws/install/ur_description/share/ur_description/meshes/ur10e/collision/wrist1.stl
[3.555s] -- Symlinking: /home/Gery/Marble_Balancing_Robotic_Arm/40_Simulation/MBR_ws/install/ur_description/share/ur_description/meshes/ur10e/collision/wrist2.stl
[3.568s] -- Symlinking: /home/Gery/Marble_Balancing_Robotic_Arm/40_Simulation/MBR_ws/install/ur_description/share/ur_description/meshes/ur10e/collision/wrist3.stl
[3.582s] -- Symlinking: /home/Gery/Marble_Balancing_Robotic_Arm/40_Simulation/MBR_ws/install/ur_description/share/ur_description/meshes/ur10e/visual/base.dae
[3.595s] -- Symlinking: /home/Gery/Marble_Balancing_Robotic_Arm/40_Simulation/MBR_ws/install/ur_description/share/ur_description/meshes/ur10e/visual/forearm.dae
[3.607s] -- Symlinking: /home/Gery/Marble_Balancing_Robotic_Arm/40_Simulation/MBR_ws/install/ur_description/share/ur_description/meshes/ur10e/visual/shoulder.dae
[3.619s] -- Symlinking: /home/Gery/Marble_Balancing_Robotic_Arm/40_Simulation/MBR_ws/install/ur_description/share/ur_description/meshes/ur10e/visual/upperarm.dae
[3.633s] -- Symlinking: /home/Gery/Marble_Balancing_Robotic_Arm/40_Simulation/MBR_ws/install/ur_description/share/ur_description/meshes/ur10e/visual/wrist1.dae
[3.646s] -- Symlinking: /home/Gery/Marble_Balancing_Robotic_Arm/40_Simulation/MBR_ws/install/ur_description/share/ur_description/meshes/ur10e/visual/wrist2.dae
[3.659s] -- Symlinking: /home/Gery/Marble_Balancing_Robotic_Arm/40_Simulation/MBR_ws/install/ur_description/share/ur_description/meshes/ur10e/visual/wrist3.dae
[3.671s] -- Symlinking: /home/Gery/Marble_Balancing_Robotic_Arm/40_Simulation/MBR_ws/install/ur_description/share/ur_description/meshes/ur15/LICENSE.txt
[3.684s] -- Symlinking: /home/Gery/Marble_Balancing_Robotic_Arm/40_Simulation/MBR_ws/install/ur_description/share/ur_description/meshes/ur15/collision/base.stl
[3.696s] -- Symlinking: /home/Gery/Marble_Balancing_Robotic_Arm/40_Simulation/MBR_ws/install/ur_description/share/ur_description/meshes/ur15/collision/forearm.stl
[3.710s] -- Symlinking: /home/Gery/Marble_Balancing_Robotic_Arm/40_Simulation/MBR_ws/install/ur_description/share/ur_description/meshes/ur15/collision/shoulder.stl
[3.722s] -- Symlinking: /home/Gery/Marble_Balancing_Robotic_Arm/40_Simulation/MBR_ws/install/ur_description/share/ur_description/meshes/ur15/collision/upperarm.stl
[3.736s] -- Symlinking: /home/Gery/Marble_Balancing_Robotic_Arm/40_Simulation/MBR_ws/install/ur_description/share/ur_description/meshes/ur15/collision/wrist1.stl
[3.748s] -- Symlinking: /home/Gery/Marble_Balancing_Robotic_Arm/40_Simulation/MBR_ws/install/ur_description/share/ur_description/meshes/ur15/collision/wrist2.stl
[3.763s] -- Symlinking: /home/Gery/Marble_Balancing_Robotic_Arm/40_Simulation/MBR_ws/install/ur_description/share/ur_description/meshes/ur15/collision/wrist3.stl
[3.775s] -- Symlinking: /home/Gery/Marble_Balancing_Robotic_Arm/40_Simulation/MBR_ws/install/ur_description/share/ur_description/meshes/ur15/visual/UR15_DIFF_8bit_2K.jpg
[3.789s] -- Symlinking: /home/Gery/Marble_Balancing_Robotic_Arm/40_Simulation/MBR_ws/install/ur_description/share/ur_description/meshes/ur15/visual/base.dae
[3.801s] -- Symlinking: /home/Gery/Marble_Balancing_Robotic_Arm/40_Simulation/MBR_ws/install/ur_description/share/ur_description/meshes/ur15/visual/forearm.dae
[3.814s] -- Symlinking: /home/Gery/Marble_Balancing_Robotic_Arm/40_Simulation/MBR_ws/install/ur_description/share/ur_description/meshes/ur15/visual/shoulder.dae
[3.828s] -- Symlinking: /home/Gery/Marble_Balancing_Robotic_Arm/40_Simulation/MBR_ws/install/ur_description/share/ur_description/meshes/ur15/visual/upperarm.dae
[3.842s] -- Symlinking: /home/Gery/Marble_Balancing_Robotic_Arm/40_Simulation/MBR_ws/install/ur_description/share/ur_description/meshes/ur15/visual/wrist1.dae
[3.855s] -- Symlinking: /home/Gery/Marble_Balancing_Robotic_Arm/40_Simulation/MBR_ws/install/ur_description/share/ur_description/meshes/ur15/visual/wrist2.dae
[3.867s] -- Symlinking: /home/Gery/Marble_Balancing_Robotic_Arm/40_Simulation/MBR_ws/install/ur_description/share/ur_description/meshes/ur15/visual/wrist3.dae
[3.880s] -- Symlinking: /home/Gery/Marble_Balancing_Robotic_Arm/40_Simulation/MBR_ws/install/ur_description/share/ur_description/meshes/ur16e/collision/forearm.stl
[3.892s] -- Symlinking: /home/Gery/Marble_Balancing_Robotic_Arm/40_Simulation/MBR_ws/install/ur_description/share/ur_description/meshes/ur16e/collision/upperarm.stl
[3.905s] -- Symlinking: /home/Gery/Marble_Balancing_Robotic_Arm/40_Simulation/MBR_ws/install/ur_description/share/ur_description/meshes/ur16e/visual/forearm.dae
[3.918s] -- Symlinking: /home/Gery/Marble_Balancing_Robotic_Arm/40_Simulation/MBR_ws/install/ur_description/share/ur_description/meshes/ur16e/visual/upperarm.dae
[3.931s] -- Symlinking: /home/Gery/Marble_Balancing_Robotic_Arm/40_Simulation/MBR_ws/install/ur_description/share/ur_description/meshes/ur18/LICENSE.txt
[3.944s] -- Symlinking: /home/Gery/Marble_Balancing_Robotic_Arm/40_Simulation/MBR_ws/install/ur_description/share/ur_description/meshes/ur18/collision/forearm.stl
[3.957s] -- Symlinking: /home/Gery/Marble_Balancing_Robotic_Arm/40_Simulation/MBR_ws/install/ur_description/share/ur_description/meshes/ur18/collision/upperarm.stl
[3.970s] -- Symlinking: /home/Gery/Marble_Balancing_Robotic_Arm/40_Simulation/MBR_ws/install/ur_description/share/ur_description/meshes/ur18/visual/UR18_DIFF_8bit_2K.jpg
[3.983s] -- Symlinking: /home/Gery/Marble_Balancing_Robotic_Arm/40_Simulation/MBR_ws/install/ur_description/share/ur_description/meshes/ur18/visual/forearm.dae
[3.996s] -- Symlinking: /home/Gery/Marble_Balancing_Robotic_Arm/40_Simulation/MBR_ws/install/ur_description/share/ur_description/meshes/ur18/visual/upperarm.dae
[4.009s] -- Symlinking: /home/Gery/Marble_Balancing_Robotic_Arm/40_Simulation/MBR_ws/install/ur_description/share/ur_description/meshes/ur20/LICENSE.txt
[4.022s] -- Symlinking: /home/Gery/Marble_Balancing_Robotic_Arm/40_Simulation/MBR_ws/install/ur_description/share/ur_description/meshes/ur20/collision/base.stl
[4.035s] -- Symlinking: /home/Gery/Marble_Balancing_Robotic_Arm/40_Simulation/MBR_ws/install/ur_description/share/ur_description/meshes/ur20/collision/forearm.stl
[4.048s] -- Symlinking: /home/Gery/Marble_Balancing_Robotic_Arm/40_Simulation/MBR_ws/install/ur_description/share/ur_description/meshes/ur20/collision/shoulder.stl
[4.061s] -- Symlinking: /home/Gery/Marble_Balancing_Robotic_Arm/40_Simulation/MBR_ws/install/ur_description/share/ur_description/meshes/ur20/collision/upperarm.stl
[4.073s] -- Symlinking: /home/Gery/Marble_Balancing_Robotic_Arm/40_Simulation/MBR_ws/install/ur_description/share/ur_description/meshes/ur20/collision/wrist1.stl
[4.086s] -- Symlinking: /home/Gery/Marble_Balancing_Robotic_Arm/40_Simulation/MBR_ws/install/ur_description/share/ur_description/meshes/ur20/collision/wrist2.stl
[4.098s] -- Symlinking: /home/Gery/Marble_Balancing_Robotic_Arm/40_Simulation/MBR_ws/install/ur_description/share/ur_description/meshes/ur20/collision/wrist3.stl
[4.111s] -- Symlinking: /home/Gery/Marble_Balancing_Robotic_Arm/40_Simulation/MBR_ws/install/ur_description/share/ur_description/meshes/ur20/visual/UR20_DIFF_8bit_2K.png
[4.123s] -- Symlinking: /home/Gery/Marble_Balancing_Robotic_Arm/40_Simulation/MBR_ws/install/ur_description/share/ur_description/meshes/ur20/visual/base.dae
[4.137s] -- Symlinking: /home/Gery/Marble_Balancing_Robotic_Arm/40_Simulation/MBR_ws/install/ur_description/share/ur_description/meshes/ur20/visual/forearm.dae
[4.150s] -- Symlinking: /home/Gery/Marble_Balancing_Robotic_Arm/40_Simulation/MBR_ws/install/ur_description/share/ur_description/meshes/ur20/visual/shoulder.dae
[4.163s] -- Symlinking: /home/Gery/Marble_Balancing_Robotic_Arm/40_Simulation/MBR_ws/install/ur_description/share/ur_description/meshes/ur20/visual/upperarm.dae
[4.176s] -- Symlinking: /home/Gery/Marble_Balancing_Robotic_Arm/40_Simulation/MBR_ws/install/ur_description/share/ur_description/meshes/ur20/visual/wrist1.dae
[4.188s] -- Symlinking: /home/Gery/Marble_Balancing_Robotic_Arm/40_Simulation/MBR_ws/install/ur_description/share/ur_description/meshes/ur20/visual/wrist2.dae
[4.200s] -- Symlinking: /home/Gery/Marble_Balancing_Robotic_Arm/40_Simulation/MBR_ws/install/ur_description/share/ur_description/meshes/ur20/visual/wrist3.dae
[4.212s] -- Symlinking: /home/Gery/Marble_Balancing_Robotic_Arm/40_Simulation/MBR_ws/install/ur_description/share/ur_description/meshes/ur3/collision/base.stl
[4.225s] -- Symlinking: /home/Gery/Marble_Balancing_Robotic_Arm/40_Simulation/MBR_ws/install/ur_description/share/ur_description/meshes/ur3/collision/forearm.stl
[4.239s] -- Symlinking: /home/Gery/Marble_Balancing_Robotic_Arm/40_Simulation/MBR_ws/install/ur_description/share/ur_description/meshes/ur3/collision/shoulder.stl
[4.252s] -- Symlinking: /home/Gery/Marble_Balancing_Robotic_Arm/40_Simulation/MBR_ws/install/ur_description/share/ur_description/meshes/ur3/collision/upperarm.stl
[4.265s] -- Symlinking: /home/Gery/Marble_Balancing_Robotic_Arm/40_Simulation/MBR_ws/install/ur_description/share/ur_description/meshes/ur3/collision/wrist1.stl
[4.277s] -- Symlinking: /home/Gery/Marble_Balancing_Robotic_Arm/40_Simulation/MBR_ws/install/ur_description/share/ur_description/meshes/ur3/collision/wrist2.stl
[4.289s] -- Symlinking: /home/Gery/Marble_Balancing_Robotic_Arm/40_Simulation/MBR_ws/install/ur_description/share/ur_description/meshes/ur3/collision/wrist3.stl
[4.302s] -- Symlinking: /home/Gery/Marble_Balancing_Robotic_Arm/40_Simulation/MBR_ws/install/ur_description/share/ur_description/meshes/ur3/visual/base.dae
[4.315s] -- Symlinking: /home/Gery/Marble_Balancing_Robotic_Arm/40_Simulation/MBR_ws/install/ur_description/share/ur_description/meshes/ur3/visual/forearm.dae
[4.329s] -- Symlinking: /home/Gery/Marble_Balancing_Robotic_Arm/40_Simulation/MBR_ws/install/ur_description/share/ur_description/meshes/ur3/visual/shoulder.dae
[4.342s] -- Symlinking: /home/Gery/Marble_Balancing_Robotic_Arm/40_Simulation/MBR_ws/install/ur_description/share/ur_description/meshes/ur3/visual/upperarm.dae
[4.355s] -- Symlinking: /home/Gery/Marble_Balancing_Robotic_Arm/40_Simulation/MBR_ws/install/ur_description/share/ur_description/meshes/ur3/visual/wrist1.dae
[4.368s] -- Symlinking: /home/Gery/Marble_Balancing_Robotic_Arm/40_Simulation/MBR_ws/install/ur_description/share/ur_description/meshes/ur3/visual/wrist2.dae
[4.381s] -- Symlinking: /home/Gery/Marble_Balancing_Robotic_Arm/40_Simulation/MBR_ws/install/ur_description/share/ur_description/meshes/ur3/visual/wrist3.dae
[4.394s] -- Symlinking: /home/Gery/Marble_Balancing_Robotic_Arm/40_Simulation/MBR_ws/install/ur_description/share/ur_description/meshes/ur30/LICENSE.txt
[4.407s] -- Symlinking: /home/Gery/Marble_Balancing_Robotic_Arm/40_Simulation/MBR_ws/install/ur_description/share/ur_description/meshes/ur30/collision/forearm.stl
[4.420s] -- Symlinking: /home/Gery/Marble_Balancing_Robotic_Arm/40_Simulation/MBR_ws/install/ur_description/share/ur_description/meshes/ur30/collision/upperarm.stl
[4.434s] -- Symlinking: /home/Gery/Marble_Balancing_Robotic_Arm/40_Simulation/MBR_ws/install/ur_description/share/ur_description/meshes/ur30/visual/UR30_DIFF_8bit_2K.png
[4.448s] -- Symlinking: /home/Gery/Marble_Balancing_Robotic_Arm/40_Simulation/MBR_ws/install/ur_description/share/ur_description/meshes/ur30/visual/forearm.dae
[4.461s] -- Symlinking: /home/Gery/Marble_Balancing_Robotic_Arm/40_Simulation/MBR_ws/install/ur_description/share/ur_description/meshes/ur30/visual/upperarm.dae
[4.475s] -- Symlinking: /home/Gery/Marble_Balancing_Robotic_Arm/40_Simulation/MBR_ws/install/ur_description/share/ur_description/meshes/ur3e/collision/base.stl
[4.488s] -- Symlinking: /home/Gery/Marble_Balancing_Robotic_Arm/40_Simulation/MBR_ws/install/ur_description/share/ur_description/meshes/ur3e/collision/forearm.stl
[4.501s] -- Symlinking: /home/Gery/Marble_Balancing_Robotic_Arm/40_Simulation/MBR_ws/install/ur_description/share/ur_description/meshes/ur3e/collision/shoulder.stl
[4.514s] -- Symlinking: /home/Gery/Marble_Balancing_Robotic_Arm/40_Simulation/MBR_ws/install/ur_description/share/ur_description/meshes/ur3e/collision/upperarm.stl
[4.527s] -- Symlinking: /home/Gery/Marble_Balancing_Robotic_Arm/40_Simulation/MBR_ws/install/ur_description/share/ur_description/meshes/ur3e/collision/wrist1.stl
[4.541s] -- Symlinking: /home/Gery/Marble_Balancing_Robotic_Arm/40_Simulation/MBR_ws/install/ur_description/share/ur_description/meshes/ur3e/collision/wrist2.stl
[4.555s] -- Symlinking: /home/Gery/Marble_Balancing_Robotic_Arm/40_Simulation/MBR_ws/install/ur_description/share/ur_description/meshes/ur3e/collision/wrist3.stl
[4.567s] -- Symlinking: /home/Gery/Marble_Balancing_Robotic_Arm/40_Simulation/MBR_ws/install/ur_description/share/ur_description/meshes/ur3e/visual/base.dae
[4.580s] -- Symlinking: /home/Gery/Marble_Balancing_Robotic_Arm/40_Simulation/MBR_ws/install/ur_description/share/ur_description/meshes/ur3e/visual/forearm.dae
[4.592s] -- Symlinking: /home/Gery/Marble_Balancing_Robotic_Arm/40_Simulation/MBR_ws/install/ur_description/share/ur_description/meshes/ur3e/visual/shoulder.dae
[4.604s] -- Symlinking: /home/Gery/Marble_Balancing_Robotic_Arm/40_Simulation/MBR_ws/install/ur_description/share/ur_description/meshes/ur3e/visual/upperarm.dae
[4.618s] -- Symlinking: /home/Gery/Marble_Balancing_Robotic_Arm/40_Simulation/MBR_ws/install/ur_description/share/ur_description/meshes/ur3e/visual/wrist1.dae
[4.631s] -- Symlinking: /home/Gery/Marble_Balancing_Robotic_Arm/40_Simulation/MBR_ws/install/ur_description/share/ur_description/meshes/ur3e/visual/wrist2.dae
[4.644s] -- Symlinking: /home/Gery/Marble_Balancing_Robotic_Arm/40_Simulation/MBR_ws/install/ur_description/share/ur_description/meshes/ur3e/visual/wrist3.dae
[4.658s] -- Symlinking: /home/Gery/Marble_Balancing_Robotic_Arm/40_Simulation/MBR_ws/install/ur_description/share/ur_description/meshes/ur5/collision/base.stl
[4.670s] -- Symlinking: /home/Gery/Marble_Balancing_Robotic_Arm/40_Simulation/MBR_ws/install/ur_description/share/ur_description/meshes/ur5/collision/forearm.stl
[4.683s] -- Symlinking: /home/Gery/Marble_Balancing_Robotic_Arm/40_Simulation/MBR_ws/install/ur_description/share/ur_description/meshes/ur5/collision/shoulder.stl
[4.695s] -- Symlinking: /home/Gery/Marble_Balancing_Robotic_Arm/40_Simulation/MBR_ws/install/ur_description/share/ur_description/meshes/ur5/collision/upperarm.stl
[4.707s] -- Symlinking: /home/Gery/Marble_Balancing_Robotic_Arm/40_Simulation/MBR_ws/install/ur_description/share/ur_description/meshes/ur5/collision/wrist1.stl
[4.719s] -- Symlinking: /home/Gery/Marble_Balancing_Robotic_Arm/40_Simulation/MBR_ws/install/ur_description/share/ur_description/meshes/ur5/collision/wrist2.stl
[4.732s] -- Symlinking: /home/Gery/Marble_Balancing_Robotic_Arm/40_Simulation/MBR_ws/install/ur_description/share/ur_description/meshes/ur5/collision/wrist3.stl
[4.745s] -- Symlinking: /home/Gery/Marble_Balancing_Robotic_Arm/40_Simulation/MBR_ws/install/ur_description/share/ur_description/meshes/ur5/visual/base.dae
[4.758s] -- Symlinking: /home/Gery/Marble_Balancing_Robotic_Arm/40_Simulation/MBR_ws/install/ur_description/share/ur_description/meshes/ur5/visual/forearm.dae
[4.773s] -- Symlinking: /home/Gery/Marble_Balancing_Robotic_Arm/40_Simulation/MBR_ws/install/ur_description/share/ur_description/meshes/ur5/visual/shoulder.dae
[4.786s] -- Symlinking: /home/Gery/Marble_Balancing_Robotic_Arm/40_Simulation/MBR_ws/install/ur_description/share/ur_description/meshes/ur5/visual/upperarm.dae
[4.799s] -- Symlinking: /home/Gery/Marble_Balancing_Robotic_Arm/40_Simulation/MBR_ws/install/ur_description/share/ur_description/meshes/ur5/visual/wrist1.dae
[4.811s] -- Symlinking: /home/Gery/Marble_Balancing_Robotic_Arm/40_Simulation/MBR_ws/install/ur_description/share/ur_description/meshes/ur5/visual/wrist2.dae
[4.824s] -- Symlinking: /home/Gery/Marble_Balancing_Robotic_Arm/40_Simulation/MBR_ws/install/ur_description/share/ur_description/meshes/ur5/visual/wrist3.dae
[4.837s] -- Symlinking: /home/Gery/Marble_Balancing_Robotic_Arm/40_Simulation/MBR_ws/install/ur_description/share/ur_description/meshes/ur5e/collision/base.stl
[4.850s] -- Symlinking: /home/Gery/Marble_Balancing_Robotic_Arm/40_Simulation/MBR_ws/install/ur_description/share/ur_description/meshes/ur5e/collision/forearm.stl
[4.863s] -- Symlinking: /home/Gery/Marble_Balancing_Robotic_Arm/40_Simulation/MBR_ws/install/ur_description/share/ur_description/meshes/ur5e/collision/shoulder.stl
[4.876s] -- Symlinking: /home/Gery/Marble_Balancing_Robotic_Arm/40_Simulation/MBR_ws/install/ur_description/share/ur_description/meshes/ur5e/collision/upperarm.stl
[4.889s] -- Symlinking: /home/Gery/Marble_Balancing_Robotic_Arm/40_Simulation/MBR_ws/install/ur_description/share/ur_description/meshes/ur5e/collision/wrist1.stl
[4.902s] -- Symlinking: /home/Gery/Marble_Balancing_Robotic_Arm/40_Simulation/MBR_ws/install/ur_description/share/ur_description/meshes/ur5e/collision/wrist2.stl
[4.915s] -- Symlinking: /home/Gery/Marble_Balancing_Robotic_Arm/40_Simulation/MBR_ws/install/ur_description/share/ur_description/meshes/ur5e/collision/wrist3.stl
[4.929s] -- Symlinking: /home/Gery/Marble_Balancing_Robotic_Arm/40_Simulation/MBR_ws/install/ur_description/share/ur_description/meshes/ur5e/visual/base.dae
[4.942s] -- Symlinking: /home/Gery/Marble_Balancing_Robotic_Arm/40_Simulation/MBR_ws/install/ur_description/share/ur_description/meshes/ur5e/visual/forearm.dae
[4.955s] -- Symlinking: /home/Gery/Marble_Balancing_Robotic_Arm/40_Simulation/MBR_ws/install/ur_description/share/ur_description/meshes/ur5e/visual/shoulder.dae
[4.967s] -- Symlinking: /home/Gery/Marble_Balancing_Robotic_Arm/40_Simulation/MBR_ws/install/ur_description/share/ur_description/meshes/ur5e/visual/upperarm.dae
[4.980s] -- Symlinking: /home/Gery/Marble_Balancing_Robotic_Arm/40_Simulation/MBR_ws/install/ur_description/share/ur_description/meshes/ur5e/visual/wrist1.dae
[4.993s] -- Symlinking: /home/Gery/Marble_Balancing_Robotic_Arm/40_Simulation/MBR_ws/install/ur_description/share/ur_description/meshes/ur5e/visual/wrist2.dae
[5.006s] -- Symlinking: /home/Gery/Marble_Balancing_Robotic_Arm/40_Simulation/MBR_ws/install/ur_description/share/ur_description/meshes/ur5e/visual/wrist3.dae
[5.019s] -- Symlinking: /home/Gery/Marble_Balancing_Robotic_Arm/40_Simulation/MBR_ws/install/ur_description/share/ur_description/meshes/ur8long/LICENSE.txt
[5.032s] -- Symlinking: /home/Gery/Marble_Balancing_Robotic_Arm/40_Simulation/MBR_ws/install/ur_description/share/ur_description/meshes/ur8long/collision/forearm.stl
[5.045s] -- Symlinking: /home/Gery/Marble_Balancing_Robotic_Arm/40_Simulation/MBR_ws/install/ur_description/share/ur_description/meshes/ur8long/collision/upperarm.stl
[5.058s] -- Symlinking: /home/Gery/Marble_Balancing_Robotic_Arm/40_Simulation/MBR_ws/install/ur_description/share/ur_description/meshes/ur8long/visual/UR8Long_DIFF_8bit_2K.jpg
[5.070s] -- Symlinking: /home/Gery/Marble_Balancing_Robotic_Arm/40_Simulation/MBR_ws/install/ur_description/share/ur_description/meshes/ur8long/visual/forearm.dae
[5.082s] -- Symlinking: /home/Gery/Marble_Balancing_Robotic_Arm/40_Simulation/MBR_ws/install/ur_description/share/ur_description/meshes/ur8long/visual/upperarm.dae
[5.094s] -- Symlinking: /home/Gery/Marble_Balancing_Robotic_Arm/40_Simulation/MBR_ws/install/ur_description/share/ur_description/rviz/view_robot.rviz
[5.107s] -- Symlinking: /home/Gery/Marble_Balancing_Robotic_Arm/40_Simulation/MBR_ws/install/ur_description/share/ur_description/urdf/inc/ur_common.xacro
[5.119s] -- Symlinking: /home/Gery/Marble_Balancing_Robotic_Arm/40_Simulation/MBR_ws/install/ur_description/share/ur_description/urdf/inc/ur_joint_control.xacro
[5.132s] -- Symlinking: /home/Gery/Marble_Balancing_Robotic_Arm/40_Simulation/MBR_ws/install/ur_description/share/ur_description/urdf/inc/ur_sensors.xacro
[5.145s] -- Symlinking: /home/Gery/Marble_Balancing_Robotic_Arm/40_Simulation/MBR_ws/install/ur_description/share/ur_description/urdf/inc/ur_transmissions.xacro
[5.157s] -- Symlinking: /home/Gery/Marble_Balancing_Robotic_Arm/40_Simulation/MBR_ws/install/ur_description/share/ur_description/urdf/ros2_control_mock_hardware.xacro
[5.169s] -- Symlinking: /home/Gery/Marble_Balancing_Robotic_Arm/40_Simulation/MBR_ws/install/ur_description/share/ur_description/urdf/ur.urdf.xacro
[5.182s] -- Symlinking: /home/Gery/Marble_Balancing_Robotic_Arm/40_Simulation/MBR_ws/install/ur_description/share/ur_description/urdf/ur7e.urdf
[5.194s] -- Symlinking: /home/Gery/Marble_Balancing_Robotic_Arm/40_Simulation/MBR_ws/install/ur_description/share/ur_description/urdf/ur_macro.xacro
[5.207s] -- Symlinking: /home/Gery/Marble_Balancing_Robotic_Arm/40_Simulation/MBR_ws/install/ur_description/share/ur_description/urdf/ur_mocked.urdf.xacro
[5.221s] -- Symlinking: /home/Gery/Marble_Balancing_Robotic_Arm/40_Simulation/MBR_ws/install/ur_description/share/ur_description/test/test_ur_urdf_xacro.py
[5.235s] -- Symlinking: /home/Gery/Marble_Balancing_Robotic_Arm/40_Simulation/MBR_ws/install/ur_description/share/ur_description/test/test_view_ur_launch.py
[5.248s] -- Symlinking: /home/Gery/Marble_Balancing_Robotic_Arm/40_Simulation/MBR_ws/install/ur_description/share/ament_index/resource_index/package_run_dependencies/ur_description
[5.261s] -- Symlinking: /home/Gery/Marble_Balancing_Robotic_Arm/40_Simulation/MBR_ws/install/ur_description/share/ament_index/resource_index/parent_prefix_path/ur_description
[5.273s] -- Symlinking: /home/Gery/Marble_Balancing_Robotic_Arm/40_Simulation/MBR_ws/install/ur_description/share/ur_description/environment/ament_prefix_path.sh
[5.285s] -- Symlinking: /home/Gery/Marble_Balancing_Robotic_Arm/40_Simulation/MBR_ws/install/ur_description/share/ur_description/environment/ament_prefix_path.dsv
[5.298s] -- Symlinking: /home/Gery/Marble_Balancing_Robotic_Arm/40_Simulation/MBR_ws/install/ur_description/share/ur_description/environment/path.sh
[5.311s] -- Symlinking: /home/Gery/Marble_Balancing_Robotic_Arm/40_Simulation/MBR_ws/install/ur_description/share/ur_description/environment/path.dsv
[5.324s] -- Symlinking: /home/Gery/Marble_Balancing_Robotic_Arm/40_Simulation/MBR_ws/install/ur_description/share/ur_description/local_setup.bash
[5.338s] -- Symlinking: /home/Gery/Marble_Balancing_Robotic_Arm/40_Simulation/MBR_ws/install/ur_description/share/ur_description/local_setup.sh
[5.350s] -- Symlinking: /home/Gery/Marble_Balancing_Robotic_Arm/40_Simulation/MBR_ws/install/ur_description/share/ur_description/local_setup.zsh
[5.364s] -- Symlinking: /home/Gery/Marble_Balancing_Robotic_Arm/40_Simulation/MBR_ws/install/ur_description/share/ur_description/local_setup.dsv
[5.376s] -- Symlinking: /home/Gery/Marble_Balancing_Robotic_Arm/40_Simulation/MBR_ws/install/ur_description/share/ur_description/package.dsv
[5.389s] -- Symlinking: /home/Gery/Marble_Balancing_Robotic_Arm/40_Simulation/MBR_ws/install/ur_description/share/ament_index/resource_index/packages/ur_description
[5.402s] -- Symlinking: /home/Gery/Marble_Balancing_Robotic_Arm/40_Simulation/MBR_ws/install/ur_description/share/ur_description/cmake/ur_descriptionConfig.cmake
[5.414s] -- Symlinking: /home/Gery/Marble_Balancing_Robotic_Arm/40_Simulation/MBR_ws/install/ur_description/share/ur_description/cmake/ur_descriptionConfig-version.cmake
[5.427s] -- Symlinking: /home/Gery/Marble_Balancing_Robotic_Arm/40_Simulation/MBR_ws/install/ur_description/share/ur_description/package.xml
[5.444s] Invoked command in '/home/Gery/Marble_Balancing_Robotic_Arm/40_Simulation/MBR_ws/build/ur_description' returned '0': CMAKE_PREFIX_PATH=${CMAKE_PREFIX_PATH}:/home/Gery/Marble_Balancing_Robotic_Arm/40_Simulation/MBR_ws/install/marble_control:/home/Gery/Marble_Balancing_Robotic_Arm/40_Simulation/MBR_ws/install/OldOne_description:/home/Gery/Marble_Balancing_Robotic_Arm/40_Simulation/MBR_ws/install/Marble_control:/opt/ros/humble /usr/bin/cmake --install /home/Gery/Marble_Balancing_Robotic_Arm/40_Simulation/MBR_ws/build/ur_description
