running develop
running egg_info
creating Marble_control.egg-info
writing Marble_control.egg-info/PKG-INFO
writing dependency_links to Marble_control.egg-info/dependency_links.txt
writing entry points to Marble_control.egg-info/entry_points.txt
writing requirements to Marble_control.egg-info/requires.txt
writing top-level names to Marble_control.egg-info/top_level.txt
writing manifest file 'Marble_control.egg-info/SOURCES.txt'
reading manifest file 'Marble_control.egg-info/SOURCES.txt'
writing manifest file 'Marble_control.egg-info/SOURCES.txt'
running build_ext
Creating /home/Gery/Marble_Balancing_Robotic_Arm/40_Simulation/cs558/install/Marble_control/lib/python3.10/site-packages/Marble-control.egg-link (link to .)

Installed /home/Gery/Marble_Balancing_Robotic_Arm/40_Simulation/cs558/build/Marble_control
running symlink_data
creating /home/Gery/Marble_Balancing_Robotic_Arm/40_Simulation/cs558/install/Marble_control/share/ament_index
creating /home/Gery/Marble_Balancing_Robotic_Arm/40_Simulation/cs558/install/Marble_control/share/ament_index/resource_index
creating /home/Gery/Marble_Balancing_Robotic_Arm/40_Simulation/cs558/install/Marble_control/share/ament_index/resource_index/packages
symbolically linking /home/Gery/Marble_Balancing_Robotic_Arm/40_Simulation/cs558/build/Marble_control/resource/Marble_control -> /home/Gery/Marble_Balancing_Robotic_Arm/40_Simulation/cs558/install/Marble_control/share/ament_index/resource_index/packages
symbolically linking /home/Gery/Marble_Balancing_Robotic_Arm/40_Simulation/cs558/build/Marble_control/package.xml -> /home/Gery/Marble_Balancing_Robotic_Arm/40_Simulation/cs558/install/Marble_control/share/Marble_control
