[0.986s] Invoking command in '/home/Gery/Marble_Balancing_Robotic_Arm/40_Simulation/cs558/build/Marble_control': PYTHONPATH=/home/Gery/Marble_Balancing_Robotic_Arm/40_Simulation/cs558/build/Marble_control/prefix_override:/usr/lib/python3/dist-packages/colcon_core/task/python/colcon_distutils_commands:/home/Gery/Marble_Balancing_Robotic_Arm/40_Simulation/cs558/install/Marble_control/lib/python3.10/site-packages:${PYTHONPATH} /usr/bin/python3 -W ignore:setup.py install is deprecated -W ignore:easy_install command is deprecated setup.py develop --editable --build-directory /home/Gery/Marble_Balancing_Robotic_Arm/40_Simulation/cs558/build/Marble_control/build --no-deps symlink_data
[1.271s] running develop
[1.456s] running egg_info
[1.456s] creating Marble_control.egg-info
[1.457s] writing Marble_control.egg-info/PKG-INFO
[1.457s] writing dependency_links to Marble_control.egg-info/dependency_links.txt
[1.457s] writing entry points to Marble_control.egg-info/entry_points.txt
[1.457s] writing requirements to Marble_control.egg-info/requires.txt
[1.457s] writing top-level names to Marble_control.egg-info/top_level.txt
[1.457s] writing manifest file 'Marble_control.egg-info/SOURCES.txt'
[1.459s] reading manifest file 'Marble_control.egg-info/SOURCES.txt'
[1.460s] writing manifest file 'Marble_control.egg-info/SOURCES.txt'
[1.461s] running build_ext
[1.461s] Creating /home/Gery/Marble_Balancing_Robotic_Arm/40_Simulation/cs558/install/Marble_control/lib/python3.10/site-packages/Marble-control.egg-link (link to .)
[1.462s] 
[1.462s] Installed /home/Gery/Marble_Balancing_Robotic_Arm/40_Simulation/cs558/build/Marble_control
[1.462s] running symlink_data
[1.463s] creating /home/Gery/Marble_Balancing_Robotic_Arm/40_Simulation/cs558/install/Marble_control/share/ament_index
[1.463s] creating /home/Gery/Marble_Balancing_Robotic_Arm/40_Simulation/cs558/install/Marble_control/share/ament_index/resource_index
[1.463s] creating /home/Gery/Marble_Balancing_Robotic_Arm/40_Simulation/cs558/install/Marble_control/share/ament_index/resource_index/packages
[1.463s] symbolically linking /home/Gery/Marble_Balancing_Robotic_Arm/40_Simulation/cs558/build/Marble_control/resource/Marble_control -> /home/Gery/Marble_Balancing_Robotic_Arm/40_Simulation/cs558/install/Marble_control/share/ament_index/resource_index/packages
[1.463s] symbolically linking /home/Gery/Marble_Balancing_Robotic_Arm/40_Simulation/cs558/build/Marble_control/package.xml -> /home/Gery/Marble_Balancing_Robotic_Arm/40_Simulation/cs558/install/Marble_control/share/Marble_control
[1.498s] Invoked command in '/home/Gery/Marble_Balancing_Robotic_Arm/40_Simulation/cs558/build/Marble_control' returned '0': PYTHONPATH=/home/Gery/Marble_Balancing_Robotic_Arm/40_Simulation/cs558/build/Marble_control/prefix_override:/usr/lib/python3/dist-packages/colcon_core/task/python/colcon_distutils_commands:/home/Gery/Marble_Balancing_Robotic_Arm/40_Simulation/cs558/install/Marble_control/lib/python3.10/site-packages:${PYTHONPATH} /usr/bin/python3 -W ignore:setup.py install is deprecated -W ignore:easy_install command is deprecated setup.py develop --editable --build-directory /home/Gery/Marble_Balancing_Robotic_Arm/40_Simulation/cs558/build/Marble_control/build --no-deps symlink_data
