[0.445s] Invoking command in '/home/lincoln/Marble_Balancing_Robotic_Arm/40_Simulation/MBR_ws/src/OldOne_description': PYTHONPATH=/home/lincoln/Marble_Balancing_Robotic_Arm/40_Simulation/MBR_ws/build/OldOne_description/prefix_override:/usr/lib/python3/dist-packages/colcon_core/task/python/colcon_distutils_commands:/home/lincoln/Marble_Balancing_Robotic_Arm/40_Simulation/MBR_ws/install/OldOne_description/lib/python3.10/site-packages:${PYTHONPATH} /usr/bin/python3 -W ignore:setup.py install is deprecated -W ignore:easy_install command is deprecated setup.py egg_info --egg-base ../../build/OldOne_description build --build-base /home/lincoln/Marble_Balancing_Robotic_Arm/40_Simulation/MBR_ws/build/OldOne_description/build install --record /home/lincoln/Marble_Balancing_Robotic_Arm/40_Simulation/MBR_ws/build/OldOne_description/install.log --single-version-externally-managed install_data
[0.577s] running egg_info
[0.577s] writing ../../build/OldOne_description/OldOne_description.egg-info/PKG-INFO
[0.577s] writing dependency_links to ../../build/OldOne_description/OldOne_description.egg-info/dependency_links.txt
[0.577s] writing entry points to ../../build/OldOne_description/OldOne_description.egg-info/entry_points.txt
[0.577s] writing requirements to ../../build/OldOne_description/OldOne_description.egg-info/requires.txt
[0.578s] writing top-level names to ../../build/OldOne_description/OldOne_description.egg-info/top_level.txt
[0.578s] reading manifest file '../../build/OldOne_description/OldOne_description.egg-info/SOURCES.txt'
[0.579s] writing manifest file '../../build/OldOne_description/OldOne_description.egg-info/SOURCES.txt'
[0.579s] running build
[0.579s] running build_py
[0.579s] running install
[0.579s] running install_lib
[0.580s] running install_data
[0.580s] running install_egg_info
[0.581s] removing '/home/lincoln/Marble_Balancing_Robotic_Arm/40_Simulation/MBR_ws/install/OldOne_description/lib/python3.10/site-packages/OldOne_description-0.0.0-py3.10.egg-info' (and everything under it)
[0.581s] Copying ../../build/OldOne_description/OldOne_description.egg-info to /home/lincoln/Marble_Balancing_Robotic_Arm/40_Simulation/MBR_ws/install/OldOne_description/lib/python3.10/site-packages/OldOne_description-0.0.0-py3.10.egg-info
[0.581s] running install_scripts
[0.592s] writing list of installed files to '/home/lincoln/Marble_Balancing_Robotic_Arm/40_Simulation/MBR_ws/build/OldOne_description/install.log'
[0.603s] Invoked command in '/home/lincoln/Marble_Balancing_Robotic_Arm/40_Simulation/MBR_ws/src/OldOne_description' returned '0': PYTHONPATH=/home/lincoln/Marble_Balancing_Robotic_Arm/40_Simulation/MBR_ws/build/OldOne_description/prefix_override:/usr/lib/python3/dist-packages/colcon_core/task/python/colcon_distutils_commands:/home/lincoln/Marble_Balancing_Robotic_Arm/40_Simulation/MBR_ws/install/OldOne_description/lib/python3.10/site-packages:${PYTHONPATH} /usr/bin/python3 -W ignore:setup.py install is deprecated -W ignore:easy_install command is deprecated setup.py egg_info --egg-base ../../build/OldOne_description build --build-base /home/lincoln/Marble_Balancing_Robotic_Arm/40_Simulation/MBR_ws/build/OldOne_description/build install --record /home/lincoln/Marble_Balancing_Robotic_Arm/40_Simulation/MBR_ws/build/OldOne_description/install.log --single-version-externally-managed install_data
