[1.028s] Invoking command in '/home/Gery/Marble_Balancing_Robotic_Arm/40_Simulation/MBR_ws/build/OldOne_description': PYTHONPATH=/home/Gery/Marble_Balancing_Robotic_Arm/40_Simulation/MBR_ws/build/OldOne_description/prefix_override:/usr/lib/python3/dist-packages/colcon_core/task/python/colcon_distutils_commands:/home/Gery/Marble_Balancing_Robotic_Arm/40_Simulation/MBR_ws/install/OldOne_description/lib/python3.10/site-packages:${PYTHONPATH} /usr/bin/python3 -W ignore:setup.py install is deprecated -W ignore:easy_install command is deprecated setup.py develop --editable --build-directory /home/Gery/Marble_Balancing_Robotic_Arm/40_Simulation/MBR_ws/build/OldOne_description/build --no-deps symlink_data
[1.349s] running develop
[1.578s] running egg_info
[1.578s] creating OldOne_description.egg-info
[1.578s] writing OldOne_description.egg-info/PKG-INFO
[1.578s] writing dependency_links to OldOne_description.egg-info/dependency_links.txt
[1.578s] writing entry points to OldOne_description.egg-info/entry_points.txt
[1.579s] writing requirements to OldOne_description.egg-info/requires.txt
[1.580s] writing top-level names to OldOne_description.egg-info/top_level.txt
[1.581s] writing manifest file 'OldOne_description.egg-info/SOURCES.txt'
[1.585s] reading manifest file 'OldOne_description.egg-info/SOURCES.txt'
[1.587s] writing manifest file 'OldOne_description.egg-info/SOURCES.txt'
[1.595s] running build_ext
[1.595s] Creating /home/Gery/Marble_Balancing_Robotic_Arm/40_Simulation/MBR_ws/install/OldOne_description/lib/python3.10/site-packages/OldOne-description.egg-link (link to .)
[1.595s] 
[1.598s] Installed /home/Gery/Marble_Balancing_Robotic_Arm/40_Simulation/MBR_ws/build/OldOne_description
[1.598s] running symlink_data
[1.599s] creating /home/Gery/Marble_Balancing_Robotic_Arm/40_Simulation/MBR_ws/install/OldOne_description/share/ament_index
[1.601s] creating /home/Gery/Marble_Balancing_Robotic_Arm/40_Simulation/MBR_ws/install/OldOne_description/share/ament_index/resource_index
[1.601s] creating /home/Gery/Marble_Balancing_Robotic_Arm/40_Simulation/MBR_ws/install/OldOne_description/share/ament_index/resource_index/packages
[1.602s] symbolically linking /home/Gery/Marble_Balancing_Robotic_Arm/40_Simulation/MBR_ws/build/OldOne_description/resource/OldOne_description -> /home/Gery/Marble_Balancing_Robotic_Arm/40_Simulation/MBR_ws/install/OldOne_description/share/ament_index/resource_index/packages
[1.602s] symbolically linking /home/Gery/Marble_Balancing_Robotic_Arm/40_Simulation/MBR_ws/build/OldOne_description/package.xml -> /home/Gery/Marble_Balancing_Robotic_Arm/40_Simulation/MBR_ws/install/OldOne_description/share/OldOne_description
[1.602s] creating /home/Gery/Marble_Balancing_Robotic_Arm/40_Simulation/MBR_ws/install/OldOne_description/share/OldOne_description/launch
[1.602s] symbolically linking /home/Gery/Marble_Balancing_Robotic_Arm/40_Simulation/MBR_ws/build/OldOne_description/launch/display.launch.py -> /home/Gery/Marble_Balancing_Robotic_Arm/40_Simulation/MBR_ws/install/OldOne_description/share/OldOne_description/launch
[1.602s] symbolically linking /home/Gery/Marble_Balancing_Robotic_Arm/40_Simulation/MBR_ws/build/OldOne_description/launch/gazebo.launch.py -> /home/Gery/Marble_Balancing_Robotic_Arm/40_Simulation/MBR_ws/install/OldOne_description/share/OldOne_description/launch
[1.602s] creating /home/Gery/Marble_Balancing_Robotic_Arm/40_Simulation/MBR_ws/install/OldOne_description/share/OldOne_description/urdf
[1.602s] symbolically linking /home/Gery/Marble_Balancing_Robotic_Arm/40_Simulation/MBR_ws/build/OldOne_description/urdf/materials.xacro -> /home/Gery/Marble_Balancing_Robotic_Arm/40_Simulation/MBR_ws/install/OldOne_description/share/OldOne_description/urdf
[1.602s] symbolically linking /home/Gery/Marble_Balancing_Robotic_Arm/40_Simulation/MBR_ws/build/OldOne_description/urdf/zeball.urdf -> /home/Gery/Marble_Balancing_Robotic_Arm/40_Simulation/MBR_ws/install/OldOne_description/share/OldOne_description/urdf
[1.602s] symbolically linking /home/Gery/Marble_Balancing_Robotic_Arm/40_Simulation/MBR_ws/build/OldOne_description/urdf/OldOne.gazebo -> /home/Gery/Marble_Balancing_Robotic_Arm/40_Simulation/MBR_ws/install/OldOne_description/share/OldOne_description/urdf
[1.602s] symbolically linking /home/Gery/Marble_Balancing_Robotic_Arm/40_Simulation/MBR_ws/build/OldOne_description/urdf/OldOne.xacro -> /home/Gery/Marble_Balancing_Robotic_Arm/40_Simulation/MBR_ws/install/OldOne_description/share/OldOne_description/urdf
[1.603s] symbolically linking /home/Gery/Marble_Balancing_Robotic_Arm/40_Simulation/MBR_ws/build/OldOne_description/urdf/OldOne.trans -> /home/Gery/Marble_Balancing_Robotic_Arm/40_Simulation/MBR_ws/install/OldOne_description/share/OldOne_description/urdf
[1.604s] creating /home/Gery/Marble_Balancing_Robotic_Arm/40_Simulation/MBR_ws/install/OldOne_description/share/OldOne_description/meshes
[1.606s] symbolically linking /home/Gery/Marble_Balancing_Robotic_Arm/40_Simulation/MBR_ws/build/OldOne_description/meshes/link6_1.stl -> /home/Gery/Marble_Balancing_Robotic_Arm/40_Simulation/MBR_ws/install/OldOne_description/share/OldOne_description/meshes
[1.606s] symbolically linking /home/Gery/Marble_Balancing_Robotic_Arm/40_Simulation/MBR_ws/build/OldOne_description/meshes/base_link.stl -> /home/Gery/Marble_Balancing_Robotic_Arm/40_Simulation/MBR_ws/install/OldOne_description/share/OldOne_description/meshes
[1.606s] symbolically linking /home/Gery/Marble_Balancing_Robotic_Arm/40_Simulation/MBR_ws/build/OldOne_description/meshes/link3_1.stl -> /home/Gery/Marble_Balancing_Robotic_Arm/40_Simulation/MBR_ws/install/OldOne_description/share/OldOne_description/meshes
[1.607s] symbolically linking /home/Gery/Marble_Balancing_Robotic_Arm/40_Simulation/MBR_ws/build/OldOne_description/meshes/link4_1.stl -> /home/Gery/Marble_Balancing_Robotic_Arm/40_Simulation/MBR_ws/install/OldOne_description/share/OldOne_description/meshes
[1.607s] symbolically linking /home/Gery/Marble_Balancing_Robotic_Arm/40_Simulation/MBR_ws/build/OldOne_description/meshes/zEBALL_1.stl -> /home/Gery/Marble_Balancing_Robotic_Arm/40_Simulation/MBR_ws/install/OldOne_description/share/OldOne_description/meshes
[1.607s] symbolically linking /home/Gery/Marble_Balancing_Robotic_Arm/40_Simulation/MBR_ws/build/OldOne_description/meshes/link1_1.stl -> /home/Gery/Marble_Balancing_Robotic_Arm/40_Simulation/MBR_ws/install/OldOne_description/share/OldOne_description/meshes
[1.607s] symbolically linking /home/Gery/Marble_Balancing_Robotic_Arm/40_Simulation/MBR_ws/build/OldOne_description/meshes/link2_1.stl -> /home/Gery/Marble_Balancing_Robotic_Arm/40_Simulation/MBR_ws/install/OldOne_description/share/OldOne_description/meshes
[1.607s] symbolically linking /home/Gery/Marble_Balancing_Robotic_Arm/40_Simulation/MBR_ws/build/OldOne_description/meshes/link5_1.stl -> /home/Gery/Marble_Balancing_Robotic_Arm/40_Simulation/MBR_ws/install/OldOne_description/share/OldOne_description/meshes
[1.607s] creating /home/Gery/Marble_Balancing_Robotic_Arm/40_Simulation/MBR_ws/install/OldOne_description/share/OldOne_description/config
[1.607s] symbolically linking /home/Gery/Marble_Balancing_Robotic_Arm/40_Simulation/MBR_ws/build/OldOne_description/config/ros_gz_bridge_gazebo.yaml -> /home/Gery/Marble_Balancing_Robotic_Arm/40_Simulation/MBR_ws/install/OldOne_description/share/OldOne_description/config
[1.607s] symbolically linking /home/Gery/Marble_Balancing_Robotic_Arm/40_Simulation/MBR_ws/build/OldOne_description/config/display.rviz -> /home/Gery/Marble_Balancing_Robotic_Arm/40_Simulation/MBR_ws/install/OldOne_description/share/OldOne_description/config
[1.608s] symbolically linking /home/Gery/Marble_Balancing_Robotic_Arm/40_Simulation/MBR_ws/build/OldOne_description/config/gazebo.rviz -> /home/Gery/Marble_Balancing_Robotic_Arm/40_Simulation/MBR_ws/install/OldOne_description/share/OldOne_description/config
[1.684s] Invoked command in '/home/Gery/Marble_Balancing_Robotic_Arm/40_Simulation/MBR_ws/build/OldOne_description' returned '0': PYTHONPATH=/home/Gery/Marble_Balancing_Robotic_Arm/40_Simulation/MBR_ws/build/OldOne_description/prefix_override:/usr/lib/python3/dist-packages/colcon_core/task/python/colcon_distutils_commands:/home/Gery/Marble_Balancing_Robotic_Arm/40_Simulation/MBR_ws/install/OldOne_description/lib/python3.10/site-packages:${PYTHONPATH} /usr/bin/python3 -W ignore:setup.py install is deprecated -W ignore:easy_install command is deprecated setup.py develop --editable --build-directory /home/Gery/Marble_Balancing_Robotic_Arm/40_Simulation/MBR_ws/build/OldOne_description/build --no-deps symlink_data
