/home/lincoln/Marble_Balancing_Robotic_Arm/40_Simulation/cs558/install/OldOne_description/lib/python3.10/site-packages/OldOne_description/__init__.py
/home/lincoln/Marble_Balancing_Robotic_Arm/40_Simulation/cs558/install/OldOne_description/lib/python3.10/site-packages/OldOne_description/__pycache__/__init__.cpython-310.pyc
/home/lincoln/Marble_Balancing_Robotic_Arm/40_Simulation/cs558/install/OldOne_description/share/ament_index/resource_index/packages/OldOne_description
/home/lincoln/Marble_Balancing_Robotic_Arm/40_Simulation/cs558/install/OldOne_description/share/OldOne_description/package.xml
/home/lincoln/Marble_Balancing_Robotic_Arm/40_Simulation/cs558/install/OldOne_description/share/OldOne_description/launch/gazebo.launch.py
/home/lincoln/Marble_Balancing_Robotic_Arm/40_Simulation/cs558/install/OldOne_description/share/OldOne_description/launch/display.launch.py
/home/lincoln/Marble_Balancing_Robotic_Arm/40_Simulation/cs558/install/OldOne_description/share/OldOne_description/urdf/OldOne.xacro
/home/lincoln/Marble_Balancing_Robotic_Arm/40_Simulation/cs558/install/OldOne_description/share/OldOne_description/urdf/zeball.urdf
/home/lincoln/Marble_Balancing_Robotic_Arm/40_Simulation/cs558/install/OldOne_description/share/OldOne_description/urdf/OldOne.trans
/home/lincoln/Marble_Balancing_Robotic_Arm/40_Simulation/cs558/install/OldOne_description/share/OldOne_description/urdf/materials.xacro
/home/lincoln/Marble_Balancing_Robotic_Arm/40_Simulation/cs558/install/OldOne_description/share/OldOne_description/urdf/OldOne.gazebo
/home/lincoln/Marble_Balancing_Robotic_Arm/40_Simulation/cs558/install/OldOne_description/share/OldOne_description/meshes/link1_1.stl
/home/lincoln/Marble_Balancing_Robotic_Arm/40_Simulation/cs558/install/OldOne_description/share/OldOne_description/meshes/base_link.stl
/home/lincoln/Marble_Balancing_Robotic_Arm/40_Simulation/cs558/install/OldOne_description/share/OldOne_description/meshes/link5_1.stl
/home/lincoln/Marble_Balancing_Robotic_Arm/40_Simulation/cs558/install/OldOne_description/share/OldOne_description/meshes/link6_1.stl
/home/lincoln/Marble_Balancing_Robotic_Arm/40_Simulation/cs558/install/OldOne_description/share/OldOne_description/meshes/link2_1.stl
/home/lincoln/Marble_Balancing_Robotic_Arm/40_Simulation/cs558/install/OldOne_description/share/OldOne_description/meshes/link4_1.stl
/home/lincoln/Marble_Balancing_Robotic_Arm/40_Simulation/cs558/install/OldOne_description/share/OldOne_description/meshes/link3_1.stl
/home/lincoln/Marble_Balancing_Robotic_Arm/40_Simulation/cs558/install/OldOne_description/share/OldOne_description/meshes/zEBALL_1.stl
/home/lincoln/Marble_Balancing_Robotic_Arm/40_Simulation/cs558/install/OldOne_description/share/OldOne_description/config/gazebo.rviz
/home/lincoln/Marble_Balancing_Robotic_Arm/40_Simulation/cs558/install/OldOne_description/share/OldOne_description/config/display.rviz
/home/lincoln/Marble_Balancing_Robotic_Arm/40_Simulation/cs558/install/OldOne_description/share/OldOne_description/config/ros_gz_bridge_gazebo.yaml
/home/lincoln/Marble_Balancing_Robotic_Arm/40_Simulation/cs558/install/OldOne_description/lib/python3.10/site-packages/OldOne_description-0.0.0-py3.10.egg-info/SOURCES.txt
/home/lincoln/Marble_Balancing_Robotic_Arm/40_Simulation/cs558/install/OldOne_description/lib/python3.10/site-packages/OldOne_description-0.0.0-py3.10.egg-info/dependency_links.txt
/home/lincoln/Marble_Balancing_Robotic_Arm/40_Simulation/cs558/install/OldOne_description/lib/python3.10/site-packages/OldOne_description-0.0.0-py3.10.egg-info/requires.txt
/home/lincoln/Marble_Balancing_Robotic_Arm/40_Simulation/cs558/install/OldOne_description/lib/python3.10/site-packages/OldOne_description-0.0.0-py3.10.egg-info/zip-safe
/home/lincoln/Marble_Balancing_Robotic_Arm/40_Simulation/cs558/install/OldOne_description/lib/python3.10/site-packages/OldOne_description-0.0.0-py3.10.egg-info/top_level.txt
/home/lincoln/Marble_Balancing_Robotic_Arm/40_Simulation/cs558/install/OldOne_description/lib/python3.10/site-packages/OldOne_description-0.0.0-py3.10.egg-info/entry_points.txt
/home/lincoln/Marble_Balancing_Robotic_Arm/40_Simulation/cs558/install/OldOne_description/lib/python3.10/site-packages/OldOne_description-0.0.0-py3.10.egg-info/PKG-INFO
