[0.448s] Invoking command in '/home/lincoln/Marble_Balancing_Robotic_Arm/40_Simulation/MBR_ws/src/Marble_control': PYTHONPATH=/home/lincoln/Marble_Balancing_Robotic_Arm/40_Simulation/MBR_ws/build/Marble_control/prefix_override:/usr/lib/python3/dist-packages/colcon_core/task/python/colcon_distutils_commands:/home/lincoln/Marble_Balancing_Robotic_Arm/40_Simulation/MBR_ws/install/Marble_control/lib/python3.10/site-packages:${PYTHONPATH} /usr/bin/python3 -W ignore:setup.py install is deprecated -W ignore:easy_install command is deprecated setup.py egg_info --egg-base ../../build/Marble_control build --build-base /home/lincoln/Marble_Balancing_Robotic_Arm/40_Simulation/MBR_ws/build/Marble_control/build install --record /home/lincoln/Marble_Balancing_Robotic_Arm/40_Simulation/MBR_ws/build/Marble_control/install.log --single-version-externally-managed install_data
[0.570s] running egg_info
[0.570s] writing ../../build/Marble_control/Marble_control.egg-info/PKG-INFO
[0.570s] writing dependency_links to ../../build/Marble_control/Marble_control.egg-info/dependency_links.txt
[0.570s] writing entry points to ../../build/Marble_control/Marble_control.egg-info/entry_points.txt
[0.570s] writing requirements to ../../build/Marble_control/Marble_control.egg-info/requires.txt
[0.570s] writing top-level names to ../../build/Marble_control/Marble_control.egg-info/top_level.txt
[0.571s] reading manifest file '../../build/Marble_control/Marble_control.egg-info/SOURCES.txt'
[0.572s] writing manifest file '../../build/Marble_control/Marble_control.egg-info/SOURCES.txt'
[0.572s] running build
[0.572s] running build_py
[0.572s] running install
[0.572s] running install_lib
[0.572s] running install_data
[0.573s] copying urdf/marble_robot.urdf.xacro -> /home/lincoln/Marble_Balancing_Robotic_Arm/40_Simulation/MBR_ws/install/Marble_control/share/Marble_control/urdf
[0.573s] running install_egg_info
[0.574s] removing '/home/lincoln/Marble_Balancing_Robotic_Arm/40_Simulation/MBR_ws/install/Marble_control/lib/python3.10/site-packages/Marble_control-0.0.0-py3.10.egg-info' (and everything under it)
[0.574s] Copying ../../build/Marble_control/Marble_control.egg-info to /home/lincoln/Marble_Balancing_Robotic_Arm/40_Simulation/MBR_ws/install/Marble_control/lib/python3.10/site-packages/Marble_control-0.0.0-py3.10.egg-info
[0.574s] running install_scripts
[0.584s] Installing joint_publisher script to /home/lincoln/Marble_Balancing_Robotic_Arm/40_Simulation/MBR_ws/install/Marble_control/lib/Marble_control
[0.584s] writing list of installed files to '/home/lincoln/Marble_Balancing_Robotic_Arm/40_Simulation/MBR_ws/build/Marble_control/install.log'
[0.602s] Invoked command in '/home/lincoln/Marble_Balancing_Robotic_Arm/40_Simulation/MBR_ws/src/Marble_control' returned '0': PYTHONPATH=/home/lincoln/Marble_Balancing_Robotic_Arm/40_Simulation/MBR_ws/build/Marble_control/prefix_override:/usr/lib/python3/dist-packages/colcon_core/task/python/colcon_distutils_commands:/home/lincoln/Marble_Balancing_Robotic_Arm/40_Simulation/MBR_ws/install/Marble_control/lib/python3.10/site-packages:${PYTHONPATH} /usr/bin/python3 -W ignore:setup.py install is deprecated -W ignore:easy_install command is deprecated setup.py egg_info --egg-base ../../build/Marble_control build --build-base /home/lincoln/Marble_Balancing_Robotic_Arm/40_Simulation/MBR_ws/build/Marble_control/build install --record /home/lincoln/Marble_Balancing_Robotic_Arm/40_Simulation/MBR_ws/build/Marble_control/install.log --single-version-externally-managed install_data
