[0.403s] DEBUG:colcon:Command line arguments: ['/usr/bin/colcon', 'build', '--symlink-install']
[0.403s] DEBUG:colcon:Parsed command line arguments: Namespace(log_base=None, log_level=None, verb_name='build', build_base='build', install_base='install', merge_install=False, symlink_install=True, test_result_base=None, continue_on_error=False, executor='parallel', parallel_workers=6, event_handlers=None, ignore_user_meta=False, metas=['./colcon.meta'], base_paths=['.'], packages_ignore=None, packages_ignore_regex=None, paths=None, packages_up_to=None, packages_up_to_regex=None, packages_above=None, packages_above_and_dependencies=None, packages_above_depth=None, packages_select_by_dep=None, packages_skip_by_dep=None, packages_skip_up_to=None, packages_select_build_failed=False, packages_skip_build_finished=False, packages_select_test_failures=False, packages_skip_test_passed=False, packages_select=None, packages_skip=None, packages_select_regex=None, packages_skip_regex=None, packages_start=None, packages_end=None, allow_overriding=[], cmake_args=None, cmake_target=None, cmake_target_skip_unavailable=False, cmake_clean_cache=False, cmake_clean_first=False, cmake_force_configure=False, ament_cmake_args=None, catkin_cmake_args=None, catkin_skip_building_tests=False, verb_parser=<colcon_defaults.argument_parser.defaults.DefaultArgumentsDecorator object at 0x76b6fca64880>, verb_extension=<colcon_core.verb.build.BuildVerb object at 0x76b6fca641c0>, main=<bound method BuildVerb.main of <colcon_core.verb.build.BuildVerb object at 0x76b6fca641c0>>)
[0.802s] Level 1:colcon.colcon_core.package_discovery:discover_packages(colcon_meta) check parameters
[0.802s] Level 1:colcon.colcon_core.package_discovery:discover_packages(recursive) check parameters
[0.802s] Level 1:colcon.colcon_core.package_discovery:discover_packages(ignore) check parameters
[0.802s] Level 1:colcon.colcon_core.package_discovery:discover_packages(path) check parameters
[0.802s] Level 1:colcon.colcon_core.package_discovery:discover_packages(colcon_meta) discover
[0.802s] Level 1:colcon.colcon_core.package_discovery:discover_packages(recursive) discover
[0.802s] INFO:colcon.colcon_core.package_discovery:Crawling recursively for packages in '/home/Gery/Marble_Balancing_Robotic_Arm/40_Simulation/cs558'
[0.802s] Level 1:colcon.colcon_core.package_identification:_identify(.) by extensions ['ignore', 'ignore_ament_install']
[0.802s] Level 1:colcon.colcon_core.package_identification:_identify(.) by extension 'ignore'
[0.802s] Level 1:colcon.colcon_core.package_identification:_identify(.) by extension 'ignore_ament_install'
[0.803s] Level 1:colcon.colcon_core.package_identification:_identify(.) by extensions ['colcon_pkg']
[0.803s] Level 1:colcon.colcon_core.package_identification:_identify(.) by extension 'colcon_pkg'
[0.803s] Level 1:colcon.colcon_core.package_identification:_identify(.) by extensions ['colcon_meta']
[0.803s] Level 1:colcon.colcon_core.package_identification:_identify(.) by extension 'colcon_meta'
[0.803s] Level 1:colcon.colcon_core.package_identification:_identify(.) by extensions ['ros']
[0.803s] Level 1:colcon.colcon_core.package_identification:_identify(.) by extension 'ros'
[0.819s] Level 1:colcon.colcon_core.package_identification:_identify(.) by extensions ['cmake', 'python']
[0.819s] Level 1:colcon.colcon_core.package_identification:_identify(.) by extension 'cmake'
[0.819s] Level 1:colcon.colcon_core.package_identification:_identify(.) by extension 'python'
[0.819s] Level 1:colcon.colcon_core.package_identification:_identify(.) by extensions ['python_setup_py']
[0.819s] Level 1:colcon.colcon_core.package_identification:_identify(.) by extension 'python_setup_py'
[0.819s] Level 1:colcon.colcon_core.package_identification:_identify(build) by extensions ['ignore', 'ignore_ament_install']
[0.819s] Level 1:colcon.colcon_core.package_identification:_identify(build) by extension 'ignore'
[0.819s] Level 1:colcon.colcon_core.package_identification:_identify(build) ignored
[0.820s] Level 1:colcon.colcon_core.package_identification:_identify(install) by extensions ['ignore', 'ignore_ament_install']
[0.820s] Level 1:colcon.colcon_core.package_identification:_identify(install) by extension 'ignore'
[0.820s] Level 1:colcon.colcon_core.package_identification:_identify(install) ignored
[0.820s] Level 1:colcon.colcon_core.package_identification:_identify(log) by extensions ['ignore', 'ignore_ament_install']
[0.820s] Level 1:colcon.colcon_core.package_identification:_identify(log) by extension 'ignore'
[0.820s] Level 1:colcon.colcon_core.package_identification:_identify(log) ignored
[0.820s] Level 1:colcon.colcon_core.package_identification:_identify(src) by extensions ['ignore', 'ignore_ament_install']
[0.820s] Level 1:colcon.colcon_core.package_identification:_identify(src) by extension 'ignore'
[0.820s] Level 1:colcon.colcon_core.package_identification:_identify(src) by extension 'ignore_ament_install'
[0.820s] Level 1:colcon.colcon_core.package_identification:_identify(src) by extensions ['colcon_pkg']
[0.821s] Level 1:colcon.colcon_core.package_identification:_identify(src) by extension 'colcon_pkg'
[0.821s] Level 1:colcon.colcon_core.package_identification:_identify(src) by extensions ['colcon_meta']
[0.821s] Level 1:colcon.colcon_core.package_identification:_identify(src) by extension 'colcon_meta'
[0.821s] Level 1:colcon.colcon_core.package_identification:_identify(src) by extensions ['ros']
[0.821s] Level 1:colcon.colcon_core.package_identification:_identify(src) by extension 'ros'
[0.821s] Level 1:colcon.colcon_core.package_identification:_identify(src) by extensions ['cmake', 'python']
[0.821s] Level 1:colcon.colcon_core.package_identification:_identify(src) by extension 'cmake'
[0.821s] Level 1:colcon.colcon_core.package_identification:_identify(src) by extension 'python'
[0.821s] Level 1:colcon.colcon_core.package_identification:_identify(src) by extensions ['python_setup_py']
[0.821s] Level 1:colcon.colcon_core.package_identification:_identify(src) by extension 'python_setup_py'
[0.821s] Level 1:colcon.colcon_core.package_identification:_identify(src/OldOne_description) by extensions ['ignore', 'ignore_ament_install']
[0.821s] Level 1:colcon.colcon_core.package_identification:_identify(src/OldOne_description) by extension 'ignore'
[0.821s] Level 1:colcon.colcon_core.package_identification:_identify(src/OldOne_description) by extension 'ignore_ament_install'
[0.821s] Level 1:colcon.colcon_core.package_identification:_identify(src/OldOne_description) by extensions ['colcon_pkg']
[0.821s] Level 1:colcon.colcon_core.package_identification:_identify(src/OldOne_description) by extension 'colcon_pkg'
[0.821s] Level 1:colcon.colcon_core.package_identification:_identify(src/OldOne_description) by extensions ['colcon_meta']
[0.821s] Level 1:colcon.colcon_core.package_identification:_identify(src/OldOne_description) by extension 'colcon_meta'
[0.821s] Level 1:colcon.colcon_core.package_identification:_identify(src/OldOne_description) by extensions ['ros']
[0.821s] Level 1:colcon.colcon_core.package_identification:_identify(src/OldOne_description) by extension 'ros'
[0.826s] DEBUG:colcon.colcon_core.package_identification:Package 'src/OldOne_description' with type 'ros.ament_python' and name 'OldOne_description'
[0.826s] Level 1:colcon.colcon_core.package_identification:_identify(src/Universal_Robots_ROS2_Description) by extensions ['ignore', 'ignore_ament_install']
[0.826s] Level 1:colcon.colcon_core.package_identification:_identify(src/Universal_Robots_ROS2_Description) by extension 'ignore'
[0.826s] Level 1:colcon.colcon_core.package_identification:_identify(src/Universal_Robots_ROS2_Description) by extension 'ignore_ament_install'
[0.826s] Level 1:colcon.colcon_core.package_identification:_identify(src/Universal_Robots_ROS2_Description) by extensions ['colcon_pkg']
[0.826s] Level 1:colcon.colcon_core.package_identification:_identify(src/Universal_Robots_ROS2_Description) by extension 'colcon_pkg'
[0.826s] Level 1:colcon.colcon_core.package_identification:_identify(src/Universal_Robots_ROS2_Description) by extensions ['colcon_meta']
[0.826s] Level 1:colcon.colcon_core.package_identification:_identify(src/Universal_Robots_ROS2_Description) by extension 'colcon_meta'
[0.826s] Level 1:colcon.colcon_core.package_identification:_identify(src/Universal_Robots_ROS2_Description) by extensions ['ros']
[0.826s] Level 1:colcon.colcon_core.package_identification:_identify(src/Universal_Robots_ROS2_Description) by extension 'ros'
[0.827s] DEBUG:colcon.colcon_core.package_identification:Package 'src/Universal_Robots_ROS2_Description' with type 'ros.ament_cmake' and name 'ur_description'
[0.827s] Level 1:colcon.colcon_core.package_discovery:discover_packages(recursive) using defaults
[0.827s] Level 1:colcon.colcon_core.package_discovery:discover_packages(ignore) discover
[0.827s] Level 1:colcon.colcon_core.package_discovery:discover_packages(ignore) using defaults
[0.827s] Level 1:colcon.colcon_core.package_discovery:discover_packages(path) discover
[0.827s] Level 1:colcon.colcon_core.package_discovery:discover_packages(path) using defaults
[0.885s] Level 1:colcon.colcon_core.package_discovery:discover_packages(prefix_path) check parameters
[0.885s] Level 1:colcon.colcon_core.package_discovery:discover_packages(prefix_path) discover
[0.893s] DEBUG:colcon.colcon_installed_package_information.package_discovery:Found 338 installed packages in /opt/ros/humble
[0.896s] Level 1:colcon.colcon_core.package_discovery:discover_packages(prefix_path) using defaults
[0.950s] Level 5:colcon.colcon_core.verb:set package 'OldOne_description' build argument 'cmake_args' from command line to 'None'
[0.950s] Level 5:colcon.colcon_core.verb:set package 'OldOne_description' build argument 'cmake_target' from command line to 'None'
[0.950s] Level 5:colcon.colcon_core.verb:set package 'OldOne_description' build argument 'cmake_target_skip_unavailable' from command line to 'False'
[0.950s] Level 5:colcon.colcon_core.verb:set package 'OldOne_description' build argument 'cmake_clean_cache' from command line to 'False'
[0.950s] Level 5:colcon.colcon_core.verb:set package 'OldOne_description' build argument 'cmake_clean_first' from command line to 'False'
[0.950s] Level 5:colcon.colcon_core.verb:set package 'OldOne_description' build argument 'cmake_force_configure' from command line to 'False'
[0.950s] Level 5:colcon.colcon_core.verb:set package 'OldOne_description' build argument 'ament_cmake_args' from command line to 'None'
[0.950s] Level 5:colcon.colcon_core.verb:set package 'OldOne_description' build argument 'catkin_cmake_args' from command line to 'None'
[0.950s] Level 5:colcon.colcon_core.verb:set package 'OldOne_description' build argument 'catkin_skip_building_tests' from command line to 'False'
[0.950s] DEBUG:colcon.colcon_core.verb:Building package 'OldOne_description' with the following arguments: {'ament_cmake_args': None, 'build_base': '/home/Gery/Marble_Balancing_Robotic_Arm/40_Simulation/cs558/build/OldOne_description', 'catkin_cmake_args': None, 'catkin_skip_building_tests': False, 'cmake_args': None, 'cmake_clean_cache': False, 'cmake_clean_first': False, 'cmake_force_configure': False, 'cmake_target': None, 'cmake_target_skip_unavailable': False, 'install_base': '/home/Gery/Marble_Balancing_Robotic_Arm/40_Simulation/cs558/install/OldOne_description', 'merge_install': False, 'path': '/home/Gery/Marble_Balancing_Robotic_Arm/40_Simulation/cs558/src/OldOne_description', 'symlink_install': True, 'test_result_base': None}
[0.950s] Level 5:colcon.colcon_core.verb:set package 'ur_description' build argument 'cmake_args' from command line to 'None'
[0.950s] Level 5:colcon.colcon_core.verb:set package 'ur_description' build argument 'cmake_target' from command line to 'None'
[0.950s] Level 5:colcon.colcon_core.verb:set package 'ur_description' build argument 'cmake_target_skip_unavailable' from command line to 'False'
[0.950s] Level 5:colcon.colcon_core.verb:set package 'ur_description' build argument 'cmake_clean_cache' from command line to 'False'
[0.950s] Level 5:colcon.colcon_core.verb:set package 'ur_description' build argument 'cmake_clean_first' from command line to 'False'
[0.950s] Level 5:colcon.colcon_core.verb:set package 'ur_description' build argument 'cmake_force_configure' from command line to 'False'
[0.951s] Level 5:colcon.colcon_core.verb:set package 'ur_description' build argument 'ament_cmake_args' from command line to 'None'
[0.951s] Level 5:colcon.colcon_core.verb:set package 'ur_description' build argument 'catkin_cmake_args' from command line to 'None'
[0.951s] Level 5:colcon.colcon_core.verb:set package 'ur_description' build argument 'catkin_skip_building_tests' from command line to 'False'
[0.951s] DEBUG:colcon.colcon_core.verb:Building package 'ur_description' with the following arguments: {'ament_cmake_args': None, 'build_base': '/home/Gery/Marble_Balancing_Robotic_Arm/40_Simulation/cs558/build/ur_description', 'catkin_cmake_args': None, 'catkin_skip_building_tests': False, 'cmake_args': None, 'cmake_clean_cache': False, 'cmake_clean_first': False, 'cmake_force_configure': False, 'cmake_target': None, 'cmake_target_skip_unavailable': False, 'install_base': '/home/Gery/Marble_Balancing_Robotic_Arm/40_Simulation/cs558/install/ur_description', 'merge_install': False, 'path': '/home/Gery/Marble_Balancing_Robotic_Arm/40_Simulation/cs558/src/Universal_Robots_ROS2_Description', 'symlink_install': True, 'test_result_base': None}
[0.951s] INFO:colcon.colcon_core.executor:Executing jobs using 'parallel' executor
[0.952s] DEBUG:colcon.colcon_parallel_executor.executor.parallel:run_until_complete
[0.952s] INFO:colcon.colcon_ros.task.ament_python.build:Building ROS package in '/home/Gery/Marble_Balancing_Robotic_Arm/40_Simulation/cs558/src/OldOne_description' with build type 'ament_python'
[0.953s] Level 1:colcon.colcon_core.shell:create_environment_hook('OldOne_description', 'ament_prefix_path')
[0.965s] INFO:colcon.colcon_core.plugin_system:Skipping extension 'colcon_core.shell.bat': Not used on non-Windows systems
[0.965s] INFO:colcon.colcon_core.shell:Creating environment hook '/home/Gery/Marble_Balancing_Robotic_Arm/40_Simulation/cs558/install/OldOne_description/share/OldOne_description/hook/ament_prefix_path.ps1'
[0.967s] INFO:colcon.colcon_core.shell:Creating environment descriptor '/home/Gery/Marble_Balancing_Robotic_Arm/40_Simulation/cs558/install/OldOne_description/share/OldOne_description/hook/ament_prefix_path.dsv'
[0.968s] INFO:colcon.colcon_core.shell:Creating environment hook '/home/Gery/Marble_Balancing_Robotic_Arm/40_Simulation/cs558/install/OldOne_description/share/OldOne_description/hook/ament_prefix_path.sh'
[0.970s] INFO:colcon.colcon_core.shell:Skip shell extension 'powershell' for command environment: Not usable outside of PowerShell
[0.970s] DEBUG:colcon.colcon_core.shell:Skip shell extension 'dsv' for command environment
[0.975s] INFO:colcon.colcon_ros.task.ament_cmake.build:Building ROS package in '/home/Gery/Marble_Balancing_Robotic_Arm/40_Simulation/cs558/src/Universal_Robots_ROS2_Description' with build type 'ament_cmake'
[0.975s] INFO:colcon.colcon_cmake.task.cmake.build:Building CMake package in '/home/Gery/Marble_Balancing_Robotic_Arm/40_Simulation/cs558/src/Universal_Robots_ROS2_Description'
[0.975s] INFO:colcon.colcon_core.shell:Skip shell extension 'powershell' for command environment: Not usable outside of PowerShell
[0.976s] DEBUG:colcon.colcon_core.shell:Skip shell extension 'dsv' for command environment
[1.268s] INFO:colcon.colcon_core.task.python.build:Building Python package in '/home/Gery/Marble_Balancing_Robotic_Arm/40_Simulation/cs558/src/OldOne_description'
[1.268s] INFO:colcon.colcon_core.shell:Skip shell extension 'powershell' for command environment: Not usable outside of PowerShell
[1.269s] DEBUG:colcon.colcon_core.shell:Skip shell extension 'dsv' for command environment
[1.275s] DEBUG:colcon.colcon_core.event_handler.log_command:Invoking command in '/home/Gery/Marble_Balancing_Robotic_Arm/40_Simulation/cs558/build/ur_description': CMAKE_PREFIX_PATH=/opt/ros/humble /usr/bin/cmake /home/Gery/Marble_Balancing_Robotic_Arm/40_Simulation/cs558/src/Universal_Robots_ROS2_Description -DAMENT_CMAKE_SYMLINK_INSTALL=1 -DCMAKE_INSTALL_PREFIX=/home/Gery/Marble_Balancing_Robotic_Arm/40_Simulation/cs558/install/ur_description
[1.781s] DEBUG:colcon.colcon_core.event_handler.log_command:Invoking command in '/home/Gery/Marble_Balancing_Robotic_Arm/40_Simulation/cs558/build/OldOne_description': PYTHONPATH=/home/Gery/Marble_Balancing_Robotic_Arm/40_Simulation/cs558/build/OldOne_description/prefix_override:/usr/lib/python3/dist-packages/colcon_core/task/python/colcon_distutils_commands:/home/Gery/Marble_Balancing_Robotic_Arm/40_Simulation/cs558/install/OldOne_description/lib/python3.10/site-packages:${PYTHONPATH} /usr/bin/python3 -W ignore:setup.py install is deprecated -W ignore:easy_install command is deprecated setup.py develop --editable --build-directory /home/Gery/Marble_Balancing_Robotic_Arm/40_Simulation/cs558/build/OldOne_description/build --no-deps symlink_data --force
[2.320s] Level 1:colcon.colcon_core.shell:create_environment_hook('OldOne_description', 'pythonpath_develop')
[2.321s] DEBUG:colcon.colcon_core.event_handler.log_command:Invoked command in '/home/Gery/Marble_Balancing_Robotic_Arm/40_Simulation/cs558/build/OldOne_description' returned '0': PYTHONPATH=/home/Gery/Marble_Balancing_Robotic_Arm/40_Simulation/cs558/build/OldOne_description/prefix_override:/usr/lib/python3/dist-packages/colcon_core/task/python/colcon_distutils_commands:/home/Gery/Marble_Balancing_Robotic_Arm/40_Simulation/cs558/install/OldOne_description/lib/python3.10/site-packages:${PYTHONPATH} /usr/bin/python3 -W ignore:setup.py install is deprecated -W ignore:easy_install command is deprecated setup.py develop --editable --build-directory /home/Gery/Marble_Balancing_Robotic_Arm/40_Simulation/cs558/build/OldOne_description/build --no-deps symlink_data --force
[2.321s] INFO:colcon.colcon_core.shell:Creating environment hook '/home/Gery/Marble_Balancing_Robotic_Arm/40_Simulation/cs558/build/OldOne_description/share/OldOne_description/hook/pythonpath_develop.ps1'
[2.322s] INFO:colcon.colcon_core.shell:Creating environment descriptor '/home/Gery/Marble_Balancing_Robotic_Arm/40_Simulation/cs558/build/OldOne_description/share/OldOne_description/hook/pythonpath_develop.dsv'
[2.323s] INFO:colcon.colcon_core.shell:Creating environment hook '/home/Gery/Marble_Balancing_Robotic_Arm/40_Simulation/cs558/build/OldOne_description/share/OldOne_description/hook/pythonpath_develop.sh'
[2.334s] Level 1:colcon.colcon_core.environment:checking '/home/Gery/Marble_Balancing_Robotic_Arm/40_Simulation/cs558/install/OldOne_description' for CMake module files
[2.335s] Level 1:colcon.colcon_core.environment:checking '/home/Gery/Marble_Balancing_Robotic_Arm/40_Simulation/cs558/install/OldOne_description' for CMake config files
[2.336s] Level 1:colcon.colcon_core.environment:checking '/home/Gery/Marble_Balancing_Robotic_Arm/40_Simulation/cs558/install/OldOne_description/lib'
[2.336s] Level 1:colcon.colcon_core.environment:checking '/home/Gery/Marble_Balancing_Robotic_Arm/40_Simulation/cs558/install/OldOne_description/bin'
[2.336s] Level 1:colcon.colcon_core.environment:checking '/home/Gery/Marble_Balancing_Robotic_Arm/40_Simulation/cs558/install/OldOne_description/lib/pkgconfig/OldOne_description.pc'
[2.337s] Level 1:colcon.colcon_core.environment:checking '/home/Gery/Marble_Balancing_Robotic_Arm/40_Simulation/cs558/install/OldOne_description/lib/python3.10/site-packages'
[2.337s] Level 1:colcon.colcon_core.shell:create_environment_hook('OldOne_description', 'pythonpath')
[2.337s] INFO:colcon.colcon_core.shell:Creating environment hook '/home/Gery/Marble_Balancing_Robotic_Arm/40_Simulation/cs558/install/OldOne_description/share/OldOne_description/hook/pythonpath.ps1'
[2.338s] INFO:colcon.colcon_core.shell:Creating environment descriptor '/home/Gery/Marble_Balancing_Robotic_Arm/40_Simulation/cs558/install/OldOne_description/share/OldOne_description/hook/pythonpath.dsv'
[2.338s] INFO:colcon.colcon_core.shell:Creating environment hook '/home/Gery/Marble_Balancing_Robotic_Arm/40_Simulation/cs558/install/OldOne_description/share/OldOne_description/hook/pythonpath.sh'
[2.339s] Level 1:colcon.colcon_core.environment:checking '/home/Gery/Marble_Balancing_Robotic_Arm/40_Simulation/cs558/install/OldOne_description/bin'
[2.339s] Level 1:colcon.colcon_core.environment:create_environment_scripts_only(OldOne_description)
[2.340s] INFO:colcon.colcon_core.shell:Creating package script '/home/Gery/Marble_Balancing_Robotic_Arm/40_Simulation/cs558/install/OldOne_description/share/OldOne_description/package.ps1'
[2.341s] INFO:colcon.colcon_core.shell:Creating package descriptor '/home/Gery/Marble_Balancing_Robotic_Arm/40_Simulation/cs558/install/OldOne_description/share/OldOne_description/package.dsv'
[2.342s] INFO:colcon.colcon_core.shell:Creating package script '/home/Gery/Marble_Balancing_Robotic_Arm/40_Simulation/cs558/install/OldOne_description/share/OldOne_description/package.sh'
[2.344s] INFO:colcon.colcon_core.shell:Creating package script '/home/Gery/Marble_Balancing_Robotic_Arm/40_Simulation/cs558/install/OldOne_description/share/OldOne_description/package.bash'
[2.346s] INFO:colcon.colcon_core.shell:Creating package script '/home/Gery/Marble_Balancing_Robotic_Arm/40_Simulation/cs558/install/OldOne_description/share/OldOne_description/package.zsh'
[2.348s] Level 1:colcon.colcon_core.environment:create_file_with_runtime_dependencies(/home/Gery/Marble_Balancing_Robotic_Arm/40_Simulation/cs558/install/OldOne_description/share/colcon-core/packages/OldOne_description)
[3.341s] DEBUG:colcon.colcon_core.event_handler.log_command:Invoked command in '/home/Gery/Marble_Balancing_Robotic_Arm/40_Simulation/cs558/build/ur_description' returned '0': CMAKE_PREFIX_PATH=/opt/ros/humble /usr/bin/cmake /home/Gery/Marble_Balancing_Robotic_Arm/40_Simulation/cs558/src/Universal_Robots_ROS2_Description -DAMENT_CMAKE_SYMLINK_INSTALL=1 -DCMAKE_INSTALL_PREFIX=/home/Gery/Marble_Balancing_Robotic_Arm/40_Simulation/cs558/install/ur_description
[3.341s] DEBUG:colcon.colcon_core.event_handler.log_command:Invoking command in '/home/Gery/Marble_Balancing_Robotic_Arm/40_Simulation/cs558/build/ur_description': CMAKE_PREFIX_PATH=/opt/ros/humble /usr/bin/cmake --build /home/Gery/Marble_Balancing_Robotic_Arm/40_Simulation/cs558/build/ur_description -- -j6 -l6
[3.395s] DEBUG:colcon.colcon_core.event_handler.log_command:Invoked command in '/home/Gery/Marble_Balancing_Robotic_Arm/40_Simulation/cs558/build/ur_description' returned '0': CMAKE_PREFIX_PATH=/opt/ros/humble /usr/bin/cmake --build /home/Gery/Marble_Balancing_Robotic_Arm/40_Simulation/cs558/build/ur_description -- -j6 -l6
[3.409s] DEBUG:colcon.colcon_core.event_handler.log_command:Invoking command in '/home/Gery/Marble_Balancing_Robotic_Arm/40_Simulation/cs558/build/ur_description': CMAKE_PREFIX_PATH=/opt/ros/humble /usr/bin/cmake --install /home/Gery/Marble_Balancing_Robotic_Arm/40_Simulation/cs558/build/ur_description
[6.083s] Level 1:colcon.colcon_core.environment:create_environment_scripts_only(ur_description)
[6.084s] Level 1:colcon.colcon_core.environment:checking '/home/Gery/Marble_Balancing_Robotic_Arm/40_Simulation/cs558/install/ur_description' for CMake module files
[6.085s] DEBUG:colcon.colcon_core.event_handler.log_command:Invoked command in '/home/Gery/Marble_Balancing_Robotic_Arm/40_Simulation/cs558/build/ur_description' returned '0': CMAKE_PREFIX_PATH=/opt/ros/humble /usr/bin/cmake --install /home/Gery/Marble_Balancing_Robotic_Arm/40_Simulation/cs558/build/ur_description
[6.085s] Level 1:colcon.colcon_core.environment:checking '/home/Gery/Marble_Balancing_Robotic_Arm/40_Simulation/cs558/install/ur_description' for CMake config files
[6.086s] Level 1:colcon.colcon_core.shell:create_environment_hook('ur_description', 'cmake_prefix_path')
[6.086s] INFO:colcon.colcon_core.shell:Creating environment hook '/home/Gery/Marble_Balancing_Robotic_Arm/40_Simulation/cs558/install/ur_description/share/ur_description/hook/cmake_prefix_path.ps1'
[6.087s] INFO:colcon.colcon_core.shell:Creating environment descriptor '/home/Gery/Marble_Balancing_Robotic_Arm/40_Simulation/cs558/install/ur_description/share/ur_description/hook/cmake_prefix_path.dsv'
[6.087s] INFO:colcon.colcon_core.shell:Creating environment hook '/home/Gery/Marble_Balancing_Robotic_Arm/40_Simulation/cs558/install/ur_description/share/ur_description/hook/cmake_prefix_path.sh'
[6.088s] Level 1:colcon.colcon_core.environment:checking '/home/Gery/Marble_Balancing_Robotic_Arm/40_Simulation/cs558/install/ur_description/bin'
[6.088s] Level 1:colcon.colcon_core.environment:checking '/home/Gery/Marble_Balancing_Robotic_Arm/40_Simulation/cs558/install/ur_description/lib/pkgconfig/ur_description.pc'
[6.089s] Level 1:colcon.colcon_core.environment:checking '/home/Gery/Marble_Balancing_Robotic_Arm/40_Simulation/cs558/install/ur_description/lib/python3.10/site-packages'
[6.089s] Level 1:colcon.colcon_core.environment:checking '/home/Gery/Marble_Balancing_Robotic_Arm/40_Simulation/cs558/install/ur_description/bin'
[6.089s] INFO:colcon.colcon_core.shell:Creating package script '/home/Gery/Marble_Balancing_Robotic_Arm/40_Simulation/cs558/install/ur_description/share/ur_description/package.ps1'
[6.090s] INFO:colcon.colcon_core.shell:Creating package descriptor '/home/Gery/Marble_Balancing_Robotic_Arm/40_Simulation/cs558/install/ur_description/share/ur_description/package.dsv'
[6.090s] INFO:colcon.colcon_core.shell:Creating package script '/home/Gery/Marble_Balancing_Robotic_Arm/40_Simulation/cs558/install/ur_description/share/ur_description/package.sh'
[6.091s] INFO:colcon.colcon_core.shell:Creating package script '/home/Gery/Marble_Balancing_Robotic_Arm/40_Simulation/cs558/install/ur_description/share/ur_description/package.bash'
[6.091s] INFO:colcon.colcon_core.shell:Creating package script '/home/Gery/Marble_Balancing_Robotic_Arm/40_Simulation/cs558/install/ur_description/share/ur_description/package.zsh'
[6.092s] Level 1:colcon.colcon_core.environment:create_file_with_runtime_dependencies(/home/Gery/Marble_Balancing_Robotic_Arm/40_Simulation/cs558/install/ur_description/share/colcon-core/packages/ur_description)
[6.092s] Level 1:colcon.colcon_core.environment:create_environment_scripts_only(ur_description)
[6.093s] Level 1:colcon.colcon_core.environment:checking '/home/Gery/Marble_Balancing_Robotic_Arm/40_Simulation/cs558/install/ur_description' for CMake module files
[6.093s] Level 1:colcon.colcon_core.environment:checking '/home/Gery/Marble_Balancing_Robotic_Arm/40_Simulation/cs558/install/ur_description' for CMake config files
[6.095s] Level 1:colcon.colcon_core.shell:create_environment_hook('ur_description', 'cmake_prefix_path')
[6.095s] INFO:colcon.colcon_core.shell:Creating environment hook '/home/Gery/Marble_Balancing_Robotic_Arm/40_Simulation/cs558/install/ur_description/share/ur_description/hook/cmake_prefix_path.ps1'
[6.096s] INFO:colcon.colcon_core.shell:Creating environment descriptor '/home/Gery/Marble_Balancing_Robotic_Arm/40_Simulation/cs558/install/ur_description/share/ur_description/hook/cmake_prefix_path.dsv'
[6.097s] INFO:colcon.colcon_core.shell:Creating environment hook '/home/Gery/Marble_Balancing_Robotic_Arm/40_Simulation/cs558/install/ur_description/share/ur_description/hook/cmake_prefix_path.sh'
[6.098s] Level 1:colcon.colcon_core.environment:checking '/home/Gery/Marble_Balancing_Robotic_Arm/40_Simulation/cs558/install/ur_description/bin'
[6.098s] Level 1:colcon.colcon_core.environment:checking '/home/Gery/Marble_Balancing_Robotic_Arm/40_Simulation/cs558/install/ur_description/lib/pkgconfig/ur_description.pc'
[6.098s] Level 1:colcon.colcon_core.environment:checking '/home/Gery/Marble_Balancing_Robotic_Arm/40_Simulation/cs558/install/ur_description/lib/python3.10/site-packages'
[6.099s] Level 1:colcon.colcon_core.environment:checking '/home/Gery/Marble_Balancing_Robotic_Arm/40_Simulation/cs558/install/ur_description/bin'
[6.099s] INFO:colcon.colcon_core.shell:Creating package script '/home/Gery/Marble_Balancing_Robotic_Arm/40_Simulation/cs558/install/ur_description/share/ur_description/package.ps1'
[6.100s] INFO:colcon.colcon_core.shell:Creating package descriptor '/home/Gery/Marble_Balancing_Robotic_Arm/40_Simulation/cs558/install/ur_description/share/ur_description/package.dsv'
[6.100s] INFO:colcon.colcon_core.shell:Creating package script '/home/Gery/Marble_Balancing_Robotic_Arm/40_Simulation/cs558/install/ur_description/share/ur_description/package.sh'
[6.101s] INFO:colcon.colcon_core.shell:Creating package script '/home/Gery/Marble_Balancing_Robotic_Arm/40_Simulation/cs558/install/ur_description/share/ur_description/package.bash'
[6.102s] INFO:colcon.colcon_core.shell:Creating package script '/home/Gery/Marble_Balancing_Robotic_Arm/40_Simulation/cs558/install/ur_description/share/ur_description/package.zsh'
[6.102s] Level 1:colcon.colcon_core.environment:create_file_with_runtime_dependencies(/home/Gery/Marble_Balancing_Robotic_Arm/40_Simulation/cs558/install/ur_description/share/colcon-core/packages/ur_description)
[6.103s] DEBUG:colcon.colcon_parallel_executor.executor.parallel:closing loop
[6.103s] DEBUG:colcon.colcon_parallel_executor.executor.parallel:loop closed
[6.103s] DEBUG:colcon.colcon_parallel_executor.executor.parallel:run_until_complete finished with '0'
[6.103s] DEBUG:colcon.colcon_core.event_reactor:joining thread
[6.115s] INFO:colcon.colcon_core.plugin_system:Skipping extension 'colcon_notification.desktop_notification.terminal_notifier': Not used on non-Darwin systems
[6.115s] INFO:colcon.colcon_core.plugin_system:Skipping extension 'colcon_notification.desktop_notification.win32': Not used on non-Windows systems
[6.115s] INFO:colcon.colcon_notification.desktop_notification:Sending desktop notification using 'notify2'
[6.177s] DEBUG:colcon.colcon_core.event_reactor:joined thread
[6.178s] INFO:colcon.colcon_core.shell:Creating prefix script '/home/Gery/Marble_Balancing_Robotic_Arm/40_Simulation/cs558/install/local_setup.ps1'
[6.180s] INFO:colcon.colcon_core.shell:Creating prefix util module '/home/Gery/Marble_Balancing_Robotic_Arm/40_Simulation/cs558/install/_local_setup_util_ps1.py'
[6.182s] INFO:colcon.colcon_core.shell:Creating prefix chain script '/home/Gery/Marble_Balancing_Robotic_Arm/40_Simulation/cs558/install/setup.ps1'
[6.184s] INFO:colcon.colcon_core.shell:Creating prefix script '/home/Gery/Marble_Balancing_Robotic_Arm/40_Simulation/cs558/install/local_setup.sh'
[6.186s] INFO:colcon.colcon_core.shell:Creating prefix util module '/home/Gery/Marble_Balancing_Robotic_Arm/40_Simulation/cs558/install/_local_setup_util_sh.py'
[6.187s] INFO:colcon.colcon_core.shell:Creating prefix chain script '/home/Gery/Marble_Balancing_Robotic_Arm/40_Simulation/cs558/install/setup.sh'
[6.189s] INFO:colcon.colcon_core.shell:Creating prefix script '/home/Gery/Marble_Balancing_Robotic_Arm/40_Simulation/cs558/install/local_setup.bash'
[6.190s] INFO:colcon.colcon_core.shell:Creating prefix chain script '/home/Gery/Marble_Balancing_Robotic_Arm/40_Simulation/cs558/install/setup.bash'
[6.192s] INFO:colcon.colcon_core.shell:Creating prefix script '/home/Gery/Marble_Balancing_Robotic_Arm/40_Simulation/cs558/install/local_setup.zsh'
[6.193s] INFO:colcon.colcon_core.shell:Creating prefix chain script '/home/Gery/Marble_Balancing_Robotic_Arm/40_Simulation/cs558/install/setup.zsh'
