[0.475s] Invoking command in '/home/lincoln/Marble_Balancing_Robotic_Arm/40_Simulation/MBR_ws/src/Marble_control': PYTHONPATH=/home/lincoln/Marble_Balancing_Robotic_Arm/40_Simulation/MBR_ws/build/Marble_control/prefix_override:/usr/lib/python3/dist-packages/colcon_core/task/python/colcon_distutils_commands:/home/lincoln/Marble_Balancing_Robotic_Arm/40_Simulation/MBR_ws/install/Marble_control/lib/python3.10/site-packages:${PYTHONPATH} /usr/bin/python3 -W ignore:setup.py install is deprecated -W ignore:easy_install command is deprecated setup.py egg_info --egg-base ../../build/Marble_control build --build-base /home/lincoln/Marble_Balancing_Robotic_Arm/40_Simulation/MBR_ws/build/Marble_control/build install --record /home/lincoln/Marble_Balancing_Robotic_Arm/40_Simulation/MBR_ws/build/Marble_control/install.log --single-version-externally-managed install_data
[0.614s] running egg_info
[0.614s] writing ../../build/Marble_control/Marble_control.egg-info/PKG-INFO
[0.615s] writing dependency_links to ../../build/Marble_control/Marble_control.egg-info/dependency_links.txt
[0.615s] writing entry points to ../../build/Marble_control/Marble_control.egg-info/entry_points.txt
[0.615s] writing requirements to ../../build/Marble_control/Marble_control.egg-info/requires.txt
[0.615s] writing top-level names to ../../build/Marble_control/Marble_control.egg-info/top_level.txt
[0.616s] reading manifest file '../../build/Marble_control/Marble_control.egg-info/SOURCES.txt'
[0.616s] writing manifest file '../../build/Marble_control/Marble_control.egg-info/SOURCES.txt'
[0.616s] running build
[0.616s] running build_py
[0.616s] running install
[0.616s] running install_lib
[0.617s] running install_data
[0.617s] copying urdf/marble_robot.urdf.xacro -> /home/lincoln/Marble_Balancing_Robotic_Arm/40_Simulation/MBR_ws/install/Marble_control/share/Marble_control/urdf
[0.617s] running install_egg_info
[0.618s] removing '/home/lincoln/Marble_Balancing_Robotic_Arm/40_Simulation/MBR_ws/install/Marble_control/lib/python3.10/site-packages/Marble_control-0.0.0-py3.10.egg-info' (and everything under it)
[0.618s] Copying ../../build/Marble_control/Marble_control.egg-info to /home/lincoln/Marble_Balancing_Robotic_Arm/40_Simulation/MBR_ws/install/Marble_control/lib/python3.10/site-packages/Marble_control-0.0.0-py3.10.egg-info
[0.618s] running install_scripts
[0.629s] Installing joint_publisher script to /home/lincoln/Marble_Balancing_Robotic_Arm/40_Simulation/MBR_ws/install/Marble_control/lib/Marble_control
[0.630s] writing list of installed files to '/home/lincoln/Marble_Balancing_Robotic_Arm/40_Simulation/MBR_ws/build/Marble_control/install.log'
[0.641s] Invoked command in '/home/lincoln/Marble_Balancing_Robotic_Arm/40_Simulation/MBR_ws/src/Marble_control' returned '0': PYTHONPATH=/home/lincoln/Marble_Balancing_Robotic_Arm/40_Simulation/MBR_ws/build/Marble_control/prefix_override:/usr/lib/python3/dist-packages/colcon_core/task/python/colcon_distutils_commands:/home/lincoln/Marble_Balancing_Robotic_Arm/40_Simulation/MBR_ws/install/Marble_control/lib/python3.10/site-packages:${PYTHONPATH} /usr/bin/python3 -W ignore:setup.py install is deprecated -W ignore:easy_install command is deprecated setup.py egg_info --egg-base ../../build/Marble_control build --build-base /home/lincoln/Marble_Balancing_Robotic_Arm/40_Simulation/MBR_ws/build/Marble_control/build install --record /home/lincoln/Marble_Balancing_Robotic_Arm/40_Simulation/MBR_ws/build/Marble_control/install.log --single-version-externally-managed install_data
