[0.436s] Invoking command in '/home/lincoln/Marble_Balancing_Robotic_Arm/40_Simulation/MBR_ws/build/Marble_control': PYTHONPATH=/home/lincoln/Marble_Balancing_Robotic_Arm/40_Simulation/MBR_ws/build/Marble_control/prefix_override:/usr/lib/python3/dist-packages/colcon_core/task/python/colcon_distutils_commands:/home/lincoln/Marble_Balancing_Robotic_Arm/40_Simulation/MBR_ws/install/Marble_control/lib/python3.10/site-packages:${PYTHONPATH} /usr/bin/python3 -W ignore:setup.py install is deprecated -W ignore:easy_install command is deprecated setup.py develop --editable --build-directory /home/lincoln/Marble_Balancing_Robotic_Arm/40_Simulation/MBR_ws/build/Marble_control/build --no-deps symlink_data
[0.565s] running develop
[0.654s] running egg_info
[0.654s] creating Marble_control.egg-info
[0.654s] writing Marble_control.egg-info/PKG-INFO
[0.654s] writing dependency_links to Marble_control.egg-info/dependency_links.txt
[0.654s] writing entry points to Marble_control.egg-info/entry_points.txt
[0.654s] writing requirements to Marble_control.egg-info/requires.txt
[0.654s] writing top-level names to Marble_control.egg-info/top_level.txt
[0.654s] writing manifest file 'Marble_control.egg-info/SOURCES.txt'
[0.655s] reading manifest file 'Marble_control.egg-info/SOURCES.txt'
[0.655s] writing manifest file 'Marble_control.egg-info/SOURCES.txt'
[0.655s] running build_ext
[0.655s] Creating /home/lincoln/Marble_Balancing_Robotic_Arm/40_Simulation/MBR_ws/install/Marble_control/lib/python3.10/site-packages/Marble-control.egg-link (link to .)
[0.656s] Installing joint_publisher script to /home/lincoln/Marble_Balancing_Robotic_Arm/40_Simulation/MBR_ws/install/Marble_control/lib/Marble_control
[0.656s] 
[0.656s] Installed /home/lincoln/Marble_Balancing_Robotic_Arm/40_Simulation/MBR_ws/build/Marble_control
[0.656s] running symlink_data
[0.656s] creating /home/lincoln/Marble_Balancing_Robotic_Arm/40_Simulation/MBR_ws/install/Marble_control/share/ament_index
[0.656s] creating /home/lincoln/Marble_Balancing_Robotic_Arm/40_Simulation/MBR_ws/install/Marble_control/share/ament_index/resource_index
[0.656s] creating /home/lincoln/Marble_Balancing_Robotic_Arm/40_Simulation/MBR_ws/install/Marble_control/share/ament_index/resource_index/packages
[0.657s] symbolically linking /home/lincoln/Marble_Balancing_Robotic_Arm/40_Simulation/MBR_ws/build/Marble_control/resource/Marble_control -> /home/lincoln/Marble_Balancing_Robotic_Arm/40_Simulation/MBR_ws/install/Marble_control/share/ament_index/resource_index/packages
[0.657s] symbolically linking /home/lincoln/Marble_Balancing_Robotic_Arm/40_Simulation/MBR_ws/build/Marble_control/package.xml -> /home/lincoln/Marble_Balancing_Robotic_Arm/40_Simulation/MBR_ws/install/Marble_control/share/Marble_control
[0.657s] creating /home/lincoln/Marble_Balancing_Robotic_Arm/40_Simulation/MBR_ws/install/Marble_control/share/Marble_control/launch
[0.657s] symbolically linking /home/lincoln/Marble_Balancing_Robotic_Arm/40_Simulation/MBR_ws/build/Marble_control/launch/marble_view.launch.py -> /home/lincoln/Marble_Balancing_Robotic_Arm/40_Simulation/MBR_ws/install/Marble_control/share/Marble_control/launch
[0.657s] symbolically linking /home/lincoln/Marble_Balancing_Robotic_Arm/40_Simulation/MBR_ws/build/Marble_control/launch/ur7e_gazebo.launch.py -> /home/lincoln/Marble_Balancing_Robotic_Arm/40_Simulation/MBR_ws/install/Marble_control/share/Marble_control/launch
[0.657s] creating /home/lincoln/Marble_Balancing_Robotic_Arm/40_Simulation/MBR_ws/install/Marble_control/share/Marble_control/urdf
[0.657s] symbolically linking /home/lincoln/Marble_Balancing_Robotic_Arm/40_Simulation/MBR_ws/build/Marble_control/urdf/marble_robot.urdf.xacro -> /home/lincoln/Marble_Balancing_Robotic_Arm/40_Simulation/MBR_ws/install/Marble_control/share/Marble_control/urdf
[0.657s] creating /home/lincoln/Marble_Balancing_Robotic_Arm/40_Simulation/MBR_ws/install/Marble_control/share/Marble_control/config
[0.657s] symbolically linking /home/lincoln/Marble_Balancing_Robotic_Arm/40_Simulation/MBR_ws/build/Marble_control/config/ur7e_controllers.yaml -> /home/lincoln/Marble_Balancing_Robotic_Arm/40_Simulation/MBR_ws/install/Marble_control/share/Marble_control/config
[0.670s] Invoked command in '/home/lincoln/Marble_Balancing_Robotic_Arm/40_Simulation/MBR_ws/build/Marble_control' returned '0': PYTHONPATH=/home/lincoln/Marble_Balancing_Robotic_Arm/40_Simulation/MBR_ws/build/Marble_control/prefix_override:/usr/lib/python3/dist-packages/colcon_core/task/python/colcon_distutils_commands:/home/lincoln/Marble_Balancing_Robotic_Arm/40_Simulation/MBR_ws/install/Marble_control/lib/python3.10/site-packages:${PYTHONPATH} /usr/bin/python3 -W ignore:setup.py install is deprecated -W ignore:easy_install command is deprecated setup.py develop --editable --build-directory /home/lincoln/Marble_Balancing_Robotic_Arm/40_Simulation/MBR_ws/build/Marble_control/build --no-deps symlink_data
