[1.197s] Invoking command in '/home/Gery/Marble_Balancing_Robotic_Arm/40_Simulation/MBR_ws/build/Marble_control': PYTHONPATH=/home/Gery/Marble_Balancing_Robotic_Arm/40_Simulation/MBR_ws/build/Marble_control/prefix_override:/usr/lib/python3/dist-packages/colcon_core/task/python/colcon_distutils_commands:/home/Gery/Marble_Balancing_Robotic_Arm/40_Simulation/MBR_ws/install/Marble_control/lib/python3.10/site-packages:${PYTHONPATH} /usr/bin/python3 -W ignore:setup.py install is deprecated -W ignore:easy_install command is deprecated setup.py develop --editable --build-directory /home/Gery/Marble_Balancing_Robotic_Arm/40_Simulation/MBR_ws/build/Marble_control/build --no-deps symlink_data
[1.554s] running develop
[1.848s] running egg_info
[1.848s] creating Marble_control.egg-info
[1.848s] writing Marble_control.egg-info/PKG-INFO
[1.849s] writing dependency_links to Marble_control.egg-info/dependency_links.txt
[1.850s] writing entry points to Marble_control.egg-info/entry_points.txt
[1.850s] writing requirements to Marble_control.egg-info/requires.txt
[1.850s] writing top-level names to Marble_control.egg-info/top_level.txt
[1.852s] writing manifest file 'Marble_control.egg-info/SOURCES.txt'
[1.854s] reading manifest file 'Marble_control.egg-info/SOURCES.txt'
[1.854s] writing manifest file 'Marble_control.egg-info/SOURCES.txt'
[1.857s] running build_ext
[1.859s] Creating /home/Gery/Marble_Balancing_Robotic_Arm/40_Simulation/MBR_ws/install/Marble_control/lib/python3.10/site-packages/Marble-control.egg-link (link to .)
[1.860s] Installing joint_publisher script to /home/Gery/Marble_Balancing_Robotic_Arm/40_Simulation/MBR_ws/install/Marble_control/lib/Marble_control
[1.860s] 
[1.860s] Installed /home/Gery/Marble_Balancing_Robotic_Arm/40_Simulation/MBR_ws/build/Marble_control
[1.860s] running symlink_data
[1.860s] creating /home/Gery/Marble_Balancing_Robotic_Arm/40_Simulation/MBR_ws/install/Marble_control/share/ament_index
[1.864s] creating /home/Gery/Marble_Balancing_Robotic_Arm/40_Simulation/MBR_ws/install/Marble_control/share/ament_index/resource_index
[1.864s] creating /home/Gery/Marble_Balancing_Robotic_Arm/40_Simulation/MBR_ws/install/Marble_control/share/ament_index/resource_index/packages
[1.864s] symbolically linking /home/Gery/Marble_Balancing_Robotic_Arm/40_Simulation/MBR_ws/build/Marble_control/resource/Marble_control -> /home/Gery/Marble_Balancing_Robotic_Arm/40_Simulation/MBR_ws/install/Marble_control/share/ament_index/resource_index/packages
[1.864s] symbolically linking /home/Gery/Marble_Balancing_Robotic_Arm/40_Simulation/MBR_ws/build/Marble_control/package.xml -> /home/Gery/Marble_Balancing_Robotic_Arm/40_Simulation/MBR_ws/install/Marble_control/share/Marble_control
[1.864s] creating /home/Gery/Marble_Balancing_Robotic_Arm/40_Simulation/MBR_ws/install/Marble_control/share/Marble_control/launch
[1.865s] symbolically linking /home/Gery/Marble_Balancing_Robotic_Arm/40_Simulation/MBR_ws/build/Marble_control/launch/marble_view.launch.py -> /home/Gery/Marble_Balancing_Robotic_Arm/40_Simulation/MBR_ws/install/Marble_control/share/Marble_control/launch
[1.866s] symbolically linking /home/Gery/Marble_Balancing_Robotic_Arm/40_Simulation/MBR_ws/build/Marble_control/launch/ur7e_gazebo.launch.py -> /home/Gery/Marble_Balancing_Robotic_Arm/40_Simulation/MBR_ws/install/Marble_control/share/Marble_control/launch
[1.866s] creating /home/Gery/Marble_Balancing_Robotic_Arm/40_Simulation/MBR_ws/install/Marble_control/share/Marble_control/urdf
[1.866s] symbolically linking /home/Gery/Marble_Balancing_Robotic_Arm/40_Simulation/MBR_ws/build/Marble_control/urdf/marble_robot.urdf.xacro -> /home/Gery/Marble_Balancing_Robotic_Arm/40_Simulation/MBR_ws/install/Marble_control/share/Marble_control/urdf
[1.866s] creating /home/Gery/Marble_Balancing_Robotic_Arm/40_Simulation/MBR_ws/install/Marble_control/share/Marble_control/config
[1.866s] symbolically linking /home/Gery/Marble_Balancing_Robotic_Arm/40_Simulation/MBR_ws/build/Marble_control/config/ur7e_controllers.yaml -> /home/Gery/Marble_Balancing_Robotic_Arm/40_Simulation/MBR_ws/install/Marble_control/share/Marble_control/config
[1.916s] Invoked command in '/home/Gery/Marble_Balancing_Robotic_Arm/40_Simulation/MBR_ws/build/Marble_control' returned '0': PYTHONPATH=/home/Gery/Marble_Balancing_Robotic_Arm/40_Simulation/MBR_ws/build/Marble_control/prefix_override:/usr/lib/python3/dist-packages/colcon_core/task/python/colcon_distutils_commands:/home/Gery/Marble_Balancing_Robotic_Arm/40_Simulation/MBR_ws/install/Marble_control/lib/python3.10/site-packages:${PYTHONPATH} /usr/bin/python3 -W ignore:setup.py install is deprecated -W ignore:easy_install command is deprecated setup.py develop --editable --build-directory /home/Gery/Marble_Balancing_Robotic_Arm/40_Simulation/MBR_ws/build/Marble_control/build --no-deps symlink_data
