[0.666s] Invoking command in '/home/Gery/Marble_Balancing_Robotic_Arm/40_Simulation/MBR_ws/build/ur_description': CMAKE_PREFIX_PATH=/opt/ros/humble /usr/bin/cmake /home/Gery/Marble_Balancing_Robotic_Arm/40_Simulation/MBR_ws/src/Universal_Robots_ROS2_Description -DAMENT_CMAKE_SYMLINK_INSTALL=1 -DCMAKE_INSTALL_PREFIX=/home/Gery/Marble_Balancing_Robotic_Arm/40_Simulation/MBR_ws/install/ur_description
[0.922s] -- The C compiler identification is GNU 11.4.0
[1.098s] -- The CXX compiler identification is GNU 11.4.0
[1.119s] -- Detecting C compiler ABI info
[1.283s] -- Detecting C compiler ABI info - done
[1.292s] -- Check for working C compiler: /usr/bin/cc - skipped
[1.292s] -- Detecting C compile features
[1.293s] -- Detecting C compile features - done
[1.298s] -- Detecting CXX compiler ABI info
[1.421s] -- Detecting CXX compiler ABI info - done
[1.432s] -- Check for working CXX compiler: /usr/bin/c++ - skipped
[1.433s] -- Detecting CXX compile features
[1.433s] -- Detecting CXX compile features - done
[1.450s] -- Found ament_cmake: 1.3.12 (/opt/ros/humble/share/ament_cmake/cmake)
[1.722s] -- Found Python3: /usr/bin/python3 (found version "3.10.12") found components: Interpreter 
[1.853s] -- Override CMake install command with custom implementation using symlinks instead of copying resources
[1.954s] -- Found ament_cmake_pytest: 1.3.12 (/opt/ros/humble/share/ament_cmake_pytest/cmake)
[3.395s] -- Configuring done
[3.403s] -- Generating done
[3.407s] -- Build files have been written to: /home/Gery/Marble_Balancing_Robotic_Arm/40_Simulation/MBR_ws/build/ur_description
[3.412s] Invoked command in '/home/Gery/Marble_Balancing_Robotic_Arm/40_Simulation/MBR_ws/build/ur_description' returned '0': CMAKE_PREFIX_PATH=/opt/ros/humble /usr/bin/cmake /home/Gery/Marble_Balancing_Robotic_Arm/40_Simulation/MBR_ws/src/Universal_Robots_ROS2_Description -DAMENT_CMAKE_SYMLINK_INSTALL=1 -DCMAKE_INSTALL_PREFIX=/home/Gery/Marble_Balancing_Robotic_Arm/40_Simulation/MBR_ws/install/ur_description
[3.415s] Invoking command in '/home/Gery/Marble_Balancing_Robotic_Arm/40_Simulation/MBR_ws/build/ur_description': CMAKE_PREFIX_PATH=/opt/ros/humble /usr/bin/cmake --build /home/Gery/Marble_Balancing_Robotic_Arm/40_Simulation/MBR_ws/build/ur_description -- -j6 -l6
[3.473s] Invoked command in '/home/Gery/Marble_Balancing_Robotic_Arm/40_Simulation/MBR_ws/build/ur_description' returned '0': CMAKE_PREFIX_PATH=/opt/ros/humble /usr/bin/cmake --build /home/Gery/Marble_Balancing_Robotic_Arm/40_Simulation/MBR_ws/build/ur_description -- -j6 -l6
[3.487s] Invoking command in '/home/Gery/Marble_Balancing_Robotic_Arm/40_Simulation/MBR_ws/build/ur_description': CMAKE_PREFIX_PATH=/opt/ros/humble /usr/bin/cmake --install /home/Gery/Marble_Balancing_Robotic_Arm/40_Simulation/MBR_ws/build/ur_description
[3.496s] -- Install configuration: ""
[3.497s] -- Execute custom install script
[3.501s] -- Symlinking: /home/Gery/Marble_Balancing_Robotic_Arm/40_Simulation/MBR_ws/install/ur_description/share/ur_description/config/initial_positions.yaml
[3.514s] -- Symlinking: /home/Gery/Marble_Balancing_Robotic_Arm/40_Simulation/MBR_ws/install/ur_description/share/ur_description/config/ur10/default_kinematics.yaml
[3.526s] -- Symlinking: /home/Gery/Marble_Balancing_Robotic_Arm/40_Simulation/MBR_ws/install/ur_description/share/ur_description/config/ur10/joint_limits.yaml
[3.539s] -- Symlinking: /home/Gery/Marble_Balancing_Robotic_Arm/40_Simulation/MBR_ws/install/ur_description/share/ur_description/config/ur10/physical_parameters.yaml
[3.552s] -- Symlinking: /home/Gery/Marble_Balancing_Robotic_Arm/40_Simulation/MBR_ws/install/ur_description/share/ur_description/config/ur10/visual_parameters.yaml
[3.565s] -- Symlinking: /home/Gery/Marble_Balancing_Robotic_Arm/40_Simulation/MBR_ws/install/ur_description/share/ur_description/config/ur10e/default_kinematics.yaml
[3.578s] -- Symlinking: /home/Gery/Marble_Balancing_Robotic_Arm/40_Simulation/MBR_ws/install/ur_description/share/ur_description/config/ur10e/joint_limits.yaml
[3.591s] -- Symlinking: /home/Gery/Marble_Balancing_Robotic_Arm/40_Simulation/MBR_ws/install/ur_description/share/ur_description/config/ur10e/physical_parameters.yaml
[3.604s] -- Symlinking: /home/Gery/Marble_Balancing_Robotic_Arm/40_Simulation/MBR_ws/install/ur_description/share/ur_description/config/ur10e/visual_parameters.yaml
[3.618s] -- Symlinking: /home/Gery/Marble_Balancing_Robotic_Arm/40_Simulation/MBR_ws/install/ur_description/share/ur_description/config/ur12e/default_kinematics.yaml
[3.631s] -- Symlinking: /home/Gery/Marble_Balancing_Robotic_Arm/40_Simulation/MBR_ws/install/ur_description/share/ur_description/config/ur12e/joint_limits.yaml
[3.644s] -- Symlinking: /home/Gery/Marble_Balancing_Robotic_Arm/40_Simulation/MBR_ws/install/ur_description/share/ur_description/config/ur12e/physical_parameters.yaml
[3.657s] -- Symlinking: /home/Gery/Marble_Balancing_Robotic_Arm/40_Simulation/MBR_ws/install/ur_description/share/ur_description/config/ur12e/visual_parameters.yaml
[3.672s] -- Symlinking: /home/Gery/Marble_Balancing_Robotic_Arm/40_Simulation/MBR_ws/install/ur_description/share/ur_description/config/ur15/default_kinematics.yaml
[3.686s] -- Symlinking: /home/Gery/Marble_Balancing_Robotic_Arm/40_Simulation/MBR_ws/install/ur_description/share/ur_description/config/ur15/joint_limits.yaml
[3.699s] -- Symlinking: /home/Gery/Marble_Balancing_Robotic_Arm/40_Simulation/MBR_ws/install/ur_description/share/ur_description/config/ur15/physical_parameters.yaml
[3.712s] -- Symlinking: /home/Gery/Marble_Balancing_Robotic_Arm/40_Simulation/MBR_ws/install/ur_description/share/ur_description/config/ur15/visual_parameters.yaml
[3.725s] -- Symlinking: /home/Gery/Marble_Balancing_Robotic_Arm/40_Simulation/MBR_ws/install/ur_description/share/ur_description/config/ur16e/default_kinematics.yaml
[3.738s] -- Symlinking: /home/Gery/Marble_Balancing_Robotic_Arm/40_Simulation/MBR_ws/install/ur_description/share/ur_description/config/ur16e/joint_limits.yaml
[3.751s] -- Symlinking: /home/Gery/Marble_Balancing_Robotic_Arm/40_Simulation/MBR_ws/install/ur_description/share/ur_description/config/ur16e/physical_parameters.yaml
[3.764s] -- Symlinking: /home/Gery/Marble_Balancing_Robotic_Arm/40_Simulation/MBR_ws/install/ur_description/share/ur_description/config/ur16e/visual_parameters.yaml
[3.777s] -- Symlinking: /home/Gery/Marble_Balancing_Robotic_Arm/40_Simulation/MBR_ws/install/ur_description/share/ur_description/config/ur18/default_kinematics.yaml
[3.790s] -- Symlinking: /home/Gery/Marble_Balancing_Robotic_Arm/40_Simulation/MBR_ws/install/ur_description/share/ur_description/config/ur18/joint_limits.yaml
[3.804s] -- Symlinking: /home/Gery/Marble_Balancing_Robotic_Arm/40_Simulation/MBR_ws/install/ur_description/share/ur_description/config/ur18/physical_parameters.yaml
[3.817s] -- Symlinking: /home/Gery/Marble_Balancing_Robotic_Arm/40_Simulation/MBR_ws/install/ur_description/share/ur_description/config/ur18/visual_parameters.yaml
[3.830s] -- Symlinking: /home/Gery/Marble_Balancing_Robotic_Arm/40_Simulation/MBR_ws/install/ur_description/share/ur_description/config/ur20/default_kinematics.yaml
[3.844s] -- Symlinking: /home/Gery/Marble_Balancing_Robotic_Arm/40_Simulation/MBR_ws/install/ur_description/share/ur_description/config/ur20/joint_limits.yaml
[3.857s] -- Symlinking: /home/Gery/Marble_Balancing_Robotic_Arm/40_Simulation/MBR_ws/install/ur_description/share/ur_description/config/ur20/physical_parameters.yaml
[3.870s] -- Symlinking: /home/Gery/Marble_Balancing_Robotic_Arm/40_Simulation/MBR_ws/install/ur_description/share/ur_description/config/ur20/visual_parameters.yaml
[3.883s] -- Symlinking: /home/Gery/Marble_Balancing_Robotic_Arm/40_Simulation/MBR_ws/install/ur_description/share/ur_description/config/ur3/default_kinematics.yaml
[3.897s] -- Symlinking: /home/Gery/Marble_Balancing_Robotic_Arm/40_Simulation/MBR_ws/install/ur_description/share/ur_description/config/ur3/joint_limits.yaml
[3.910s] -- Symlinking: /home/Gery/Marble_Balancing_Robotic_Arm/40_Simulation/MBR_ws/install/ur_description/share/ur_description/config/ur3/physical_parameters.yaml
[3.923s] -- Symlinking: /home/Gery/Marble_Balancing_Robotic_Arm/40_Simulation/MBR_ws/install/ur_description/share/ur_description/config/ur3/visual_parameters.yaml
[3.936s] -- Symlinking: /home/Gery/Marble_Balancing_Robotic_Arm/40_Simulation/MBR_ws/install/ur_description/share/ur_description/config/ur30/default_kinematics.yaml
[3.949s] -- Symlinking: /home/Gery/Marble_Balancing_Robotic_Arm/40_Simulation/MBR_ws/install/ur_description/share/ur_description/config/ur30/joint_limits.yaml
[3.962s] -- Symlinking: /home/Gery/Marble_Balancing_Robotic_Arm/40_Simulation/MBR_ws/install/ur_description/share/ur_description/config/ur30/physical_parameters.yaml
[3.976s] -- Symlinking: /home/Gery/Marble_Balancing_Robotic_Arm/40_Simulation/MBR_ws/install/ur_description/share/ur_description/config/ur30/visual_parameters.yaml
[3.989s] -- Symlinking: /home/Gery/Marble_Balancing_Robotic_Arm/40_Simulation/MBR_ws/install/ur_description/share/ur_description/config/ur3e/default_kinematics.yaml
[4.002s] -- Symlinking: /home/Gery/Marble_Balancing_Robotic_Arm/40_Simulation/MBR_ws/install/ur_description/share/ur_description/config/ur3e/joint_limits.yaml
[4.015s] -- Symlinking: /home/Gery/Marble_Balancing_Robotic_Arm/40_Simulation/MBR_ws/install/ur_description/share/ur_description/config/ur3e/physical_parameters.yaml
[4.028s] -- Symlinking: /home/Gery/Marble_Balancing_Robotic_Arm/40_Simulation/MBR_ws/install/ur_description/share/ur_description/config/ur3e/visual_parameters.yaml
[4.042s] -- Symlinking: /home/Gery/Marble_Balancing_Robotic_Arm/40_Simulation/MBR_ws/install/ur_description/share/ur_description/config/ur5/default_kinematics.yaml
[4.056s] -- Symlinking: /home/Gery/Marble_Balancing_Robotic_Arm/40_Simulation/MBR_ws/install/ur_description/share/ur_description/config/ur5/joint_limits.yaml
[4.070s] -- Symlinking: /home/Gery/Marble_Balancing_Robotic_Arm/40_Simulation/MBR_ws/install/ur_description/share/ur_description/config/ur5/physical_parameters.yaml
[4.082s] -- Symlinking: /home/Gery/Marble_Balancing_Robotic_Arm/40_Simulation/MBR_ws/install/ur_description/share/ur_description/config/ur5/visual_parameters.yaml
[4.096s] -- Symlinking: /home/Gery/Marble_Balancing_Robotic_Arm/40_Simulation/MBR_ws/install/ur_description/share/ur_description/config/ur5e/default_kinematics.yaml
[4.110s] -- Symlinking: /home/Gery/Marble_Balancing_Robotic_Arm/40_Simulation/MBR_ws/install/ur_description/share/ur_description/config/ur5e/joint_limits.yaml
[4.122s] -- Symlinking: /home/Gery/Marble_Balancing_Robotic_Arm/40_Simulation/MBR_ws/install/ur_description/share/ur_description/config/ur5e/physical_parameters.yaml
[4.136s] -- Symlinking: /home/Gery/Marble_Balancing_Robotic_Arm/40_Simulation/MBR_ws/install/ur_description/share/ur_description/config/ur5e/visual_parameters.yaml
[4.149s] -- Symlinking: /home/Gery/Marble_Balancing_Robotic_Arm/40_Simulation/MBR_ws/install/ur_description/share/ur_description/config/ur7e/default_kinematics.yaml
[4.162s] -- Symlinking: /home/Gery/Marble_Balancing_Robotic_Arm/40_Simulation/MBR_ws/install/ur_description/share/ur_description/config/ur7e/joint_limits.yaml
[4.175s] -- Symlinking: /home/Gery/Marble_Balancing_Robotic_Arm/40_Simulation/MBR_ws/install/ur_description/share/ur_description/config/ur7e/physical_parameters.yaml
[4.189s] -- Symlinking: /home/Gery/Marble_Balancing_Robotic_Arm/40_Simulation/MBR_ws/install/ur_description/share/ur_description/config/ur7e/visual_parameters.yaml
[4.201s] -- Symlinking: /home/Gery/Marble_Balancing_Robotic_Arm/40_Simulation/MBR_ws/install/ur_description/share/ur_description/config/ur8long/default_kinematics.yaml
[4.214s] -- Symlinking: /home/Gery/Marble_Balancing_Robotic_Arm/40_Simulation/MBR_ws/install/ur_description/share/ur_description/config/ur8long/joint_limits.yaml
[4.227s] -- Symlinking: /home/Gery/Marble_Balancing_Robotic_Arm/40_Simulation/MBR_ws/install/ur_description/share/ur_description/config/ur8long/physical_parameters.yaml
[4.241s] -- Symlinking: /home/Gery/Marble_Balancing_Robotic_Arm/40_Simulation/MBR_ws/install/ur_description/share/ur_description/config/ur8long/visual_parameters.yaml
[4.255s] -- Symlinking: /home/Gery/Marble_Balancing_Robotic_Arm/40_Simulation/MBR_ws/install/ur_description/share/ur_description/launch/view_ur.launch.py
[4.272s] -- Symlinking: /home/Gery/Marble_Balancing_Robotic_Arm/40_Simulation/MBR_ws/install/ur_description/share/ur_description/meshes/ur10/collision/base.stl
[4.286s] -- Symlinking: /home/Gery/Marble_Balancing_Robotic_Arm/40_Simulation/MBR_ws/install/ur_description/share/ur_description/meshes/ur10/collision/forearm.stl
[4.298s] -- Symlinking: /home/Gery/Marble_Balancing_Robotic_Arm/40_Simulation/MBR_ws/install/ur_description/share/ur_description/meshes/ur10/collision/shoulder.stl
[4.311s] -- Symlinking: /home/Gery/Marble_Balancing_Robotic_Arm/40_Simulation/MBR_ws/install/ur_description/share/ur_description/meshes/ur10/collision/upperarm.stl
[4.324s] -- Symlinking: /home/Gery/Marble_Balancing_Robotic_Arm/40_Simulation/MBR_ws/install/ur_description/share/ur_description/meshes/ur10/collision/wrist1.stl
[4.339s] -- Symlinking: /home/Gery/Marble_Balancing_Robotic_Arm/40_Simulation/MBR_ws/install/ur_description/share/ur_description/meshes/ur10/collision/wrist2.stl
[4.353s] -- Symlinking: /home/Gery/Marble_Balancing_Robotic_Arm/40_Simulation/MBR_ws/install/ur_description/share/ur_description/meshes/ur10/collision/wrist3.stl
[4.366s] -- Symlinking: /home/Gery/Marble_Balancing_Robotic_Arm/40_Simulation/MBR_ws/install/ur_description/share/ur_description/meshes/ur10/visual/base.dae
[4.378s] -- Symlinking: /home/Gery/Marble_Balancing_Robotic_Arm/40_Simulation/MBR_ws/install/ur_description/share/ur_description/meshes/ur10/visual/forearm.dae
[4.392s] -- Symlinking: /home/Gery/Marble_Balancing_Robotic_Arm/40_Simulation/MBR_ws/install/ur_description/share/ur_description/meshes/ur10/visual/shoulder.dae
[4.407s] -- Symlinking: /home/Gery/Marble_Balancing_Robotic_Arm/40_Simulation/MBR_ws/install/ur_description/share/ur_description/meshes/ur10/visual/upperarm.dae
[4.421s] -- Symlinking: /home/Gery/Marble_Balancing_Robotic_Arm/40_Simulation/MBR_ws/install/ur_description/share/ur_description/meshes/ur10/visual/wrist1.dae
[4.435s] -- Symlinking: /home/Gery/Marble_Balancing_Robotic_Arm/40_Simulation/MBR_ws/install/ur_description/share/ur_description/meshes/ur10/visual/wrist2.dae
[4.450s] -- Symlinking: /home/Gery/Marble_Balancing_Robotic_Arm/40_Simulation/MBR_ws/install/ur_description/share/ur_description/meshes/ur10/visual/wrist3.dae
[4.465s] -- Symlinking: /home/Gery/Marble_Balancing_Robotic_Arm/40_Simulation/MBR_ws/install/ur_description/share/ur_description/meshes/ur10e/collision/base.stl
[4.479s] -- Symlinking: /home/Gery/Marble_Balancing_Robotic_Arm/40_Simulation/MBR_ws/install/ur_description/share/ur_description/meshes/ur10e/collision/forearm.stl
[4.492s] -- Symlinking: /home/Gery/Marble_Balancing_Robotic_Arm/40_Simulation/MBR_ws/install/ur_description/share/ur_description/meshes/ur10e/collision/shoulder.stl
[4.505s] -- Symlinking: /home/Gery/Marble_Balancing_Robotic_Arm/40_Simulation/MBR_ws/install/ur_description/share/ur_description/meshes/ur10e/collision/upperarm.stl
[4.517s] -- Symlinking: /home/Gery/Marble_Balancing_Robotic_Arm/40_Simulation/MBR_ws/install/ur_description/share/ur_description/meshes/ur10e/collision/wrist1.stl
[4.531s] -- Symlinking: /home/Gery/Marble_Balancing_Robotic_Arm/40_Simulation/MBR_ws/install/ur_description/share/ur_description/meshes/ur10e/collision/wrist2.stl
[4.545s] -- Symlinking: /home/Gery/Marble_Balancing_Robotic_Arm/40_Simulation/MBR_ws/install/ur_description/share/ur_description/meshes/ur10e/collision/wrist3.stl
[4.561s] -- Symlinking: /home/Gery/Marble_Balancing_Robotic_Arm/40_Simulation/MBR_ws/install/ur_description/share/ur_description/meshes/ur10e/visual/base.dae
[4.576s] -- Symlinking: /home/Gery/Marble_Balancing_Robotic_Arm/40_Simulation/MBR_ws/install/ur_description/share/ur_description/meshes/ur10e/visual/forearm.dae
[4.590s] -- Symlinking: /home/Gery/Marble_Balancing_Robotic_Arm/40_Simulation/MBR_ws/install/ur_description/share/ur_description/meshes/ur10e/visual/shoulder.dae
[4.605s] -- Symlinking: /home/Gery/Marble_Balancing_Robotic_Arm/40_Simulation/MBR_ws/install/ur_description/share/ur_description/meshes/ur10e/visual/upperarm.dae
[4.617s] -- Symlinking: /home/Gery/Marble_Balancing_Robotic_Arm/40_Simulation/MBR_ws/install/ur_description/share/ur_description/meshes/ur10e/visual/wrist1.dae
[4.632s] -- Symlinking: /home/Gery/Marble_Balancing_Robotic_Arm/40_Simulation/MBR_ws/install/ur_description/share/ur_description/meshes/ur10e/visual/wrist2.dae
[4.646s] -- Symlinking: /home/Gery/Marble_Balancing_Robotic_Arm/40_Simulation/MBR_ws/install/ur_description/share/ur_description/meshes/ur10e/visual/wrist3.dae
[4.659s] -- Symlinking: /home/Gery/Marble_Balancing_Robotic_Arm/40_Simulation/MBR_ws/install/ur_description/share/ur_description/meshes/ur15/LICENSE.txt
[4.674s] -- Symlinking: /home/Gery/Marble_Balancing_Robotic_Arm/40_Simulation/MBR_ws/install/ur_description/share/ur_description/meshes/ur15/collision/base.stl
[4.687s] -- Symlinking: /home/Gery/Marble_Balancing_Robotic_Arm/40_Simulation/MBR_ws/install/ur_description/share/ur_description/meshes/ur15/collision/forearm.stl
[4.701s] -- Symlinking: /home/Gery/Marble_Balancing_Robotic_Arm/40_Simulation/MBR_ws/install/ur_description/share/ur_description/meshes/ur15/collision/shoulder.stl
[4.715s] -- Symlinking: /home/Gery/Marble_Balancing_Robotic_Arm/40_Simulation/MBR_ws/install/ur_description/share/ur_description/meshes/ur15/collision/upperarm.stl
[4.729s] -- Symlinking: /home/Gery/Marble_Balancing_Robotic_Arm/40_Simulation/MBR_ws/install/ur_description/share/ur_description/meshes/ur15/collision/wrist1.stl
[4.746s] -- Symlinking: /home/Gery/Marble_Balancing_Robotic_Arm/40_Simulation/MBR_ws/install/ur_description/share/ur_description/meshes/ur15/collision/wrist2.stl
[4.759s] -- Symlinking: /home/Gery/Marble_Balancing_Robotic_Arm/40_Simulation/MBR_ws/install/ur_description/share/ur_description/meshes/ur15/collision/wrist3.stl
[4.773s] -- Symlinking: /home/Gery/Marble_Balancing_Robotic_Arm/40_Simulation/MBR_ws/install/ur_description/share/ur_description/meshes/ur15/visual/UR15_DIFF_8bit_2K.jpg
[4.786s] -- Symlinking: /home/Gery/Marble_Balancing_Robotic_Arm/40_Simulation/MBR_ws/install/ur_description/share/ur_description/meshes/ur15/visual/base.dae
[4.798s] -- Symlinking: /home/Gery/Marble_Balancing_Robotic_Arm/40_Simulation/MBR_ws/install/ur_description/share/ur_description/meshes/ur15/visual/forearm.dae
[4.811s] -- Symlinking: /home/Gery/Marble_Balancing_Robotic_Arm/40_Simulation/MBR_ws/install/ur_description/share/ur_description/meshes/ur15/visual/shoulder.dae
[4.824s] -- Symlinking: /home/Gery/Marble_Balancing_Robotic_Arm/40_Simulation/MBR_ws/install/ur_description/share/ur_description/meshes/ur15/visual/upperarm.dae
[4.837s] -- Symlinking: /home/Gery/Marble_Balancing_Robotic_Arm/40_Simulation/MBR_ws/install/ur_description/share/ur_description/meshes/ur15/visual/wrist1.dae
[4.850s] -- Symlinking: /home/Gery/Marble_Balancing_Robotic_Arm/40_Simulation/MBR_ws/install/ur_description/share/ur_description/meshes/ur15/visual/wrist2.dae
[4.863s] -- Symlinking: /home/Gery/Marble_Balancing_Robotic_Arm/40_Simulation/MBR_ws/install/ur_description/share/ur_description/meshes/ur15/visual/wrist3.dae
[4.876s] -- Symlinking: /home/Gery/Marble_Balancing_Robotic_Arm/40_Simulation/MBR_ws/install/ur_description/share/ur_description/meshes/ur16e/collision/forearm.stl
[4.889s] -- Symlinking: /home/Gery/Marble_Balancing_Robotic_Arm/40_Simulation/MBR_ws/install/ur_description/share/ur_description/meshes/ur16e/collision/upperarm.stl
[4.902s] -- Symlinking: /home/Gery/Marble_Balancing_Robotic_Arm/40_Simulation/MBR_ws/install/ur_description/share/ur_description/meshes/ur16e/visual/forearm.dae
[4.915s] -- Symlinking: /home/Gery/Marble_Balancing_Robotic_Arm/40_Simulation/MBR_ws/install/ur_description/share/ur_description/meshes/ur16e/visual/upperarm.dae
[4.928s] -- Symlinking: /home/Gery/Marble_Balancing_Robotic_Arm/40_Simulation/MBR_ws/install/ur_description/share/ur_description/meshes/ur18/LICENSE.txt
[4.942s] -- Symlinking: /home/Gery/Marble_Balancing_Robotic_Arm/40_Simulation/MBR_ws/install/ur_description/share/ur_description/meshes/ur18/collision/forearm.stl
[4.954s] -- Symlinking: /home/Gery/Marble_Balancing_Robotic_Arm/40_Simulation/MBR_ws/install/ur_description/share/ur_description/meshes/ur18/collision/upperarm.stl
[4.967s] -- Symlinking: /home/Gery/Marble_Balancing_Robotic_Arm/40_Simulation/MBR_ws/install/ur_description/share/ur_description/meshes/ur18/visual/UR18_DIFF_8bit_2K.jpg
[4.979s] -- Symlinking: /home/Gery/Marble_Balancing_Robotic_Arm/40_Simulation/MBR_ws/install/ur_description/share/ur_description/meshes/ur18/visual/forearm.dae
[4.991s] -- Symlinking: /home/Gery/Marble_Balancing_Robotic_Arm/40_Simulation/MBR_ws/install/ur_description/share/ur_description/meshes/ur18/visual/upperarm.dae
[5.004s] -- Symlinking: /home/Gery/Marble_Balancing_Robotic_Arm/40_Simulation/MBR_ws/install/ur_description/share/ur_description/meshes/ur20/LICENSE.txt
[5.016s] -- Symlinking: /home/Gery/Marble_Balancing_Robotic_Arm/40_Simulation/MBR_ws/install/ur_description/share/ur_description/meshes/ur20/collision/base.stl
[5.028s] -- Symlinking: /home/Gery/Marble_Balancing_Robotic_Arm/40_Simulation/MBR_ws/install/ur_description/share/ur_description/meshes/ur20/collision/forearm.stl
[5.041s] -- Symlinking: /home/Gery/Marble_Balancing_Robotic_Arm/40_Simulation/MBR_ws/install/ur_description/share/ur_description/meshes/ur20/collision/shoulder.stl
[5.055s] -- Symlinking: /home/Gery/Marble_Balancing_Robotic_Arm/40_Simulation/MBR_ws/install/ur_description/share/ur_description/meshes/ur20/collision/upperarm.stl
[5.068s] -- Symlinking: /home/Gery/Marble_Balancing_Robotic_Arm/40_Simulation/MBR_ws/install/ur_description/share/ur_description/meshes/ur20/collision/wrist1.stl
[5.081s] -- Symlinking: /home/Gery/Marble_Balancing_Robotic_Arm/40_Simulation/MBR_ws/install/ur_description/share/ur_description/meshes/ur20/collision/wrist2.stl
[5.093s] -- Symlinking: /home/Gery/Marble_Balancing_Robotic_Arm/40_Simulation/MBR_ws/install/ur_description/share/ur_description/meshes/ur20/collision/wrist3.stl
[5.107s] -- Symlinking: /home/Gery/Marble_Balancing_Robotic_Arm/40_Simulation/MBR_ws/install/ur_description/share/ur_description/meshes/ur20/visual/UR20_DIFF_8bit_2K.png
[5.121s] -- Symlinking: /home/Gery/Marble_Balancing_Robotic_Arm/40_Simulation/MBR_ws/install/ur_description/share/ur_description/meshes/ur20/visual/base.dae
[5.135s] -- Symlinking: /home/Gery/Marble_Balancing_Robotic_Arm/40_Simulation/MBR_ws/install/ur_description/share/ur_description/meshes/ur20/visual/forearm.dae
[5.150s] -- Symlinking: /home/Gery/Marble_Balancing_Robotic_Arm/40_Simulation/MBR_ws/install/ur_description/share/ur_description/meshes/ur20/visual/shoulder.dae
[5.166s] -- Symlinking: /home/Gery/Marble_Balancing_Robotic_Arm/40_Simulation/MBR_ws/install/ur_description/share/ur_description/meshes/ur20/visual/upperarm.dae
[5.180s] -- Symlinking: /home/Gery/Marble_Balancing_Robotic_Arm/40_Simulation/MBR_ws/install/ur_description/share/ur_description/meshes/ur20/visual/wrist1.dae
[5.196s] -- Symlinking: /home/Gery/Marble_Balancing_Robotic_Arm/40_Simulation/MBR_ws/install/ur_description/share/ur_description/meshes/ur20/visual/wrist2.dae
[5.210s] -- Symlinking: /home/Gery/Marble_Balancing_Robotic_Arm/40_Simulation/MBR_ws/install/ur_description/share/ur_description/meshes/ur20/visual/wrist3.dae
[5.225s] -- Symlinking: /home/Gery/Marble_Balancing_Robotic_Arm/40_Simulation/MBR_ws/install/ur_description/share/ur_description/meshes/ur3/collision/base.stl
[5.240s] -- Symlinking: /home/Gery/Marble_Balancing_Robotic_Arm/40_Simulation/MBR_ws/install/ur_description/share/ur_description/meshes/ur3/collision/forearm.stl
[5.252s] -- Symlinking: /home/Gery/Marble_Balancing_Robotic_Arm/40_Simulation/MBR_ws/install/ur_description/share/ur_description/meshes/ur3/collision/shoulder.stl
[5.265s] -- Symlinking: /home/Gery/Marble_Balancing_Robotic_Arm/40_Simulation/MBR_ws/install/ur_description/share/ur_description/meshes/ur3/collision/upperarm.stl
[5.277s] -- Symlinking: /home/Gery/Marble_Balancing_Robotic_Arm/40_Simulation/MBR_ws/install/ur_description/share/ur_description/meshes/ur3/collision/wrist1.stl
[5.290s] -- Symlinking: /home/Gery/Marble_Balancing_Robotic_Arm/40_Simulation/MBR_ws/install/ur_description/share/ur_description/meshes/ur3/collision/wrist2.stl
[5.302s] -- Symlinking: /home/Gery/Marble_Balancing_Robotic_Arm/40_Simulation/MBR_ws/install/ur_description/share/ur_description/meshes/ur3/collision/wrist3.stl
[5.314s] -- Symlinking: /home/Gery/Marble_Balancing_Robotic_Arm/40_Simulation/MBR_ws/install/ur_description/share/ur_description/meshes/ur3/visual/base.dae
[5.326s] -- Symlinking: /home/Gery/Marble_Balancing_Robotic_Arm/40_Simulation/MBR_ws/install/ur_description/share/ur_description/meshes/ur3/visual/forearm.dae
[5.339s] -- Symlinking: /home/Gery/Marble_Balancing_Robotic_Arm/40_Simulation/MBR_ws/install/ur_description/share/ur_description/meshes/ur3/visual/shoulder.dae
[5.350s] -- Symlinking: /home/Gery/Marble_Balancing_Robotic_Arm/40_Simulation/MBR_ws/install/ur_description/share/ur_description/meshes/ur3/visual/upperarm.dae
[5.363s] -- Symlinking: /home/Gery/Marble_Balancing_Robotic_Arm/40_Simulation/MBR_ws/install/ur_description/share/ur_description/meshes/ur3/visual/wrist1.dae
[5.375s] -- Symlinking: /home/Gery/Marble_Balancing_Robotic_Arm/40_Simulation/MBR_ws/install/ur_description/share/ur_description/meshes/ur3/visual/wrist2.dae
[5.387s] -- Symlinking: /home/Gery/Marble_Balancing_Robotic_Arm/40_Simulation/MBR_ws/install/ur_description/share/ur_description/meshes/ur3/visual/wrist3.dae
[5.399s] -- Symlinking: /home/Gery/Marble_Balancing_Robotic_Arm/40_Simulation/MBR_ws/install/ur_description/share/ur_description/meshes/ur30/LICENSE.txt
[5.412s] -- Symlinking: /home/Gery/Marble_Balancing_Robotic_Arm/40_Simulation/MBR_ws/install/ur_description/share/ur_description/meshes/ur30/collision/forearm.stl
[5.426s] -- Symlinking: /home/Gery/Marble_Balancing_Robotic_Arm/40_Simulation/MBR_ws/install/ur_description/share/ur_description/meshes/ur30/collision/upperarm.stl
[5.441s] -- Symlinking: /home/Gery/Marble_Balancing_Robotic_Arm/40_Simulation/MBR_ws/install/ur_description/share/ur_description/meshes/ur30/visual/UR30_DIFF_8bit_2K.png
[5.453s] -- Symlinking: /home/Gery/Marble_Balancing_Robotic_Arm/40_Simulation/MBR_ws/install/ur_description/share/ur_description/meshes/ur30/visual/forearm.dae
[5.466s] -- Symlinking: /home/Gery/Marble_Balancing_Robotic_Arm/40_Simulation/MBR_ws/install/ur_description/share/ur_description/meshes/ur30/visual/upperarm.dae
[5.479s] -- Symlinking: /home/Gery/Marble_Balancing_Robotic_Arm/40_Simulation/MBR_ws/install/ur_description/share/ur_description/meshes/ur3e/collision/base.stl
[5.492s] -- Symlinking: /home/Gery/Marble_Balancing_Robotic_Arm/40_Simulation/MBR_ws/install/ur_description/share/ur_description/meshes/ur3e/collision/forearm.stl
[5.505s] -- Symlinking: /home/Gery/Marble_Balancing_Robotic_Arm/40_Simulation/MBR_ws/install/ur_description/share/ur_description/meshes/ur3e/collision/shoulder.stl
[5.517s] -- Symlinking: /home/Gery/Marble_Balancing_Robotic_Arm/40_Simulation/MBR_ws/install/ur_description/share/ur_description/meshes/ur3e/collision/upperarm.stl
[5.529s] -- Symlinking: /home/Gery/Marble_Balancing_Robotic_Arm/40_Simulation/MBR_ws/install/ur_description/share/ur_description/meshes/ur3e/collision/wrist1.stl
[5.542s] -- Symlinking: /home/Gery/Marble_Balancing_Robotic_Arm/40_Simulation/MBR_ws/install/ur_description/share/ur_description/meshes/ur3e/collision/wrist2.stl
[5.556s] -- Symlinking: /home/Gery/Marble_Balancing_Robotic_Arm/40_Simulation/MBR_ws/install/ur_description/share/ur_description/meshes/ur3e/collision/wrist3.stl
[5.570s] -- Symlinking: /home/Gery/Marble_Balancing_Robotic_Arm/40_Simulation/MBR_ws/install/ur_description/share/ur_description/meshes/ur3e/visual/base.dae
[5.582s] -- Symlinking: /home/Gery/Marble_Balancing_Robotic_Arm/40_Simulation/MBR_ws/install/ur_description/share/ur_description/meshes/ur3e/visual/forearm.dae
[5.595s] -- Symlinking: /home/Gery/Marble_Balancing_Robotic_Arm/40_Simulation/MBR_ws/install/ur_description/share/ur_description/meshes/ur3e/visual/shoulder.dae
[5.608s] -- Symlinking: /home/Gery/Marble_Balancing_Robotic_Arm/40_Simulation/MBR_ws/install/ur_description/share/ur_description/meshes/ur3e/visual/upperarm.dae
[5.621s] -- Symlinking: /home/Gery/Marble_Balancing_Robotic_Arm/40_Simulation/MBR_ws/install/ur_description/share/ur_description/meshes/ur3e/visual/wrist1.dae
[5.635s] -- Symlinking: /home/Gery/Marble_Balancing_Robotic_Arm/40_Simulation/MBR_ws/install/ur_description/share/ur_description/meshes/ur3e/visual/wrist2.dae
[5.647s] -- Symlinking: /home/Gery/Marble_Balancing_Robotic_Arm/40_Simulation/MBR_ws/install/ur_description/share/ur_description/meshes/ur3e/visual/wrist3.dae
[5.660s] -- Symlinking: /home/Gery/Marble_Balancing_Robotic_Arm/40_Simulation/MBR_ws/install/ur_description/share/ur_description/meshes/ur5/collision/base.stl
[5.672s] -- Symlinking: /home/Gery/Marble_Balancing_Robotic_Arm/40_Simulation/MBR_ws/install/ur_description/share/ur_description/meshes/ur5/collision/forearm.stl
[5.685s] -- Symlinking: /home/Gery/Marble_Balancing_Robotic_Arm/40_Simulation/MBR_ws/install/ur_description/share/ur_description/meshes/ur5/collision/shoulder.stl
[5.696s] -- Symlinking: /home/Gery/Marble_Balancing_Robotic_Arm/40_Simulation/MBR_ws/install/ur_description/share/ur_description/meshes/ur5/collision/upperarm.stl
[5.708s] -- Symlinking: /home/Gery/Marble_Balancing_Robotic_Arm/40_Simulation/MBR_ws/install/ur_description/share/ur_description/meshes/ur5/collision/wrist1.stl
[5.719s] -- Symlinking: /home/Gery/Marble_Balancing_Robotic_Arm/40_Simulation/MBR_ws/install/ur_description/share/ur_description/meshes/ur5/collision/wrist2.stl
[5.732s] -- Symlinking: /home/Gery/Marble_Balancing_Robotic_Arm/40_Simulation/MBR_ws/install/ur_description/share/ur_description/meshes/ur5/collision/wrist3.stl
[5.745s] -- Symlinking: /home/Gery/Marble_Balancing_Robotic_Arm/40_Simulation/MBR_ws/install/ur_description/share/ur_description/meshes/ur5/visual/base.dae
[5.757s] -- Symlinking: /home/Gery/Marble_Balancing_Robotic_Arm/40_Simulation/MBR_ws/install/ur_description/share/ur_description/meshes/ur5/visual/forearm.dae
[5.769s] -- Symlinking: /home/Gery/Marble_Balancing_Robotic_Arm/40_Simulation/MBR_ws/install/ur_description/share/ur_description/meshes/ur5/visual/shoulder.dae
[5.782s] -- Symlinking: /home/Gery/Marble_Balancing_Robotic_Arm/40_Simulation/MBR_ws/install/ur_description/share/ur_description/meshes/ur5/visual/upperarm.dae
[5.795s] -- Symlinking: /home/Gery/Marble_Balancing_Robotic_Arm/40_Simulation/MBR_ws/install/ur_description/share/ur_description/meshes/ur5/visual/wrist1.dae
[5.808s] -- Symlinking: /home/Gery/Marble_Balancing_Robotic_Arm/40_Simulation/MBR_ws/install/ur_description/share/ur_description/meshes/ur5/visual/wrist2.dae
[5.822s] -- Symlinking: /home/Gery/Marble_Balancing_Robotic_Arm/40_Simulation/MBR_ws/install/ur_description/share/ur_description/meshes/ur5/visual/wrist3.dae
[5.835s] -- Symlinking: /home/Gery/Marble_Balancing_Robotic_Arm/40_Simulation/MBR_ws/install/ur_description/share/ur_description/meshes/ur5e/collision/base.stl
[5.849s] -- Symlinking: /home/Gery/Marble_Balancing_Robotic_Arm/40_Simulation/MBR_ws/install/ur_description/share/ur_description/meshes/ur5e/collision/forearm.stl
[5.861s] -- Symlinking: /home/Gery/Marble_Balancing_Robotic_Arm/40_Simulation/MBR_ws/install/ur_description/share/ur_description/meshes/ur5e/collision/shoulder.stl
[5.874s] -- Symlinking: /home/Gery/Marble_Balancing_Robotic_Arm/40_Simulation/MBR_ws/install/ur_description/share/ur_description/meshes/ur5e/collision/upperarm.stl
[5.887s] -- Symlinking: /home/Gery/Marble_Balancing_Robotic_Arm/40_Simulation/MBR_ws/install/ur_description/share/ur_description/meshes/ur5e/collision/wrist1.stl
[5.898s] -- Symlinking: /home/Gery/Marble_Balancing_Robotic_Arm/40_Simulation/MBR_ws/install/ur_description/share/ur_description/meshes/ur5e/collision/wrist2.stl
[5.910s] -- Symlinking: /home/Gery/Marble_Balancing_Robotic_Arm/40_Simulation/MBR_ws/install/ur_description/share/ur_description/meshes/ur5e/collision/wrist3.stl
[5.922s] -- Symlinking: /home/Gery/Marble_Balancing_Robotic_Arm/40_Simulation/MBR_ws/install/ur_description/share/ur_description/meshes/ur5e/visual/base.dae
[5.935s] -- Symlinking: /home/Gery/Marble_Balancing_Robotic_Arm/40_Simulation/MBR_ws/install/ur_description/share/ur_description/meshes/ur5e/visual/forearm.dae
[5.948s] -- Symlinking: /home/Gery/Marble_Balancing_Robotic_Arm/40_Simulation/MBR_ws/install/ur_description/share/ur_description/meshes/ur5e/visual/shoulder.dae
[5.960s] -- Symlinking: /home/Gery/Marble_Balancing_Robotic_Arm/40_Simulation/MBR_ws/install/ur_description/share/ur_description/meshes/ur5e/visual/upperarm.dae
[5.971s] -- Symlinking: /home/Gery/Marble_Balancing_Robotic_Arm/40_Simulation/MBR_ws/install/ur_description/share/ur_description/meshes/ur5e/visual/wrist1.dae
[5.983s] -- Symlinking: /home/Gery/Marble_Balancing_Robotic_Arm/40_Simulation/MBR_ws/install/ur_description/share/ur_description/meshes/ur5e/visual/wrist2.dae
[5.994s] -- Symlinking: /home/Gery/Marble_Balancing_Robotic_Arm/40_Simulation/MBR_ws/install/ur_description/share/ur_description/meshes/ur5e/visual/wrist3.dae
[6.006s] -- Symlinking: /home/Gery/Marble_Balancing_Robotic_Arm/40_Simulation/MBR_ws/install/ur_description/share/ur_description/meshes/ur8long/LICENSE.txt
[6.021s] -- Symlinking: /home/Gery/Marble_Balancing_Robotic_Arm/40_Simulation/MBR_ws/install/ur_description/share/ur_description/meshes/ur8long/collision/forearm.stl
[6.033s] -- Symlinking: /home/Gery/Marble_Balancing_Robotic_Arm/40_Simulation/MBR_ws/install/ur_description/share/ur_description/meshes/ur8long/collision/upperarm.stl
[6.046s] -- Symlinking: /home/Gery/Marble_Balancing_Robotic_Arm/40_Simulation/MBR_ws/install/ur_description/share/ur_description/meshes/ur8long/visual/UR8Long_DIFF_8bit_2K.jpg
[6.059s] -- Symlinking: /home/Gery/Marble_Balancing_Robotic_Arm/40_Simulation/MBR_ws/install/ur_description/share/ur_description/meshes/ur8long/visual/forearm.dae
[6.072s] -- Symlinking: /home/Gery/Marble_Balancing_Robotic_Arm/40_Simulation/MBR_ws/install/ur_description/share/ur_description/meshes/ur8long/visual/upperarm.dae
[6.084s] -- Symlinking: /home/Gery/Marble_Balancing_Robotic_Arm/40_Simulation/MBR_ws/install/ur_description/share/ur_description/rviz/view_robot.rviz
[6.097s] -- Symlinking: /home/Gery/Marble_Balancing_Robotic_Arm/40_Simulation/MBR_ws/install/ur_description/share/ur_description/urdf/inc/ur_common.xacro
[6.109s] -- Symlinking: /home/Gery/Marble_Balancing_Robotic_Arm/40_Simulation/MBR_ws/install/ur_description/share/ur_description/urdf/inc/ur_joint_control.xacro
[6.122s] -- Symlinking: /home/Gery/Marble_Balancing_Robotic_Arm/40_Simulation/MBR_ws/install/ur_description/share/ur_description/urdf/inc/ur_sensors.xacro
[6.135s] -- Symlinking: /home/Gery/Marble_Balancing_Robotic_Arm/40_Simulation/MBR_ws/install/ur_description/share/ur_description/urdf/inc/ur_transmissions.xacro
[6.147s] -- Symlinking: /home/Gery/Marble_Balancing_Robotic_Arm/40_Simulation/MBR_ws/install/ur_description/share/ur_description/urdf/ros2_control_mock_hardware.xacro
[6.158s] -- Symlinking: /home/Gery/Marble_Balancing_Robotic_Arm/40_Simulation/MBR_ws/install/ur_description/share/ur_description/urdf/ur.urdf.xacro
[6.171s] -- Symlinking: /home/Gery/Marble_Balancing_Robotic_Arm/40_Simulation/MBR_ws/install/ur_description/share/ur_description/urdf/ur7e.urdf
[6.184s] -- Symlinking: /home/Gery/Marble_Balancing_Robotic_Arm/40_Simulation/MBR_ws/install/ur_description/share/ur_description/urdf/ur_macro.xacro
[6.197s] -- Symlinking: /home/Gery/Marble_Balancing_Robotic_Arm/40_Simulation/MBR_ws/install/ur_description/share/ur_description/urdf/ur_mocked.urdf.xacro
[6.211s] -- Symlinking: /home/Gery/Marble_Balancing_Robotic_Arm/40_Simulation/MBR_ws/install/ur_description/share/ur_description/test/test_ur_urdf_xacro.py
[6.224s] -- Symlinking: /home/Gery/Marble_Balancing_Robotic_Arm/40_Simulation/MBR_ws/install/ur_description/share/ur_description/test/test_view_ur_launch.py
[6.236s] -- Symlinking: /home/Gery/Marble_Balancing_Robotic_Arm/40_Simulation/MBR_ws/install/ur_description/share/ament_index/resource_index/package_run_dependencies/ur_description
[6.249s] -- Symlinking: /home/Gery/Marble_Balancing_Robotic_Arm/40_Simulation/MBR_ws/install/ur_description/share/ament_index/resource_index/parent_prefix_path/ur_description
[6.262s] -- Symlinking: /home/Gery/Marble_Balancing_Robotic_Arm/40_Simulation/MBR_ws/install/ur_description/share/ur_description/environment/ament_prefix_path.sh
[6.275s] -- Symlinking: /home/Gery/Marble_Balancing_Robotic_Arm/40_Simulation/MBR_ws/install/ur_description/share/ur_description/environment/ament_prefix_path.dsv
[6.288s] -- Symlinking: /home/Gery/Marble_Balancing_Robotic_Arm/40_Simulation/MBR_ws/install/ur_description/share/ur_description/environment/path.sh
[6.301s] -- Symlinking: /home/Gery/Marble_Balancing_Robotic_Arm/40_Simulation/MBR_ws/install/ur_description/share/ur_description/environment/path.dsv
[6.313s] -- Symlinking: /home/Gery/Marble_Balancing_Robotic_Arm/40_Simulation/MBR_ws/install/ur_description/share/ur_description/local_setup.bash
[6.325s] -- Symlinking: /home/Gery/Marble_Balancing_Robotic_Arm/40_Simulation/MBR_ws/install/ur_description/share/ur_description/local_setup.sh
[6.339s] -- Symlinking: /home/Gery/Marble_Balancing_Robotic_Arm/40_Simulation/MBR_ws/install/ur_description/share/ur_description/local_setup.zsh
[6.351s] -- Symlinking: /home/Gery/Marble_Balancing_Robotic_Arm/40_Simulation/MBR_ws/install/ur_description/share/ur_description/local_setup.dsv
[6.366s] -- Symlinking: /home/Gery/Marble_Balancing_Robotic_Arm/40_Simulation/MBR_ws/install/ur_description/share/ur_description/package.dsv
[6.379s] -- Symlinking: /home/Gery/Marble_Balancing_Robotic_Arm/40_Simulation/MBR_ws/install/ur_description/share/ament_index/resource_index/packages/ur_description
[6.393s] -- Symlinking: /home/Gery/Marble_Balancing_Robotic_Arm/40_Simulation/MBR_ws/install/ur_description/share/ur_description/cmake/ur_descriptionConfig.cmake
[6.407s] -- Symlinking: /home/Gery/Marble_Balancing_Robotic_Arm/40_Simulation/MBR_ws/install/ur_description/share/ur_description/cmake/ur_descriptionConfig-version.cmake
[6.420s] -- Symlinking: /home/Gery/Marble_Balancing_Robotic_Arm/40_Simulation/MBR_ws/install/ur_description/share/ur_description/package.xml
[6.437s] Invoked command in '/home/Gery/Marble_Balancing_Robotic_Arm/40_Simulation/MBR_ws/build/ur_description' returned '0': CMAKE_PREFIX_PATH=/opt/ros/humble /usr/bin/cmake --install /home/Gery/Marble_Balancing_Robotic_Arm/40_Simulation/MBR_ws/build/ur_description
