[0.111s] DEBUG:colcon:Command line arguments: ['/usr/bin/colcon', 'build', '--symlink-install']
[0.111s] DEBUG:colcon:Parsed command line arguments: Namespace(log_base=None, log_level=None, verb_name='build', build_base='build', install_base='install', merge_install=False, symlink_install=True, test_result_base=None, continue_on_error=False, executor='parallel', parallel_workers=6, event_handlers=None, ignore_user_meta=False, metas=['./colcon.meta'], base_paths=['.'], packages_ignore=None, packages_ignore_regex=None, paths=None, packages_up_to=None, packages_up_to_regex=None, packages_above=None, packages_above_and_dependencies=None, packages_above_depth=None, packages_select_by_dep=None, packages_skip_by_dep=None, packages_skip_up_to=None, packages_select_build_failed=False, packages_skip_build_finished=False, packages_select_test_failures=False, packages_skip_test_passed=False, packages_select=None, packages_skip=None, packages_select_regex=None, packages_skip_regex=None, packages_start=None, packages_end=None, allow_overriding=[], cmake_args=None, cmake_target=None, cmake_target_skip_unavailable=False, cmake_clean_cache=False, cmake_clean_first=False, cmake_force_configure=False, ament_cmake_args=None, catkin_cmake_args=None, catkin_skip_building_tests=False, verb_parser=<colcon_defaults.argument_parser.defaults.DefaultArgumentsDecorator object at 0x7f960ed0d840>, verb_extension=<colcon_core.verb.build.BuildVerb object at 0x7f960ed0d180>, main=<bound method BuildVerb.main of <colcon_core.verb.build.BuildVerb object at 0x7f960ed0d180>>)
[0.295s] Level 1:colcon.colcon_core.package_discovery:discover_packages(colcon_meta) check parameters
[0.295s] Level 1:colcon.colcon_core.package_discovery:discover_packages(recursive) check parameters
[0.295s] Level 1:colcon.colcon_core.package_discovery:discover_packages(ignore) check parameters
[0.295s] Level 1:colcon.colcon_core.package_discovery:discover_packages(path) check parameters
[0.295s] Level 1:colcon.colcon_core.package_discovery:discover_packages(colcon_meta) discover
[0.295s] Level 1:colcon.colcon_core.package_discovery:discover_packages(recursive) discover
[0.295s] INFO:colcon.colcon_core.package_discovery:Crawling recursively for packages in '/home/Gery/Marble_Balancing_Robotic_Arm/40_Simulation/cs558'
[0.295s] Level 1:colcon.colcon_core.package_identification:_identify(.) by extensions ['ignore', 'ignore_ament_install']
[0.296s] Level 1:colcon.colcon_core.package_identification:_identify(.) by extension 'ignore'
[0.296s] Level 1:colcon.colcon_core.package_identification:_identify(.) by extension 'ignore_ament_install'
[0.296s] Level 1:colcon.colcon_core.package_identification:_identify(.) by extensions ['colcon_pkg']
[0.296s] Level 1:colcon.colcon_core.package_identification:_identify(.) by extension 'colcon_pkg'
[0.296s] Level 1:colcon.colcon_core.package_identification:_identify(.) by extensions ['colcon_meta']
[0.296s] Level 1:colcon.colcon_core.package_identification:_identify(.) by extension 'colcon_meta'
[0.296s] Level 1:colcon.colcon_core.package_identification:_identify(.) by extensions ['ros']
[0.296s] Level 1:colcon.colcon_core.package_identification:_identify(.) by extension 'ros'
[0.306s] Level 1:colcon.colcon_core.package_identification:_identify(.) by extensions ['cmake', 'python']
[0.306s] Level 1:colcon.colcon_core.package_identification:_identify(.) by extension 'cmake'
[0.306s] Level 1:colcon.colcon_core.package_identification:_identify(.) by extension 'python'
[0.306s] Level 1:colcon.colcon_core.package_identification:_identify(.) by extensions ['python_setup_py']
[0.306s] Level 1:colcon.colcon_core.package_identification:_identify(.) by extension 'python_setup_py'
[0.307s] Level 1:colcon.colcon_core.package_identification:_identify(build) by extensions ['ignore', 'ignore_ament_install']
[0.307s] Level 1:colcon.colcon_core.package_identification:_identify(build) by extension 'ignore'
[0.307s] Level 1:colcon.colcon_core.package_identification:_identify(build) ignored
[0.307s] Level 1:colcon.colcon_core.package_identification:_identify(install) by extensions ['ignore', 'ignore_ament_install']
[0.307s] Level 1:colcon.colcon_core.package_identification:_identify(install) by extension 'ignore'
[0.307s] Level 1:colcon.colcon_core.package_identification:_identify(install) ignored
[0.307s] Level 1:colcon.colcon_core.package_identification:_identify(log) by extensions ['ignore', 'ignore_ament_install']
[0.307s] Level 1:colcon.colcon_core.package_identification:_identify(log) by extension 'ignore'
[0.307s] Level 1:colcon.colcon_core.package_identification:_identify(log) ignored
[0.307s] Level 1:colcon.colcon_core.package_identification:_identify(src) by extensions ['ignore', 'ignore_ament_install']
[0.307s] Level 1:colcon.colcon_core.package_identification:_identify(src) by extension 'ignore'
[0.307s] Level 1:colcon.colcon_core.package_identification:_identify(src) by extension 'ignore_ament_install'
[0.307s] Level 1:colcon.colcon_core.package_identification:_identify(src) by extensions ['colcon_pkg']
[0.308s] Level 1:colcon.colcon_core.package_identification:_identify(src) by extension 'colcon_pkg'
[0.308s] Level 1:colcon.colcon_core.package_identification:_identify(src) by extensions ['colcon_meta']
[0.308s] Level 1:colcon.colcon_core.package_identification:_identify(src) by extension 'colcon_meta'
[0.308s] Level 1:colcon.colcon_core.package_identification:_identify(src) by extensions ['ros']
[0.308s] Level 1:colcon.colcon_core.package_identification:_identify(src) by extension 'ros'
[0.308s] Level 1:colcon.colcon_core.package_identification:_identify(src) by extensions ['cmake', 'python']
[0.308s] Level 1:colcon.colcon_core.package_identification:_identify(src) by extension 'cmake'
[0.308s] Level 1:colcon.colcon_core.package_identification:_identify(src) by extension 'python'
[0.308s] Level 1:colcon.colcon_core.package_identification:_identify(src) by extensions ['python_setup_py']
[0.308s] Level 1:colcon.colcon_core.package_identification:_identify(src) by extension 'python_setup_py'
[0.308s] Level 1:colcon.colcon_core.package_identification:_identify(src/Marble_control) by extensions ['ignore', 'ignore_ament_install']
[0.308s] Level 1:colcon.colcon_core.package_identification:_identify(src/Marble_control) by extension 'ignore'
[0.308s] Level 1:colcon.colcon_core.package_identification:_identify(src/Marble_control) by extension 'ignore_ament_install'
[0.308s] Level 1:colcon.colcon_core.package_identification:_identify(src/Marble_control) by extensions ['colcon_pkg']
[0.308s] Level 1:colcon.colcon_core.package_identification:_identify(src/Marble_control) by extension 'colcon_pkg'
[0.308s] Level 1:colcon.colcon_core.package_identification:_identify(src/Marble_control) by extensions ['colcon_meta']
[0.308s] Level 1:colcon.colcon_core.package_identification:_identify(src/Marble_control) by extension 'colcon_meta'
[0.308s] Level 1:colcon.colcon_core.package_identification:_identify(src/Marble_control) by extensions ['ros']
[0.308s] Level 1:colcon.colcon_core.package_identification:_identify(src/Marble_control) by extension 'ros'
[0.311s] DEBUG:colcon.colcon_core.package_identification:Package 'src/Marble_control' with type 'ros.ament_python' and name 'Marble_control'
[0.311s] Level 1:colcon.colcon_core.package_identification:_identify(src/OldOne_description) by extensions ['ignore', 'ignore_ament_install']
[0.311s] Level 1:colcon.colcon_core.package_identification:_identify(src/OldOne_description) by extension 'ignore'
[0.311s] Level 1:colcon.colcon_core.package_identification:_identify(src/OldOne_description) by extension 'ignore_ament_install'
[0.311s] Level 1:colcon.colcon_core.package_identification:_identify(src/OldOne_description) by extensions ['colcon_pkg']
[0.311s] Level 1:colcon.colcon_core.package_identification:_identify(src/OldOne_description) by extension 'colcon_pkg'
[0.311s] Level 1:colcon.colcon_core.package_identification:_identify(src/OldOne_description) by extensions ['colcon_meta']
[0.311s] Level 1:colcon.colcon_core.package_identification:_identify(src/OldOne_description) by extension 'colcon_meta'
[0.311s] Level 1:colcon.colcon_core.package_identification:_identify(src/OldOne_description) by extensions ['ros']
[0.311s] Level 1:colcon.colcon_core.package_identification:_identify(src/OldOne_description) by extension 'ros'
[0.312s] DEBUG:colcon.colcon_core.package_identification:Package 'src/OldOne_description' with type 'ros.ament_python' and name 'OldOne_description'
[0.312s] Level 1:colcon.colcon_core.package_identification:_identify(src/Universal_Robots_ROS2_Description) by extensions ['ignore', 'ignore_ament_install']
[0.312s] Level 1:colcon.colcon_core.package_identification:_identify(src/Universal_Robots_ROS2_Description) by extension 'ignore'
[0.313s] Level 1:colcon.colcon_core.package_identification:_identify(src/Universal_Robots_ROS2_Description) by extension 'ignore_ament_install'
[0.313s] Level 1:colcon.colcon_core.package_identification:_identify(src/Universal_Robots_ROS2_Description) by extensions ['colcon_pkg']
[0.313s] Level 1:colcon.colcon_core.package_identification:_identify(src/Universal_Robots_ROS2_Description) by extension 'colcon_pkg'
[0.313s] Level 1:colcon.colcon_core.package_identification:_identify(src/Universal_Robots_ROS2_Description) by extensions ['colcon_meta']
[0.313s] Level 1:colcon.colcon_core.package_identification:_identify(src/Universal_Robots_ROS2_Description) by extension 'colcon_meta'
[0.313s] Level 1:colcon.colcon_core.package_identification:_identify(src/Universal_Robots_ROS2_Description) by extensions ['ros']
[0.313s] Level 1:colcon.colcon_core.package_identification:_identify(src/Universal_Robots_ROS2_Description) by extension 'ros'
[0.314s] DEBUG:colcon.colcon_core.package_identification:Package 'src/Universal_Robots_ROS2_Description' with type 'ros.ament_cmake' and name 'ur_description'
[0.314s] Level 1:colcon.colcon_core.package_discovery:discover_packages(recursive) using defaults
[0.314s] Level 1:colcon.colcon_core.package_discovery:discover_packages(ignore) discover
[0.314s] Level 1:colcon.colcon_core.package_discovery:discover_packages(ignore) using defaults
[0.314s] Level 1:colcon.colcon_core.package_discovery:discover_packages(path) discover
[0.314s] Level 1:colcon.colcon_core.package_discovery:discover_packages(path) using defaults
[0.348s] Level 1:colcon.colcon_core.package_discovery:discover_packages(prefix_path) check parameters
[0.348s] Level 1:colcon.colcon_core.package_discovery:discover_packages(prefix_path) discover
[0.351s] DEBUG:colcon.colcon_installed_package_information.package_discovery:Found 3 installed packages in /home/Gery/Marble_Balancing_Robotic_Arm/40_Simulation/cs558/install
[0.353s] DEBUG:colcon.colcon_installed_package_information.package_discovery:Found 338 installed packages in /opt/ros/humble
[0.355s] Level 1:colcon.colcon_core.package_discovery:discover_packages(prefix_path) using defaults
[0.405s] Level 5:colcon.colcon_core.verb:set package 'Marble_control' build argument 'cmake_args' from command line to 'None'
[0.405s] Level 5:colcon.colcon_core.verb:set package 'Marble_control' build argument 'cmake_target' from command line to 'None'
[0.405s] Level 5:colcon.colcon_core.verb:set package 'Marble_control' build argument 'cmake_target_skip_unavailable' from command line to 'False'
[0.405s] Level 5:colcon.colcon_core.verb:set package 'Marble_control' build argument 'cmake_clean_cache' from command line to 'False'
[0.405s] Level 5:colcon.colcon_core.verb:set package 'Marble_control' build argument 'cmake_clean_first' from command line to 'False'
[0.405s] Level 5:colcon.colcon_core.verb:set package 'Marble_control' build argument 'cmake_force_configure' from command line to 'False'
[0.405s] Level 5:colcon.colcon_core.verb:set package 'Marble_control' build argument 'ament_cmake_args' from command line to 'None'
[0.405s] Level 5:colcon.colcon_core.verb:set package 'Marble_control' build argument 'catkin_cmake_args' from command line to 'None'
[0.405s] Level 5:colcon.colcon_core.verb:set package 'Marble_control' build argument 'catkin_skip_building_tests' from command line to 'False'
[0.405s] DEBUG:colcon.colcon_core.verb:Building package 'Marble_control' with the following arguments: {'ament_cmake_args': None, 'build_base': '/home/Gery/Marble_Balancing_Robotic_Arm/40_Simulation/cs558/build/Marble_control', 'catkin_cmake_args': None, 'catkin_skip_building_tests': False, 'cmake_args': None, 'cmake_clean_cache': False, 'cmake_clean_first': False, 'cmake_force_configure': False, 'cmake_target': None, 'cmake_target_skip_unavailable': False, 'install_base': '/home/Gery/Marble_Balancing_Robotic_Arm/40_Simulation/cs558/install/Marble_control', 'merge_install': False, 'path': '/home/Gery/Marble_Balancing_Robotic_Arm/40_Simulation/cs558/src/Marble_control', 'symlink_install': True, 'test_result_base': None}
[0.406s] Level 5:colcon.colcon_core.verb:set package 'OldOne_description' build argument 'cmake_args' from command line to 'None'
[0.406s] Level 5:colcon.colcon_core.verb:set package 'OldOne_description' build argument 'cmake_target' from command line to 'None'
[0.406s] Level 5:colcon.colcon_core.verb:set package 'OldOne_description' build argument 'cmake_target_skip_unavailable' from command line to 'False'
[0.406s] Level 5:colcon.colcon_core.verb:set package 'OldOne_description' build argument 'cmake_clean_cache' from command line to 'False'
[0.406s] Level 5:colcon.colcon_core.verb:set package 'OldOne_description' build argument 'cmake_clean_first' from command line to 'False'
[0.406s] Level 5:colcon.colcon_core.verb:set package 'OldOne_description' build argument 'cmake_force_configure' from command line to 'False'
[0.406s] Level 5:colcon.colcon_core.verb:set package 'OldOne_description' build argument 'ament_cmake_args' from command line to 'None'
[0.406s] Level 5:colcon.colcon_core.verb:set package 'OldOne_description' build argument 'catkin_cmake_args' from command line to 'None'
[0.406s] Level 5:colcon.colcon_core.verb:set package 'OldOne_description' build argument 'catkin_skip_building_tests' from command line to 'False'
[0.406s] DEBUG:colcon.colcon_core.verb:Building package 'OldOne_description' with the following arguments: {'ament_cmake_args': None, 'build_base': '/home/Gery/Marble_Balancing_Robotic_Arm/40_Simulation/cs558/build/OldOne_description', 'catkin_cmake_args': None, 'catkin_skip_building_tests': False, 'cmake_args': None, 'cmake_clean_cache': False, 'cmake_clean_first': False, 'cmake_force_configure': False, 'cmake_target': None, 'cmake_target_skip_unavailable': False, 'install_base': '/home/Gery/Marble_Balancing_Robotic_Arm/40_Simulation/cs558/install/OldOne_description', 'merge_install': False, 'path': '/home/Gery/Marble_Balancing_Robotic_Arm/40_Simulation/cs558/src/OldOne_description', 'symlink_install': True, 'test_result_base': None}
[0.406s] Level 5:colcon.colcon_core.verb:set package 'ur_description' build argument 'cmake_args' from command line to 'None'
[0.406s] Level 5:colcon.colcon_core.verb:set package 'ur_description' build argument 'cmake_target' from command line to 'None'
[0.406s] Level 5:colcon.colcon_core.verb:set package 'ur_description' build argument 'cmake_target_skip_unavailable' from command line to 'False'
[0.407s] Level 5:colcon.colcon_core.verb:set package 'ur_description' build argument 'cmake_clean_cache' from command line to 'False'
[0.407s] Level 5:colcon.colcon_core.verb:set package 'ur_description' build argument 'cmake_clean_first' from command line to 'False'
[0.407s] Level 5:colcon.colcon_core.verb:set package 'ur_description' build argument 'cmake_force_configure' from command line to 'False'
[0.407s] Level 5:colcon.colcon_core.verb:set package 'ur_description' build argument 'ament_cmake_args' from command line to 'None'
[0.407s] Level 5:colcon.colcon_core.verb:set package 'ur_description' build argument 'catkin_cmake_args' from command line to 'None'
[0.407s] Level 5:colcon.colcon_core.verb:set package 'ur_description' build argument 'catkin_skip_building_tests' from command line to 'False'
[0.407s] DEBUG:colcon.colcon_core.verb:Building package 'ur_description' with the following arguments: {'ament_cmake_args': None, 'build_base': '/home/Gery/Marble_Balancing_Robotic_Arm/40_Simulation/cs558/build/ur_description', 'catkin_cmake_args': None, 'catkin_skip_building_tests': False, 'cmake_args': None, 'cmake_clean_cache': False, 'cmake_clean_first': False, 'cmake_force_configure': False, 'cmake_target': None, 'cmake_target_skip_unavailable': False, 'install_base': '/home/Gery/Marble_Balancing_Robotic_Arm/40_Simulation/cs558/install/ur_description', 'merge_install': False, 'path': '/home/Gery/Marble_Balancing_Robotic_Arm/40_Simulation/cs558/src/Universal_Robots_ROS2_Description', 'symlink_install': True, 'test_result_base': None}
[0.407s] INFO:colcon.colcon_core.executor:Executing jobs using 'parallel' executor
[0.408s] DEBUG:colcon.colcon_parallel_executor.executor.parallel:run_until_complete
[0.408s] INFO:colcon.colcon_ros.task.ament_python.build:Building ROS package in '/home/Gery/Marble_Balancing_Robotic_Arm/40_Simulation/cs558/src/Marble_control' with build type 'ament_python'
[0.408s] Level 1:colcon.colcon_core.shell:create_environment_hook('Marble_control', 'ament_prefix_path')
[0.411s] INFO:colcon.colcon_core.plugin_system:Skipping extension 'colcon_core.shell.bat': Not used on non-Windows systems
[0.411s] INFO:colcon.colcon_core.shell:Creating environment hook '/home/Gery/Marble_Balancing_Robotic_Arm/40_Simulation/cs558/install/Marble_control/share/Marble_control/hook/ament_prefix_path.ps1'
[0.411s] INFO:colcon.colcon_core.shell:Creating environment descriptor '/home/Gery/Marble_Balancing_Robotic_Arm/40_Simulation/cs558/install/Marble_control/share/Marble_control/hook/ament_prefix_path.dsv'
[0.412s] INFO:colcon.colcon_core.shell:Creating environment hook '/home/Gery/Marble_Balancing_Robotic_Arm/40_Simulation/cs558/install/Marble_control/share/Marble_control/hook/ament_prefix_path.sh'
[0.413s] INFO:colcon.colcon_core.shell:Skip shell extension 'powershell' for command environment: Not usable outside of PowerShell
[0.413s] DEBUG:colcon.colcon_core.shell:Skip shell extension 'dsv' for command environment
[0.417s] INFO:colcon.colcon_ros.task.ament_python.build:Building ROS package in '/home/Gery/Marble_Balancing_Robotic_Arm/40_Simulation/cs558/src/OldOne_description' with build type 'ament_python'
[0.418s] Level 1:colcon.colcon_core.shell:create_environment_hook('OldOne_description', 'ament_prefix_path')
[0.418s] INFO:colcon.colcon_core.shell:Creating environment hook '/home/Gery/Marble_Balancing_Robotic_Arm/40_Simulation/cs558/install/OldOne_description/share/OldOne_description/hook/ament_prefix_path.ps1'
[0.419s] INFO:colcon.colcon_core.shell:Creating environment descriptor '/home/Gery/Marble_Balancing_Robotic_Arm/40_Simulation/cs558/install/OldOne_description/share/OldOne_description/hook/ament_prefix_path.dsv'
[0.419s] INFO:colcon.colcon_core.shell:Creating environment hook '/home/Gery/Marble_Balancing_Robotic_Arm/40_Simulation/cs558/install/OldOne_description/share/OldOne_description/hook/ament_prefix_path.sh'
[0.420s] INFO:colcon.colcon_core.shell:Skip shell extension 'powershell' for command environment: Not usable outside of PowerShell
[0.420s] DEBUG:colcon.colcon_core.shell:Skip shell extension 'dsv' for command environment
[0.424s] INFO:colcon.colcon_ros.task.ament_cmake.build:Building ROS package in '/home/Gery/Marble_Balancing_Robotic_Arm/40_Simulation/cs558/src/Universal_Robots_ROS2_Description' with build type 'ament_cmake'
[0.424s] INFO:colcon.colcon_cmake.task.cmake.build:Building CMake package in '/home/Gery/Marble_Balancing_Robotic_Arm/40_Simulation/cs558/src/Universal_Robots_ROS2_Description'
[0.425s] INFO:colcon.colcon_core.shell:Skip shell extension 'powershell' for command environment: Not usable outside of PowerShell
[0.425s] DEBUG:colcon.colcon_core.shell:Skip shell extension 'dsv' for command environment
[0.703s] INFO:colcon.colcon_core.task.python.build:Building Python package in '/home/Gery/Marble_Balancing_Robotic_Arm/40_Simulation/cs558/src/Marble_control'
[0.703s] INFO:colcon.colcon_core.shell:Skip shell extension 'powershell' for command environment: Not usable outside of PowerShell
[0.703s] DEBUG:colcon.colcon_core.shell:Skip shell extension 'dsv' for command environment
[1.000s] INFO:colcon.colcon_core.task.python.build:Building Python package in '/home/Gery/Marble_Balancing_Robotic_Arm/40_Simulation/cs558/src/OldOne_description'
[1.001s] INFO:colcon.colcon_core.shell:Skip shell extension 'powershell' for command environment: Not usable outside of PowerShell
[1.001s] DEBUG:colcon.colcon_core.shell:Skip shell extension 'dsv' for command environment
[1.019s] DEBUG:colcon.colcon_core.event_handler.log_command:Invoking command in '/home/Gery/Marble_Balancing_Robotic_Arm/40_Simulation/cs558/build/ur_description': CMAKE_PREFIX_PATH=${CMAKE_PREFIX_PATH}:/home/Gery/Marble_Balancing_Robotic_Arm/40_Simulation/cs558/install/OldOne_description:/home/Gery/Marble_Balancing_Robotic_Arm/40_Simulation/cs558/install/Marble_control:/opt/ros/humble /usr/bin/cmake --build /home/Gery/Marble_Balancing_Robotic_Arm/40_Simulation/cs558/build/ur_description -- -j6 -l6
[1.084s] DEBUG:colcon.colcon_core.event_handler.log_command:Invoked command in '/home/Gery/Marble_Balancing_Robotic_Arm/40_Simulation/cs558/build/ur_description' returned '0': CMAKE_PREFIX_PATH=${CMAKE_PREFIX_PATH}:/home/Gery/Marble_Balancing_Robotic_Arm/40_Simulation/cs558/install/OldOne_description:/home/Gery/Marble_Balancing_Robotic_Arm/40_Simulation/cs558/install/Marble_control:/opt/ros/humble /usr/bin/cmake --build /home/Gery/Marble_Balancing_Robotic_Arm/40_Simulation/cs558/build/ur_description -- -j6 -l6
[1.098s] DEBUG:colcon.colcon_core.event_handler.log_command:Invoking command in '/home/Gery/Marble_Balancing_Robotic_Arm/40_Simulation/cs558/build/ur_description': CMAKE_PREFIX_PATH=${CMAKE_PREFIX_PATH}:/home/Gery/Marble_Balancing_Robotic_Arm/40_Simulation/cs558/install/OldOne_description:/home/Gery/Marble_Balancing_Robotic_Arm/40_Simulation/cs558/install/Marble_control:/opt/ros/humble /usr/bin/cmake --install /home/Gery/Marble_Balancing_Robotic_Arm/40_Simulation/cs558/build/ur_description
[1.168s] Level 1:colcon.colcon_core.environment:create_environment_scripts_only(ur_description)
[1.168s] DEBUG:colcon.colcon_core.event_handler.log_command:Invoked command in '/home/Gery/Marble_Balancing_Robotic_Arm/40_Simulation/cs558/build/ur_description' returned '0': CMAKE_PREFIX_PATH=${CMAKE_PREFIX_PATH}:/home/Gery/Marble_Balancing_Robotic_Arm/40_Simulation/cs558/install/OldOne_description:/home/Gery/Marble_Balancing_Robotic_Arm/40_Simulation/cs558/install/Marble_control:/opt/ros/humble /usr/bin/cmake --install /home/Gery/Marble_Balancing_Robotic_Arm/40_Simulation/cs558/build/ur_description
[1.171s] Level 1:colcon.colcon_core.environment:checking '/home/Gery/Marble_Balancing_Robotic_Arm/40_Simulation/cs558/install/ur_description' for CMake module files
[1.171s] Level 1:colcon.colcon_core.environment:checking '/home/Gery/Marble_Balancing_Robotic_Arm/40_Simulation/cs558/install/ur_description' for CMake config files
[1.172s] Level 1:colcon.colcon_core.shell:create_environment_hook('ur_description', 'cmake_prefix_path')
[1.172s] INFO:colcon.colcon_core.shell:Creating environment hook '/home/Gery/Marble_Balancing_Robotic_Arm/40_Simulation/cs558/install/ur_description/share/ur_description/hook/cmake_prefix_path.ps1'
[1.173s] INFO:colcon.colcon_core.shell:Creating environment descriptor '/home/Gery/Marble_Balancing_Robotic_Arm/40_Simulation/cs558/install/ur_description/share/ur_description/hook/cmake_prefix_path.dsv'
[1.173s] INFO:colcon.colcon_core.shell:Creating environment hook '/home/Gery/Marble_Balancing_Robotic_Arm/40_Simulation/cs558/install/ur_description/share/ur_description/hook/cmake_prefix_path.sh'
[1.174s] Level 1:colcon.colcon_core.environment:checking '/home/Gery/Marble_Balancing_Robotic_Arm/40_Simulation/cs558/install/ur_description/bin'
[1.174s] Level 1:colcon.colcon_core.environment:checking '/home/Gery/Marble_Balancing_Robotic_Arm/40_Simulation/cs558/install/ur_description/lib/pkgconfig/ur_description.pc'
[1.174s] Level 1:colcon.colcon_core.environment:checking '/home/Gery/Marble_Balancing_Robotic_Arm/40_Simulation/cs558/install/ur_description/lib/python3.10/site-packages'
[1.175s] Level 1:colcon.colcon_core.environment:checking '/home/Gery/Marble_Balancing_Robotic_Arm/40_Simulation/cs558/install/ur_description/bin'
[1.175s] INFO:colcon.colcon_core.shell:Creating package script '/home/Gery/Marble_Balancing_Robotic_Arm/40_Simulation/cs558/install/ur_description/share/ur_description/package.ps1'
[1.176s] INFO:colcon.colcon_core.shell:Creating package descriptor '/home/Gery/Marble_Balancing_Robotic_Arm/40_Simulation/cs558/install/ur_description/share/ur_description/package.dsv'
[1.176s] INFO:colcon.colcon_core.shell:Creating package script '/home/Gery/Marble_Balancing_Robotic_Arm/40_Simulation/cs558/install/ur_description/share/ur_description/package.sh'
[1.177s] INFO:colcon.colcon_core.shell:Creating package script '/home/Gery/Marble_Balancing_Robotic_Arm/40_Simulation/cs558/install/ur_description/share/ur_description/package.bash'
[1.178s] INFO:colcon.colcon_core.shell:Creating package script '/home/Gery/Marble_Balancing_Robotic_Arm/40_Simulation/cs558/install/ur_description/share/ur_description/package.zsh'
[1.179s] Level 1:colcon.colcon_core.environment:create_file_with_runtime_dependencies(/home/Gery/Marble_Balancing_Robotic_Arm/40_Simulation/cs558/install/ur_description/share/colcon-core/packages/ur_description)
[1.179s] Level 1:colcon.colcon_core.environment:create_environment_scripts_only(ur_description)
[1.179s] Level 1:colcon.colcon_core.environment:checking '/home/Gery/Marble_Balancing_Robotic_Arm/40_Simulation/cs558/install/ur_description' for CMake module files
[1.180s] Level 1:colcon.colcon_core.environment:checking '/home/Gery/Marble_Balancing_Robotic_Arm/40_Simulation/cs558/install/ur_description' for CMake config files
[1.181s] Level 1:colcon.colcon_core.shell:create_environment_hook('ur_description', 'cmake_prefix_path')
[1.181s] INFO:colcon.colcon_core.shell:Creating environment hook '/home/Gery/Marble_Balancing_Robotic_Arm/40_Simulation/cs558/install/ur_description/share/ur_description/hook/cmake_prefix_path.ps1'
[1.181s] INFO:colcon.colcon_core.shell:Creating environment descriptor '/home/Gery/Marble_Balancing_Robotic_Arm/40_Simulation/cs558/install/ur_description/share/ur_description/hook/cmake_prefix_path.dsv'
[1.182s] INFO:colcon.colcon_core.shell:Creating environment hook '/home/Gery/Marble_Balancing_Robotic_Arm/40_Simulation/cs558/install/ur_description/share/ur_description/hook/cmake_prefix_path.sh'
[1.183s] Level 1:colcon.colcon_core.environment:checking '/home/Gery/Marble_Balancing_Robotic_Arm/40_Simulation/cs558/install/ur_description/bin'
[1.183s] Level 1:colcon.colcon_core.environment:checking '/home/Gery/Marble_Balancing_Robotic_Arm/40_Simulation/cs558/install/ur_description/lib/pkgconfig/ur_description.pc'
[1.183s] Level 1:colcon.colcon_core.environment:checking '/home/Gery/Marble_Balancing_Robotic_Arm/40_Simulation/cs558/install/ur_description/lib/python3.10/site-packages'
[1.183s] Level 1:colcon.colcon_core.environment:checking '/home/Gery/Marble_Balancing_Robotic_Arm/40_Simulation/cs558/install/ur_description/bin'
[1.184s] INFO:colcon.colcon_core.shell:Creating package script '/home/Gery/Marble_Balancing_Robotic_Arm/40_Simulation/cs558/install/ur_description/share/ur_description/package.ps1'
[1.184s] INFO:colcon.colcon_core.shell:Creating package descriptor '/home/Gery/Marble_Balancing_Robotic_Arm/40_Simulation/cs558/install/ur_description/share/ur_description/package.dsv'
[1.185s] INFO:colcon.colcon_core.shell:Creating package script '/home/Gery/Marble_Balancing_Robotic_Arm/40_Simulation/cs558/install/ur_description/share/ur_description/package.sh'
[1.185s] INFO:colcon.colcon_core.shell:Creating package script '/home/Gery/Marble_Balancing_Robotic_Arm/40_Simulation/cs558/install/ur_description/share/ur_description/package.bash'
[1.186s] INFO:colcon.colcon_core.shell:Creating package script '/home/Gery/Marble_Balancing_Robotic_Arm/40_Simulation/cs558/install/ur_description/share/ur_description/package.zsh'
[1.186s] Level 1:colcon.colcon_core.environment:create_file_with_runtime_dependencies(/home/Gery/Marble_Balancing_Robotic_Arm/40_Simulation/cs558/install/ur_description/share/colcon-core/packages/ur_description)
[1.434s] DEBUG:colcon.colcon_core.event_handler.log_command:Invoking command in '/home/Gery/Marble_Balancing_Robotic_Arm/40_Simulation/cs558/build/Marble_control': PYTHONPATH=/home/Gery/Marble_Balancing_Robotic_Arm/40_Simulation/cs558/build/Marble_control/prefix_override:/usr/lib/python3/dist-packages/colcon_core/task/python/colcon_distutils_commands:/home/Gery/Marble_Balancing_Robotic_Arm/40_Simulation/cs558/install/Marble_control/lib/python3.10/site-packages:${PYTHONPATH} /usr/bin/python3 -W ignore:setup.py install is deprecated -W ignore:easy_install command is deprecated setup.py develop --editable --build-directory /home/Gery/Marble_Balancing_Robotic_Arm/40_Simulation/cs558/build/Marble_control/build --no-deps symlink_data
[1.438s] DEBUG:colcon.colcon_core.event_handler.log_command:Invoking command in '/home/Gery/Marble_Balancing_Robotic_Arm/40_Simulation/cs558/build/OldOne_description': PYTHONPATH=/home/Gery/Marble_Balancing_Robotic_Arm/40_Simulation/cs558/build/OldOne_description/prefix_override:/usr/lib/python3/dist-packages/colcon_core/task/python/colcon_distutils_commands:/home/Gery/Marble_Balancing_Robotic_Arm/40_Simulation/cs558/install/OldOne_description/lib/python3.10/site-packages:${PYTHONPATH} /usr/bin/python3 -W ignore:setup.py install is deprecated -W ignore:easy_install command is deprecated setup.py develop --editable --build-directory /home/Gery/Marble_Balancing_Robotic_Arm/40_Simulation/cs558/build/OldOne_description/build --no-deps symlink_data
[1.951s] Level 1:colcon.colcon_core.shell:create_environment_hook('OldOne_description', 'pythonpath_develop')
[1.951s] INFO:colcon.colcon_core.shell:Creating environment hook '/home/Gery/Marble_Balancing_Robotic_Arm/40_Simulation/cs558/build/OldOne_description/share/OldOne_description/hook/pythonpath_develop.ps1'
[1.952s] DEBUG:colcon.colcon_core.event_handler.log_command:Invoked command in '/home/Gery/Marble_Balancing_Robotic_Arm/40_Simulation/cs558/build/OldOne_description' returned '0': PYTHONPATH=/home/Gery/Marble_Balancing_Robotic_Arm/40_Simulation/cs558/build/OldOne_description/prefix_override:/usr/lib/python3/dist-packages/colcon_core/task/python/colcon_distutils_commands:/home/Gery/Marble_Balancing_Robotic_Arm/40_Simulation/cs558/install/OldOne_description/lib/python3.10/site-packages:${PYTHONPATH} /usr/bin/python3 -W ignore:setup.py install is deprecated -W ignore:easy_install command is deprecated setup.py develop --editable --build-directory /home/Gery/Marble_Balancing_Robotic_Arm/40_Simulation/cs558/build/OldOne_description/build --no-deps symlink_data
[1.953s] INFO:colcon.colcon_core.shell:Creating environment descriptor '/home/Gery/Marble_Balancing_Robotic_Arm/40_Simulation/cs558/build/OldOne_description/share/OldOne_description/hook/pythonpath_develop.dsv'
[1.953s] INFO:colcon.colcon_core.shell:Creating environment hook '/home/Gery/Marble_Balancing_Robotic_Arm/40_Simulation/cs558/build/OldOne_description/share/OldOne_description/hook/pythonpath_develop.sh'
[1.954s] Level 1:colcon.colcon_core.environment:checking '/home/Gery/Marble_Balancing_Robotic_Arm/40_Simulation/cs558/install/OldOne_description' for CMake module files
[1.955s] Level 1:colcon.colcon_core.environment:checking '/home/Gery/Marble_Balancing_Robotic_Arm/40_Simulation/cs558/install/OldOne_description' for CMake config files
[1.956s] Level 1:colcon.colcon_core.environment:checking '/home/Gery/Marble_Balancing_Robotic_Arm/40_Simulation/cs558/install/OldOne_description/lib'
[1.956s] Level 1:colcon.colcon_core.environment:checking '/home/Gery/Marble_Balancing_Robotic_Arm/40_Simulation/cs558/install/OldOne_description/bin'
[1.956s] Level 1:colcon.colcon_core.environment:checking '/home/Gery/Marble_Balancing_Robotic_Arm/40_Simulation/cs558/install/OldOne_description/lib/pkgconfig/OldOne_description.pc'
[1.957s] Level 1:colcon.colcon_core.environment:checking '/home/Gery/Marble_Balancing_Robotic_Arm/40_Simulation/cs558/install/OldOne_description/lib/python3.10/site-packages'
[1.957s] Level 1:colcon.colcon_core.shell:create_environment_hook('OldOne_description', 'pythonpath')
[1.957s] INFO:colcon.colcon_core.shell:Creating environment hook '/home/Gery/Marble_Balancing_Robotic_Arm/40_Simulation/cs558/install/OldOne_description/share/OldOne_description/hook/pythonpath.ps1'
[1.958s] INFO:colcon.colcon_core.shell:Creating environment descriptor '/home/Gery/Marble_Balancing_Robotic_Arm/40_Simulation/cs558/install/OldOne_description/share/OldOne_description/hook/pythonpath.dsv'
[1.958s] INFO:colcon.colcon_core.shell:Creating environment hook '/home/Gery/Marble_Balancing_Robotic_Arm/40_Simulation/cs558/install/OldOne_description/share/OldOne_description/hook/pythonpath.sh'
[1.959s] Level 1:colcon.colcon_core.environment:checking '/home/Gery/Marble_Balancing_Robotic_Arm/40_Simulation/cs558/install/OldOne_description/bin'
[1.959s] Level 1:colcon.colcon_core.environment:create_environment_scripts_only(OldOne_description)
[1.960s] INFO:colcon.colcon_core.shell:Creating package script '/home/Gery/Marble_Balancing_Robotic_Arm/40_Simulation/cs558/install/OldOne_description/share/OldOne_description/package.ps1'
[1.961s] INFO:colcon.colcon_core.shell:Creating package descriptor '/home/Gery/Marble_Balancing_Robotic_Arm/40_Simulation/cs558/install/OldOne_description/share/OldOne_description/package.dsv'
[1.961s] INFO:colcon.colcon_core.shell:Creating package script '/home/Gery/Marble_Balancing_Robotic_Arm/40_Simulation/cs558/install/OldOne_description/share/OldOne_description/package.sh'
[1.962s] INFO:colcon.colcon_core.shell:Creating package script '/home/Gery/Marble_Balancing_Robotic_Arm/40_Simulation/cs558/install/OldOne_description/share/OldOne_description/package.bash'
[1.963s] INFO:colcon.colcon_core.shell:Creating package script '/home/Gery/Marble_Balancing_Robotic_Arm/40_Simulation/cs558/install/OldOne_description/share/OldOne_description/package.zsh'
[1.964s] Level 1:colcon.colcon_core.environment:create_file_with_runtime_dependencies(/home/Gery/Marble_Balancing_Robotic_Arm/40_Simulation/cs558/install/OldOne_description/share/colcon-core/packages/OldOne_description)
[1.966s] Level 1:colcon.colcon_core.shell:create_environment_hook('Marble_control', 'pythonpath_develop')
[1.966s] INFO:colcon.colcon_core.shell:Creating environment hook '/home/Gery/Marble_Balancing_Robotic_Arm/40_Simulation/cs558/build/Marble_control/share/Marble_control/hook/pythonpath_develop.ps1'
[1.967s] DEBUG:colcon.colcon_core.event_handler.log_command:Invoked command in '/home/Gery/Marble_Balancing_Robotic_Arm/40_Simulation/cs558/build/Marble_control' returned '0': PYTHONPATH=/home/Gery/Marble_Balancing_Robotic_Arm/40_Simulation/cs558/build/Marble_control/prefix_override:/usr/lib/python3/dist-packages/colcon_core/task/python/colcon_distutils_commands:/home/Gery/Marble_Balancing_Robotic_Arm/40_Simulation/cs558/install/Marble_control/lib/python3.10/site-packages:${PYTHONPATH} /usr/bin/python3 -W ignore:setup.py install is deprecated -W ignore:easy_install command is deprecated setup.py develop --editable --build-directory /home/Gery/Marble_Balancing_Robotic_Arm/40_Simulation/cs558/build/Marble_control/build --no-deps symlink_data
[1.967s] INFO:colcon.colcon_core.shell:Creating environment descriptor '/home/Gery/Marble_Balancing_Robotic_Arm/40_Simulation/cs558/build/Marble_control/share/Marble_control/hook/pythonpath_develop.dsv'
[1.968s] INFO:colcon.colcon_core.shell:Creating environment hook '/home/Gery/Marble_Balancing_Robotic_Arm/40_Simulation/cs558/build/Marble_control/share/Marble_control/hook/pythonpath_develop.sh'
[1.968s] Level 1:colcon.colcon_core.environment:checking '/home/Gery/Marble_Balancing_Robotic_Arm/40_Simulation/cs558/install/Marble_control' for CMake module files
[1.969s] Level 1:colcon.colcon_core.environment:checking '/home/Gery/Marble_Balancing_Robotic_Arm/40_Simulation/cs558/install/Marble_control' for CMake config files
[1.970s] Level 1:colcon.colcon_core.environment:checking '/home/Gery/Marble_Balancing_Robotic_Arm/40_Simulation/cs558/install/Marble_control/lib'
[1.970s] Level 1:colcon.colcon_core.environment:checking '/home/Gery/Marble_Balancing_Robotic_Arm/40_Simulation/cs558/install/Marble_control/bin'
[1.970s] Level 1:colcon.colcon_core.environment:checking '/home/Gery/Marble_Balancing_Robotic_Arm/40_Simulation/cs558/install/Marble_control/lib/pkgconfig/Marble_control.pc'
[1.970s] Level 1:colcon.colcon_core.environment:checking '/home/Gery/Marble_Balancing_Robotic_Arm/40_Simulation/cs558/install/Marble_control/lib/python3.10/site-packages'
[1.970s] Level 1:colcon.colcon_core.shell:create_environment_hook('Marble_control', 'pythonpath')
[1.971s] INFO:colcon.colcon_core.shell:Creating environment hook '/home/Gery/Marble_Balancing_Robotic_Arm/40_Simulation/cs558/install/Marble_control/share/Marble_control/hook/pythonpath.ps1'
[1.971s] INFO:colcon.colcon_core.shell:Creating environment descriptor '/home/Gery/Marble_Balancing_Robotic_Arm/40_Simulation/cs558/install/Marble_control/share/Marble_control/hook/pythonpath.dsv'
[1.972s] INFO:colcon.colcon_core.shell:Creating environment hook '/home/Gery/Marble_Balancing_Robotic_Arm/40_Simulation/cs558/install/Marble_control/share/Marble_control/hook/pythonpath.sh'
[1.972s] Level 1:colcon.colcon_core.environment:checking '/home/Gery/Marble_Balancing_Robotic_Arm/40_Simulation/cs558/install/Marble_control/bin'
[1.973s] Level 1:colcon.colcon_core.environment:create_environment_scripts_only(Marble_control)
[1.973s] INFO:colcon.colcon_core.shell:Creating package script '/home/Gery/Marble_Balancing_Robotic_Arm/40_Simulation/cs558/install/Marble_control/share/Marble_control/package.ps1'
[1.974s] INFO:colcon.colcon_core.shell:Creating package descriptor '/home/Gery/Marble_Balancing_Robotic_Arm/40_Simulation/cs558/install/Marble_control/share/Marble_control/package.dsv'
[1.974s] INFO:colcon.colcon_core.shell:Creating package script '/home/Gery/Marble_Balancing_Robotic_Arm/40_Simulation/cs558/install/Marble_control/share/Marble_control/package.sh'
[1.975s] INFO:colcon.colcon_core.shell:Creating package script '/home/Gery/Marble_Balancing_Robotic_Arm/40_Simulation/cs558/install/Marble_control/share/Marble_control/package.bash'
[1.976s] INFO:colcon.colcon_core.shell:Creating package script '/home/Gery/Marble_Balancing_Robotic_Arm/40_Simulation/cs558/install/Marble_control/share/Marble_control/package.zsh'
[1.976s] Level 1:colcon.colcon_core.environment:create_file_with_runtime_dependencies(/home/Gery/Marble_Balancing_Robotic_Arm/40_Simulation/cs558/install/Marble_control/share/colcon-core/packages/Marble_control)
[1.977s] DEBUG:colcon.colcon_parallel_executor.executor.parallel:closing loop
[1.977s] DEBUG:colcon.colcon_parallel_executor.executor.parallel:loop closed
[1.977s] DEBUG:colcon.colcon_parallel_executor.executor.parallel:run_until_complete finished with '0'
[1.977s] DEBUG:colcon.colcon_core.event_reactor:joining thread
[1.984s] INFO:colcon.colcon_core.plugin_system:Skipping extension 'colcon_notification.desktop_notification.terminal_notifier': Not used on non-Darwin systems
[1.984s] INFO:colcon.colcon_core.plugin_system:Skipping extension 'colcon_notification.desktop_notification.win32': Not used on non-Windows systems
[1.984s] INFO:colcon.colcon_notification.desktop_notification:Sending desktop notification using 'notify2'
[1.999s] DEBUG:colcon.colcon_core.event_reactor:joined thread
[2.000s] INFO:colcon.colcon_core.shell:Creating prefix script '/home/Gery/Marble_Balancing_Robotic_Arm/40_Simulation/cs558/install/local_setup.ps1'
[2.001s] INFO:colcon.colcon_core.shell:Creating prefix util module '/home/Gery/Marble_Balancing_Robotic_Arm/40_Simulation/cs558/install/_local_setup_util_ps1.py'
[2.003s] INFO:colcon.colcon_core.shell:Creating prefix chain script '/home/Gery/Marble_Balancing_Robotic_Arm/40_Simulation/cs558/install/setup.ps1'
[2.004s] INFO:colcon.colcon_core.shell:Creating prefix script '/home/Gery/Marble_Balancing_Robotic_Arm/40_Simulation/cs558/install/local_setup.sh'
[2.005s] INFO:colcon.colcon_core.shell:Creating prefix util module '/home/Gery/Marble_Balancing_Robotic_Arm/40_Simulation/cs558/install/_local_setup_util_sh.py'
[2.006s] INFO:colcon.colcon_core.shell:Creating prefix chain script '/home/Gery/Marble_Balancing_Robotic_Arm/40_Simulation/cs558/install/setup.sh'
[2.008s] INFO:colcon.colcon_core.shell:Creating prefix script '/home/Gery/Marble_Balancing_Robotic_Arm/40_Simulation/cs558/install/local_setup.bash'
[2.008s] INFO:colcon.colcon_core.shell:Creating prefix chain script '/home/Gery/Marble_Balancing_Robotic_Arm/40_Simulation/cs558/install/setup.bash'
[2.010s] INFO:colcon.colcon_core.shell:Creating prefix script '/home/Gery/Marble_Balancing_Robotic_Arm/40_Simulation/cs558/install/local_setup.zsh'
[2.011s] INFO:colcon.colcon_core.shell:Creating prefix chain script '/home/Gery/Marble_Balancing_Robotic_Arm/40_Simulation/cs558/install/setup.zsh'
