[0.004s] Invoking command in '/home/lincoln/Marble_Balancing_Robotic_Arm/40_Simulation/cs558/build/ur_simulation_gz': AMENT_PREFIX_PATH=/home/lincoln/Marble_Balancing_Robotic_Arm/40_Simulation/cs558/install/ur_description:${AMENT_PREFIX_PATH} CMAKE_PREFIX_PATH=/home/lincoln/Marble_Balancing_Robotic_Arm/40_Simulation/cs558/install/ur_description:/opt/ros/humble /usr/bin/cmake /home/lincoln/Marble_Balancing_Robotic_Arm/40_Simulation/cs558/src/Universal_Robots_ROS2_GZ_Simulation/ur_simulation_gz -DCMAKE_INSTALL_PREFIX=/home/lincoln/Marble_Balancing_Robotic_Arm/40_Simulation/cs558/install/ur_simulation_gz
[0.038s] -- The C compiler identification is GNU 11.4.0
[0.070s] -- The CXX compiler identification is GNU 11.4.0
[0.074s] -- Detecting C compiler ABI info
[0.113s] -- Detecting C compiler ABI info - done
[0.117s] -- Check for working C compiler: /usr/bin/cc - skipped
[0.117s] -- Detecting C compile features
[0.117s] -- Detecting C compile features - done
[0.118s] -- Detecting CXX compiler ABI info
[0.170s] -- Detecting CXX compiler ABI info - done
[0.174s] -- Check for working CXX compiler: /usr/bin/c++ - skipped
[0.174s] -- Detecting CXX compile features
[0.174s] -- Detecting CXX compile features - done
[0.176s] -- Found ament_cmake: 1.3.12 (/opt/ros/humble/share/ament_cmake/cmake)
[0.266s] -- Found Python3: /usr/bin/python3 (found version "3.10.12") found components: Interpreter 
[0.314s] -- Found launch_testing_ament_cmake: 1.0.10 (/opt/ros/humble/share/launch_testing_ament_cmake/cmake)
[0.314s] -- Found python_cmake_module: 0.10.0 (/opt/ros/humble/share/python_cmake_module/cmake)
[0.326s] -- Found PythonInterp: /usr/bin/python3 (found suitable version "3.10.12", minimum required is "3.6") 
[0.332s] -- Found PythonLibs: /usr/lib/x86_64-linux-gnu/libpython3.10.so (found suitable version "3.10.12", minimum required is "3.5") 
[0.332s] -- Using PYTHON_EXECUTABLE: /usr/bin/python3
[0.332s] -- Using PYTHON_INCLUDE_DIRS: /usr/include/python3.10
[0.332s] -- Using PYTHON_LIBRARIES: /usr/lib/x86_64-linux-gnu/libpython3.10.so
[0.344s] -- Found PythonExtra: .so  
[0.345s] -- Found ament_cmake_pytest: 1.3.12 (/opt/ros/humble/share/ament_cmake_pytest/cmake)
[0.382s] -- Configuring done
[0.383s] -- Generating done
[0.383s] -- Build files have been written to: /home/lincoln/Marble_Balancing_Robotic_Arm/40_Simulation/cs558/build/ur_simulation_gz
[0.387s] Invoked command in '/home/lincoln/Marble_Balancing_Robotic_Arm/40_Simulation/cs558/build/ur_simulation_gz' returned '0': AMENT_PREFIX_PATH=/home/lincoln/Marble_Balancing_Robotic_Arm/40_Simulation/cs558/install/ur_description:${AMENT_PREFIX_PATH} CMAKE_PREFIX_PATH=/home/lincoln/Marble_Balancing_Robotic_Arm/40_Simulation/cs558/install/ur_description:/opt/ros/humble /usr/bin/cmake /home/lincoln/Marble_Balancing_Robotic_Arm/40_Simulation/cs558/src/Universal_Robots_ROS2_GZ_Simulation/ur_simulation_gz -DCMAKE_INSTALL_PREFIX=/home/lincoln/Marble_Balancing_Robotic_Arm/40_Simulation/cs558/install/ur_simulation_gz
[0.389s] Invoking command in '/home/lincoln/Marble_Balancing_Robotic_Arm/40_Simulation/cs558/build/ur_simulation_gz': AMENT_PREFIX_PATH=/home/lincoln/Marble_Balancing_Robotic_Arm/40_Simulation/cs558/install/ur_description:${AMENT_PREFIX_PATH} CMAKE_PREFIX_PATH=/home/lincoln/Marble_Balancing_Robotic_Arm/40_Simulation/cs558/install/ur_description:/opt/ros/humble /usr/bin/cmake --build /home/lincoln/Marble_Balancing_Robotic_Arm/40_Simulation/cs558/build/ur_simulation_gz -- -j28 -l28
[0.411s] Invoked command in '/home/lincoln/Marble_Balancing_Robotic_Arm/40_Simulation/cs558/build/ur_simulation_gz' returned '0': AMENT_PREFIX_PATH=/home/lincoln/Marble_Balancing_Robotic_Arm/40_Simulation/cs558/install/ur_description:${AMENT_PREFIX_PATH} CMAKE_PREFIX_PATH=/home/lincoln/Marble_Balancing_Robotic_Arm/40_Simulation/cs558/install/ur_description:/opt/ros/humble /usr/bin/cmake --build /home/lincoln/Marble_Balancing_Robotic_Arm/40_Simulation/cs558/build/ur_simulation_gz -- -j28 -l28
[0.412s] Invoking command in '/home/lincoln/Marble_Balancing_Robotic_Arm/40_Simulation/cs558/build/ur_simulation_gz': AMENT_PREFIX_PATH=/home/lincoln/Marble_Balancing_Robotic_Arm/40_Simulation/cs558/install/ur_description:${AMENT_PREFIX_PATH} CMAKE_PREFIX_PATH=/home/lincoln/Marble_Balancing_Robotic_Arm/40_Simulation/cs558/install/ur_description:/opt/ros/humble /usr/bin/cmake --install /home/lincoln/Marble_Balancing_Robotic_Arm/40_Simulation/cs558/build/ur_simulation_gz
[0.417s] -- Install configuration: ""
[0.417s] -- Installing: /home/lincoln/Marble_Balancing_Robotic_Arm/40_Simulation/cs558/install/ur_simulation_gz/share/ur_simulation_gz/config
[0.417s] -- Installing: /home/lincoln/Marble_Balancing_Robotic_Arm/40_Simulation/cs558/install/ur_simulation_gz/share/ur_simulation_gz/config/ur_controllers.yaml
[0.417s] -- Installing: /home/lincoln/Marble_Balancing_Robotic_Arm/40_Simulation/cs558/install/ur_simulation_gz/share/ur_simulation_gz/launch
[0.417s] -- Installing: /home/lincoln/Marble_Balancing_Robotic_Arm/40_Simulation/cs558/install/ur_simulation_gz/share/ur_simulation_gz/launch/ur_sim_control.launch.py
[0.417s] -- Installing: /home/lincoln/Marble_Balancing_Robotic_Arm/40_Simulation/cs558/install/ur_simulation_gz/share/ur_simulation_gz/launch/ur_sim_moveit.launch.py
[0.417s] -- Installing: /home/lincoln/Marble_Balancing_Robotic_Arm/40_Simulation/cs558/install/ur_simulation_gz/share/ament_index/resource_index/package_run_dependencies/ur_simulation_gz
[0.417s] -- Installing: /home/lincoln/Marble_Balancing_Robotic_Arm/40_Simulation/cs558/install/ur_simulation_gz/share/ament_index/resource_index/parent_prefix_path/ur_simulation_gz
[0.417s] -- Installing: /home/lincoln/Marble_Balancing_Robotic_Arm/40_Simulation/cs558/install/ur_simulation_gz/share/ur_simulation_gz/environment/ament_prefix_path.sh
[0.417s] -- Installing: /home/lincoln/Marble_Balancing_Robotic_Arm/40_Simulation/cs558/install/ur_simulation_gz/share/ur_simulation_gz/environment/ament_prefix_path.dsv
[0.417s] -- Installing: /home/lincoln/Marble_Balancing_Robotic_Arm/40_Simulation/cs558/install/ur_simulation_gz/share/ur_simulation_gz/environment/path.sh
[0.418s] -- Installing: /home/lincoln/Marble_Balancing_Robotic_Arm/40_Simulation/cs558/install/ur_simulation_gz/share/ur_simulation_gz/environment/path.dsv
[0.418s] -- Installing: /home/lincoln/Marble_Balancing_Robotic_Arm/40_Simulation/cs558/install/ur_simulation_gz/share/ur_simulation_gz/local_setup.bash
[0.418s] -- Installing: /home/lincoln/Marble_Balancing_Robotic_Arm/40_Simulation/cs558/install/ur_simulation_gz/share/ur_simulation_gz/local_setup.sh
[0.418s] -- Installing: /home/lincoln/Marble_Balancing_Robotic_Arm/40_Simulation/cs558/install/ur_simulation_gz/share/ur_simulation_gz/local_setup.zsh
[0.418s] -- Installing: /home/lincoln/Marble_Balancing_Robotic_Arm/40_Simulation/cs558/install/ur_simulation_gz/share/ur_simulation_gz/local_setup.dsv
[0.418s] -- Installing: /home/lincoln/Marble_Balancing_Robotic_Arm/40_Simulation/cs558/install/ur_simulation_gz/share/ur_simulation_gz/package.dsv
[0.418s] -- Installing: /home/lincoln/Marble_Balancing_Robotic_Arm/40_Simulation/cs558/install/ur_simulation_gz/share/ament_index/resource_index/packages/ur_simulation_gz
[0.418s] -- Installing: /home/lincoln/Marble_Balancing_Robotic_Arm/40_Simulation/cs558/install/ur_simulation_gz/share/ur_simulation_gz/cmake/ur_simulation_gzConfig.cmake
[0.418s] -- Installing: /home/lincoln/Marble_Balancing_Robotic_Arm/40_Simulation/cs558/install/ur_simulation_gz/share/ur_simulation_gz/cmake/ur_simulation_gzConfig-version.cmake
[0.418s] -- Installing: /home/lincoln/Marble_Balancing_Robotic_Arm/40_Simulation/cs558/install/ur_simulation_gz/share/ur_simulation_gz/package.xml
[0.419s] Invoked command in '/home/lincoln/Marble_Balancing_Robotic_Arm/40_Simulation/cs558/build/ur_simulation_gz' returned '0': AMENT_PREFIX_PATH=/home/lincoln/Marble_Balancing_Robotic_Arm/40_Simulation/cs558/install/ur_description:${AMENT_PREFIX_PATH} CMAKE_PREFIX_PATH=/home/lincoln/Marble_Balancing_Robotic_Arm/40_Simulation/cs558/install/ur_description:/opt/ros/humble /usr/bin/cmake --install /home/lincoln/Marble_Balancing_Robotic_Arm/40_Simulation/cs558/build/ur_simulation_gz
